[2026-03-03 09:52:21.629] [OPT_CLIENT] [EXPERIMENT] 开始模拟 30 个请求， Timeout限制为: 5.0s
[2026-03-03 09:52:22.033] [OPT_CLIENT] [SUCCESS] [REQ-001] - [ML-MODE-3 - Model_Inference] 成功收到响应: (success to processing task_id:[ML-MODE-3] - [Model_Inference]), server_cache: No, gateway_cache: No
[2026-03-03 09:52:22.598] [OPT_CLIENT] [SUCCESS] [REQ-002] - [ML-MODE-2 - Model_Inference] 成功收到响应: (success to processing task_id:[ML-MODE-2] - [Model_Inference]), server_cache: No, gateway_cache: No
[2026-03-03 09:52:28.106] [OPT_CLIENT] [ERROR] [REQ-003] - [ML-MODE-19 - Model_Training] 请求超时（未收到响应）。上报服务端！
[2026-03-03 09:52:28.107] [OPT_CLIENT] [QUEUE_ADD] [REQ-003] 异常记录已写入本地队列。
[2026-03-03 09:52:29.262] [OPT_CLIENT] [SUCCESS] [REQ-004] - [ML-FEAT-28 - Feature_Extraction] 成功收到响应: (failed to processing task_id:[ML-FEAT-28] - [Feature_Extraction]), server_cache: No, gateway_cache: No
[2026-03-03 09:52:29.632] [OPT_CLIENT] [REPORTING] [REQ-003] 异步尝试向服务端上报异常记录 [ML-MODE-19 - Model_Training]...
[2026-03-03 09:52:32.657] [OPT_CLIENT] [REPORT_SUCCESS] [REQ-003] 双向确认完成！从队列移除。
[2026-03-03 09:52:32.727] [OPT_CLIENT] [SUCCESS] [REQ-005] - [ML-MODE-5 - Model_Training] 成功收到响应: (success to processing task_id:[ML-MODE-5] - [Model_Training]), server_cache: No, gateway_cache: No
[2026-03-03 09:52:33.296] [OPT_CLIENT] [SUCCESS] [REQ-006] - [ML-MODE-22 - Model_Inference] 成功收到响应: (failed to processing task_id:[ML-MODE-22] - [Model_Inference]), server_cache: No, gateway_cache: No
[2026-03-03 09:52:34.633] [OPT_CLIENT] [SUCCESS] [REQ-007] - [ML-DATA-7 - Data_Preprocessing] 成功收到响应: (Retry exhausted & No RDS cache), server_cache: No, gateway_cache: No
[2026-03-03 09:52:35.228] [OPT_CLIENT] [SUCCESS] [REQ-008] - [ML-MODE-14 - Model_Inference] 成功收到响应: (success to processing task_id:[ML-MODE-14] - [Model_Inference]), server_cache: No, gateway_cache: No
[2026-03-03 09:52:35.814] [OPT_CLIENT] [SUCCESS] [REQ-009] - [ML-MODE-11 - Model_Training] 成功收到响应: (failed to processing task_id:[ML-MODE-11] - [Model_Training]), server_cache: No, gateway_cache: No
[2026-03-03 09:52:41.327] [OPT_CLIENT] [ERROR] [REQ-010] - [ML-MODE-7 - Model_Training] 请求超时（未收到响应）。上报服务端！
[2026-03-03 09:52:41.328] [OPT_CLIENT] [QUEUE_ADD] [REQ-010] 异常记录已写入本地队列。
[2026-03-03 09:52:42.512] [OPT_CLIENT] [SUCCESS] [REQ-011] - [ML-DATA-4 - Data_Preprocessing] 成功收到响应: (failed to processing task_id:[ML-DATA-4] - [Data_Preprocessing]), server_cache: No, gateway_cache: No
[2026-03-03 09:52:42.662] [OPT_CLIENT] [REPORTING] [REQ-010] 异步尝试向服务端上报异常记录 [ML-MODE-7 - Model_Training]...
[2026-03-03 09:52:42.839] [OPT_CLIENT] [REPORT_SUCCESS] [REQ-010] 双向确认完成！从队列移除。
[2026-03-03 09:52:43.102] [OPT_CLIENT] [SUCCESS] [REQ-012] - [ML-FEAT-6 - Feature_Extraction] 成功收到响应: (failed to processing task_id:[ML-FEAT-6] - [Feature_Extraction]), server_cache: No, gateway_cache: No
[2026-03-03 09:52:43.695] [OPT_CLIENT] [SUCCESS] [REQ-013] - [ML-DATA-24 - Data_Preprocessing] 成功收到响应: (success to processing task_id:[ML-DATA-24] - [Data_Preprocessing]), server_cache: No, gateway_cache: No
[2026-03-03 09:52:44.278] [OPT_CLIENT] [SUCCESS] [REQ-014] - [ML-MODE-5 - Model_Inference] 成功收到响应: (success to processing task_id:[ML-MODE-5] - [Model_Inference]), server_cache: No, gateway_cache: No
[2026-03-03 09:52:44.839] [OPT_CLIENT] [SUCCESS] [REQ-015] - [ML-FEAT-27 - Feature_Extraction] 成功收到响应: (success to processing task_id:[ML-FEAT-27] - [Feature_Extraction]), server_cache: No, gateway_cache: No
[2026-03-03 09:52:45.422] [OPT_CLIENT] [SUCCESS] [REQ-016] - [ML-DATA-21 - Data_Preprocessing] 成功收到响应: (success to processing task_id:[ML-DATA-21] - [Data_Preprocessing]), server_cache: No, gateway_cache: No
[2026-03-03 09:52:50.931] [OPT_CLIENT] [ERROR] [REQ-017] - [ML-MODE-8 - Model_Inference] 请求超时（未收到响应）。上报服务端！
[2026-03-03 09:52:50.932] [OPT_CLIENT] [QUEUE_ADD] [REQ-017] 异常记录已写入本地队列。
[2026-03-03 09:52:52.394] [OPT_CLIENT] [SUCCESS] [REQ-018] - [ML-MODE-26 - Model_Inference] 成功收到响应: (success to processing task_id:[ML-MODE-26] - [Model_Inference]), server_cache: No, gateway_cache: No
[2026-03-03 09:52:52.843] [OPT_CLIENT] [REPORTING] [REQ-017] 异步尝试向服务端上报异常记录 [ML-MODE-8 - Model_Inference]...
[2026-03-03 09:52:53.023] [OPT_CLIENT] [REPORT_SUCCESS] [REQ-017] 双向确认完成！从队列移除。
[2026-03-03 09:52:57.932] [OPT_CLIENT] [ERROR] [REQ-019] - [ML-MODE-30 - Model_Inference] 请求超时（未收到响应）。上报服务端！
[2026-03-03 09:52:57.933] [OPT_CLIENT] [QUEUE_ADD] [REQ-019] 异常记录已写入本地队列。
[2026-03-03 09:52:59.027] [OPT_CLIENT] [REPORTING] [REQ-019] 异步尝试向服务端上报异常记录 [ML-MODE-30 - Model_Inference]...
[2026-03-03 09:52:59.196] [OPT_CLIENT] [SUCCESS] [REQ-020] - [ML-DATA-1 - Data_Preprocessing] 成功收到响应: (success to processing task_id:[ML-DATA-1] - [Data_Preprocessing]), server_cache: No, gateway_cache: No
[2026-03-03 09:52:59.735] [OPT_CLIENT] [REPORT_SUCCESS] [REQ-019] 双向确认完成！从队列移除。
[2026-03-03 09:52:59.795] [OPT_CLIENT] [SUCCESS] [REQ-021] - [ML-DATA-30 - Data_Preprocessing] 成功收到响应: (success to processing task_id:[ML-DATA-30] - [Data_Preprocessing]), server_cache: No, gateway_cache: No
[2026-03-03 09:53:00.633] [OPT_CLIENT] [SUCCESS] [REQ-022] - [ML-DATA-15 - Data_Preprocessing] 成功收到响应: (failed to processing task_id:[ML-DATA-15] - [Data_Preprocessing]), server_cache: No, gateway_cache: No
[2026-03-03 09:53:06.168] [OPT_CLIENT] [ERROR] [REQ-023] - [ML-DATA-14 - Data_Preprocessing] 请求超时（未收到响应）。上报服务端！
[2026-03-03 09:53:06.170] [OPT_CLIENT] [QUEUE_ADD] [REQ-023] 异常记录已写入本地队列。
[2026-03-03 09:53:07.347] [OPT_CLIENT] [SUCCESS] [REQ-024] - [ML-MODE-30 - Model_Training] 成功收到响应: (failed to processing task_id:[ML-MODE-30] - [Model_Training]), server_cache: No, gateway_cache: No
[2026-03-03 09:53:07.739] [OPT_CLIENT] [REPORTING] [REQ-023] 异步尝试向服务端上报异常记录 [ML-DATA-14 - Data_Preprocessing]...
[2026-03-03 09:53:07.909] [OPT_CLIENT] [REPORT_SUCCESS] [REQ-023] 双向确认完成！从队列移除。
[2026-03-03 09:53:07.985] [OPT_CLIENT] [SUCCESS] [REQ-025] - [ML-DATA-30 - Data_Preprocessing] 成功收到响应: (failed to processing task_id:[ML-DATA-30] - [Data_Preprocessing]), server_cache: No, gateway_cache: No
[2026-03-03 09:53:13.511] [OPT_CLIENT] [ERROR] [REQ-026] - [ML-FEAT-24 - Feature_Extraction] 请求超时（未收到响应）。上报服务端！
[2026-03-03 09:53:13.512] [OPT_CLIENT] [QUEUE_ADD] [REQ-026] 异常记录已写入本地队列。
[2026-03-03 09:53:13.913] [OPT_CLIENT] [REPORTING] [REQ-026] 异步尝试向服务端上报异常记录 [ML-FEAT-24 - Feature_Extraction]...
[2026-03-03 09:53:14.743] [OPT_CLIENT] [REPORT_SUCCESS] [REQ-026] 双向确认完成！从队列移除。
[2026-03-03 09:53:14.857] [OPT_CLIENT] [SUCCESS] [REQ-027] - [ML-MODE-12 - Model_Inference] 成功收到响应: (success to processing task_id:[ML-MODE-12] - [Model_Inference]), server_cache: No, gateway_cache: No
[2026-03-03 09:53:20.390] [OPT_CLIENT] [ERROR] [REQ-028] - [ML-DATA-26 - Data_Preprocessing] 请求超时（未收到响应）。上报服务端！
[2026-03-03 09:53:20.392] [OPT_CLIENT] [QUEUE_ADD] [REQ-028] 异常记录已写入本地队列。
[2026-03-03 09:53:20.746] [OPT_CLIENT] [REPORTING] [REQ-028] 异步尝试向服务端上报异常记录 [ML-DATA-26 - Data_Preprocessing]...
[2026-03-03 09:53:21.616] [OPT_CLIENT] [REPORT_SUCCESS] [REQ-028] 双向确认完成！从队列移除。
[2026-03-03 09:53:21.994] [OPT_CLIENT] [SUCCESS] [REQ-029] - [ML-MODE-12 - Model_Inference] 成功收到响应: (failed to processing task_id:[ML-MODE-12] - [Model_Inference]), server_cache: No, gateway_cache: No
[2026-03-03 09:53:22.571] [OPT_CLIENT] [SUCCESS] [REQ-030] - [ML-MODE-12 - Model_Training] 成功收到响应: (success to processing task_id:[ML-MODE-12] - [Model_Training]), server_cache: No, gateway_cache: No
[2026-03-03 09:53:31.075] [OPT_CLIENT] [EXPERIMENT] 实验报告已生成: experiment_results/optimized/result.txt
[2026-03-03 09:53:50.444] [OPT_CLIENT] [EXPERIMENT] 开始模拟 30 个请求， Timeout限制为: 5.0s
[2026-03-03 09:53:51.119] [OPT_CLIENT] [SUCCESS] [REQ-001] - [ML-MODE-14 - Model_Inference] 成功收到响应: (failed to processing task_id:[ML-MODE-14] - [Model_Inference]), server_cache: No, gateway_cache: No
[2026-03-03 09:53:51.707] [OPT_CLIENT] [SUCCESS] [REQ-002] - [ML-DATA-17 - Data_Preprocessing] 成功收到响应: (failed to processing task_id:[ML-DATA-17] - [Data_Preprocessing]), server_cache: No, gateway_cache: No
[2026-03-03 09:53:52.281] [OPT_CLIENT] [SUCCESS] [REQ-003] - [ML-FEAT-8 - Feature_Extraction] 成功收到响应: (success to processing task_id:[ML-FEAT-8] - [Feature_Extraction]), server_cache: No, gateway_cache: No
[2026-03-03 09:53:52.873] [OPT_CLIENT] [SUCCESS] [REQ-004] - [ML-DATA-29 - Data_Preprocessing] 成功收到响应: (success to processing task_id:[ML-DATA-29] - [Data_Preprocessing]), server_cache: No, gateway_cache: No
[2026-03-03 09:53:53.477] [OPT_CLIENT] [SUCCESS] [REQ-005] - [ML-MODE-18 - Model_Inference] 成功收到响应: (failed to processing task_id:[ML-MODE-18] - [Model_Inference]), server_cache: No, gateway_cache: No
[2026-03-03 09:53:54.058] [OPT_CLIENT] [SUCCESS] [REQ-006] - [ML-MODE-5 - Model_Training] 成功收到响应: (failed to processing task_id:[ML-MODE-5] - [Model_Training]), server_cache: No, gateway_cache: No
[2026-03-03 09:53:54.635] [OPT_CLIENT] [SUCCESS] [REQ-007] - [ML-MODE-4 - Model_Training] 成功收到响应: (failed to processing task_id:[ML-MODE-4] - [Model_Training]), server_cache: No, gateway_cache: No
[2026-03-03 09:53:55.219] [OPT_CLIENT] [SUCCESS] [REQ-008] - [ML-DATA-1 - Data_Preprocessing] 成功收到响应: (failed to processing task_id:[ML-DATA-1] - [Data_Preprocessing]), server_cache: No, gateway_cache: No
[2026-03-03 09:53:55.796] [OPT_CLIENT] [SUCCESS] [REQ-009] - [ML-FEAT-11 - Feature_Extraction] 成功收到响应: (failed to processing task_id:[ML-FEAT-11] - [Feature_Extraction]), server_cache: No, gateway_cache: No
[2026-03-03 09:53:56.425] [OPT_CLIENT] [SUCCESS] [REQ-010] - [ML-MODE-13 - Model_Inference] 成功收到响应: (success to processing task_id:[ML-MODE-13] - [Model_Inference]), server_cache: No, gateway_cache: No
[2026-03-03 09:53:57.021] [OPT_CLIENT] [SUCCESS] [REQ-011] - [ML-DATA-30 - Data_Preprocessing] 成功收到响应: (failed to processing task_id:[ML-DATA-30] - [Data_Preprocessing]), server_cache: No, gateway_cache: No
[2026-03-03 09:54:02.540] [OPT_CLIENT] [ERROR] [REQ-012] - [ML-MODE-7 - Model_Training] 请求超时（未收到响应）。上报服务端！
[2026-03-03 09:54:02.543] [OPT_CLIENT] [QUEUE_ADD] [REQ-012] 异常记录已写入本地队列。
[2026-03-03 09:54:04.242] [OPT_CLIENT] [SUCCESS] [REQ-013] - [ML-DATA-23 - Data_Preprocessing] 成功收到响应: (failed to processing task_id:[ML-DATA-23] - [Data_Preprocessing]), server_cache: No, gateway_cache: No
[2026-03-03 09:54:04.451] [OPT_CLIENT] [REPORTING] [REQ-012] 异步尝试向服务端上报异常记录 [ML-MODE-7 - Model_Training]...
[2026-03-03 09:54:04.622] [OPT_CLIENT] [REPORT_SUCCESS] [REQ-012] 双向确认完成！从队列移除。
[2026-03-03 09:54:04.821] [OPT_CLIENT] [SUCCESS] [REQ-014] - [ML-MODE-22 - Model_Inference] 成功收到响应: (success to processing task_id:[ML-MODE-22] - [Model_Inference]), server_cache: No, gateway_cache: No
[2026-03-03 09:54:10.332] [OPT_CLIENT] [ERROR] [REQ-015] - [ML-MODE-15 - Model_Inference] 请求超时（未收到响应）。上报服务端！
[2026-03-03 09:54:10.332] [OPT_CLIENT] [QUEUE_ADD] [REQ-015] 异常记录已写入本地队列。
[2026-03-03 09:54:10.626] [OPT_CLIENT] [REPORTING] [REQ-015] 异步尝试向服务端上报异常记录 [ML-MODE-15 - Model_Inference]...
[2026-03-03 09:54:12.117] [OPT_CLIENT] [REPORT_SUCCESS] [REQ-015] 双向确认完成！从队列移除。
[2026-03-03 09:54:15.845] [OPT_CLIENT] [ERROR] [REQ-016] - [ML-DATA-22 - Data_Preprocessing] 请求超时（未收到响应）。上报服务端！
[2026-03-03 09:54:15.846] [OPT_CLIENT] [QUEUE_ADD] [REQ-016] 异常记录已写入本地队列。
[2026-03-03 09:54:16.119] [OPT_CLIENT] [REPORTING] [REQ-016] 异步尝试向服务端上报异常记录 [ML-DATA-22 - Data_Preprocessing]...
[2026-03-03 09:54:18.382] [OPT_CLIENT] [REPORT_SUCCESS] [REQ-016] 双向确认完成！从队列移除。
[2026-03-03 09:54:21.369] [OPT_CLIENT] [ERROR] [REQ-017] - [ML-MODE-24 - Model_Inference] 请求超时（未收到响应）。上报服务端！
[2026-03-03 09:54:21.372] [OPT_CLIENT] [QUEUE_ADD] [REQ-017] 异常记录已写入本地队列。
[2026-03-03 09:54:22.385] [OPT_CLIENT] [REPORTING] [REQ-017] 异步尝试向服务端上报异常记录 [ML-MODE-24 - Model_Inference]...
[2026-03-03 09:54:24.628] [OPT_CLIENT] [SUCCESS] [REQ-018] - [ML-DATA-25 - Data_Preprocessing] 成功收到响应: (success to processing task_id:[ML-DATA-25] - [Data_Preprocessing]), server_cache: No, gateway_cache: No
[2026-03-03 09:54:24.807] [OPT_CLIENT] [REPORT_SUCCESS] [REQ-017] 双向确认完成！从队列移除。
[2026-03-03 09:54:30.143] [OPT_CLIENT] [ERROR] [REQ-019] - [ML-MODE-19 - Model_Inference] 请求超时（未收到响应）。上报服务端！
[2026-03-03 09:54:30.144] [OPT_CLIENT] [QUEUE_ADD] [REQ-019] 异常记录已写入本地队列。
[2026-03-03 09:54:30.810] [OPT_CLIENT] [REPORTING] [REQ-019] 异步尝试向服务端上报异常记录 [ML-MODE-19 - Model_Inference]...
[2026-03-03 09:54:31.327] [OPT_CLIENT] [SUCCESS] [REQ-020] - [ML-MODE-28 - Model_Training] 成功收到响应: (failed to processing task_id:[ML-MODE-28] - [Model_Training]), server_cache: No, gateway_cache: No
[2026-03-03 09:54:31.503] [OPT_CLIENT] [REPORT_SUCCESS] [REQ-019] 双向确认完成！从队列移除。
[2026-03-03 09:54:31.892] [OPT_CLIENT] [SUCCESS] [REQ-021] - [ML-FEAT-12 - Feature_Extraction] 成功收到响应: (success to processing task_id:[ML-FEAT-12] - [Feature_Extraction]), server_cache: No, gateway_cache: No
[2026-03-03 09:54:32.489] [OPT_CLIENT] [SUCCESS] [REQ-022] - [ML-DATA-9 - Data_Preprocessing] 成功收到响应: (success to processing task_id:[ML-DATA-9] - [Data_Preprocessing]), server_cache: No, gateway_cache: No
[2026-03-03 09:54:38.002] [OPT_CLIENT] [ERROR] [REQ-023] - [ML-FEAT-27 - Feature_Extraction] 请求超时（未收到响应）。上报服务端！
[2026-03-03 09:54:38.003] [OPT_CLIENT] [QUEUE_ADD] [REQ-023] 异常记录已写入本地队列。
[2026-03-03 09:54:39.176] [OPT_CLIENT] [SUCCESS] [REQ-024] - [ML-FEAT-26 - Feature_Extraction] 成功收到响应: (success to processing task_id:[ML-FEAT-26] - [Feature_Extraction]), server_cache: No, gateway_cache: No
[2026-03-03 09:54:39.506] [OPT_CLIENT] [REPORTING] [REQ-023] 异步尝试向服务端上报异常记录 [ML-FEAT-27 - Feature_Extraction]...
[2026-03-03 09:54:39.692] [OPT_CLIENT] [REPORT_SUCCESS] [REQ-023] 双向确认完成！从队列移除。
[2026-03-03 09:54:39.762] [OPT_CLIENT] [SUCCESS] [REQ-025] - [ML-MODE-24 - Model_Inference] 成功收到响应: (failed to processing task_id:[ML-MODE-24] - [Model_Inference]), server_cache: No, gateway_cache: No
[2026-03-03 09:54:45.279] [OPT_CLIENT] [ERROR] [REQ-026] - [ML-MODE-4 - Model_Training] 请求超时（未收到响应）。上报服务端！
[2026-03-03 09:54:45.280] [OPT_CLIENT] [QUEUE_ADD] [REQ-026] 异常记录已写入本地队列。
[2026-03-03 09:54:45.697] [OPT_CLIENT] [REPORTING] [REQ-026] 异步尝试向服务端上报异常记录 [ML-MODE-4 - Model_Training]...
[2026-03-03 09:54:46.498] [OPT_CLIENT] [REPORT_SUCCESS] [REQ-026] 双向确认完成！从队列移除。
[2026-03-03 09:54:46.877] [OPT_CLIENT] [SUCCESS] [REQ-027] - [ML-DATA-8 - Data_Preprocessing] 成功收到响应: (failed to processing task_id:[ML-DATA-8] - [Data_Preprocessing]), server_cache: No, gateway_cache: No
[2026-03-03 09:54:47.441] [OPT_CLIENT] [SUCCESS] [REQ-028] - [ML-MODE-14 - Model_Training] 成功收到响应: (failed to processing task_id:[ML-MODE-14] - [Model_Training]), server_cache: No, gateway_cache: No
[2026-03-03 09:54:48.062] [OPT_CLIENT] [SUCCESS] [REQ-029] - [ML-MODE-6 - Model_Training] 成功收到响应: (success to processing task_id:[ML-MODE-6] - [Model_Training]), server_cache: No, gateway_cache: No
[2026-03-03 09:54:48.649] [OPT_CLIENT] [SUCCESS] [REQ-030] - [ML-MODE-5 - Model_Training] 成功收到响应: (failed to processing task_id:[ML-MODE-5] - [Model_Training]), server_cache: No, gateway_cache: No
[2026-03-03 09:54:57.151] [OPT_CLIENT] [EXPERIMENT] 实验报告已生成: experiment_results/optimized/result.txt
[2026-03-03 09:54:59.253] [OPT_CLIENT] [EXPERIMENT] 开始模拟 30 个请求， Timeout限制为: 5.0s
[2026-03-03 09:54:59.373] [OPT_CLIENT] [SUCCESS] [REQ-001] - [ML-DATA-12 - Data_Preprocessing] 成功收到响应: (success to processing task_id:[ML-DATA-12] - [Data_Preprocessing]), server_cache: No, gateway_cache: No
[2026-03-03 09:54:59.959] [OPT_CLIENT] [SUCCESS] [REQ-002] - [ML-FEAT-11 - Feature_Extraction] 成功收到响应: (failed to processing task_id:[ML-FEAT-11] - [Feature_Extraction]), server_cache: No, gateway_cache: No
[2026-03-03 09:55:05.475] [OPT_CLIENT] [ERROR] [REQ-003] - [ML-MODE-6 - Model_Training] 请求超时（未收到响应）。上报服务端！
[2026-03-03 09:55:05.476] [OPT_CLIENT] [QUEUE_ADD] [REQ-003] 异常记录已写入本地队列。
[2026-03-03 09:55:06.629] [OPT_CLIENT] [SUCCESS] [REQ-004] - [ML-FEAT-9 - Feature_Extraction] 成功收到响应: (failed to processing task_id:[ML-FEAT-9] - [Feature_Extraction]), server_cache: No, gateway_cache: No
[2026-03-03 09:55:07.258] [OPT_CLIENT] [REPORTING] [REQ-003] 异步尝试向服务端上报异常记录 [ML-MODE-6 - Model_Training]...
[2026-03-03 09:55:12.139] [OPT_CLIENT] [ERROR] [REQ-005] - [ML-FEAT-18 - Feature_Extraction] 请求超时（未收到响应）。上报服务端！
[2026-03-03 09:55:12.141] [OPT_CLIENT] [QUEUE_ADD] [REQ-005] 异常记录已写入本地队列。
[2026-03-03 09:55:13.413] [OPT_CLIENT] [REPORT_SUCCESS] [REQ-003] 双向确认完成！从队列移除。
[2026-03-03 09:55:17.658] [OPT_CLIENT] [ERROR] [REQ-006] - [ML-FEAT-19 - Feature_Extraction] 请求超时（未收到响应）。上报服务端！
[2026-03-03 09:55:17.659] [OPT_CLIENT] [QUEUE_ADD] [REQ-006] 异常记录已写入本地队列。
[2026-03-03 09:55:19.417] [OPT_CLIENT] [REPORTING] [REQ-006] 异步尝试向服务端上报异常记录 [ML-FEAT-19 - Feature_Extraction]...
[2026-03-03 09:55:19.642] [OPT_CLIENT] [SUCCESS] [REQ-007] - [ML-MODE-12 - Model_Training] 成功收到响应: (failed to processing task_id:[ML-MODE-12] - [Model_Training]), server_cache: No, gateway_cache: No
[2026-03-03 09:55:19.802] [OPT_CLIENT] [REPORT_SUCCESS] [REQ-006] 双向确认完成！从队列移除。
[2026-03-03 09:55:20.237] [OPT_CLIENT] [SUCCESS] [REQ-008] - [ML-MODE-4 - Model_Training] 成功收到响应: (success to processing task_id:[ML-MODE-4] - [Model_Training]), server_cache: No, gateway_cache: No
[2026-03-03 09:55:21.345] [OPT_CLIENT] [SUCCESS] [REQ-009] - [ML-FEAT-19 - Feature_Extraction] 成功收到响应: (success to processing task_id:[ML-FEAT-19] - [Feature_Extraction]), server_cache: No, gateway_cache: No
[2026-03-03 09:55:21.937] [OPT_CLIENT] [SUCCESS] [REQ-010] - [ML-MODE-3 - Model_Inference] 成功收到响应: (failed to processing task_id:[ML-MODE-3] - [Model_Inference]), server_cache: No, gateway_cache: No
[2026-03-03 09:55:22.527] [OPT_CLIENT] [SUCCESS] [REQ-011] - [ML-DATA-19 - Data_Preprocessing] 成功收到响应: (failed to processing task_id:[ML-DATA-19] - [Data_Preprocessing]), server_cache: No, gateway_cache: No
[2026-03-03 09:55:28.035] [OPT_CLIENT] [ERROR] [REQ-012] - [ML-FEAT-18 - Feature_Extraction] 请求超时（未收到响应）。上报服务端！
[2026-03-03 09:55:28.037] [OPT_CLIENT] [QUEUE_ADD] [REQ-012] 异常记录已写入本地队列。
[2026-03-03 09:55:29.233] [OPT_CLIENT] [SUCCESS] [REQ-013] - [ML-FEAT-8 - Feature_Extraction] 成功收到响应: (success to processing task_id:[ML-FEAT-8] - [Feature_Extraction]), server_cache: No, gateway_cache: No
[2026-03-03 09:55:29.806] [OPT_CLIENT] [REPORTING] [REQ-012] 异步尝试向服务端上报异常记录 [ML-FEAT-18 - Feature_Extraction]...
[2026-03-03 09:55:29.842] [OPT_CLIENT] [SUCCESS] [REQ-014] - [ML-MODE-28 - Model_Training] 成功收到响应: (failed to processing task_id:[ML-MODE-28] - [Model_Training]), server_cache: No, gateway_cache: No
[2026-03-03 09:55:30.024] [OPT_CLIENT] [REPORT_SUCCESS] [REQ-012] 双向确认完成！从队列移除。
[2026-03-03 09:55:30.995] [OPT_CLIENT] [SUCCESS] [REQ-015] - [ML-MODE-19 - Model_Inference] 成功收到响应: (failed to processing task_id:[ML-MODE-19] - [Model_Inference]), server_cache: No, gateway_cache: No
[2026-03-03 09:55:31.582] [OPT_CLIENT] [SUCCESS] [REQ-016] - [ML-MODE-17 - Model_Training] 成功收到响应: (success to processing task_id:[ML-MODE-17] - [Model_Training]), server_cache: No, gateway_cache: No
[2026-03-03 09:55:32.170] [OPT_CLIENT] [SUCCESS] [REQ-017] - [ML-FEAT-7 - Feature_Extraction] 成功收到响应: (success to processing task_id:[ML-FEAT-7] - [Feature_Extraction]), server_cache: No, gateway_cache: No
[2026-03-03 09:55:32.757] [OPT_CLIENT] [SUCCESS] [REQ-018] - [ML-FEAT-13 - Feature_Extraction] 成功收到响应: (failed to processing task_id:[ML-FEAT-13] - [Feature_Extraction]), server_cache: No, gateway_cache: No
[2026-03-03 09:55:33.363] [OPT_CLIENT] [SUCCESS] [REQ-019] - [ML-MODE-28 - Model_Inference] 成功收到响应: (success to processing task_id:[ML-MODE-28] - [Model_Inference]), server_cache: No, gateway_cache: No
[2026-03-03 09:55:33.946] [OPT_CLIENT] [SUCCESS] [REQ-020] - [ML-MODE-23 - Model_Training] 成功收到响应: (failed to processing task_id:[ML-MODE-23] - [Model_Training]), server_cache: No, gateway_cache: No
[2026-03-03 09:55:34.857] [OPT_CLIENT] [SUCCESS] [REQ-021] - [ML-MODE-29 - Model_Inference] 成功收到响应: (failed to processing task_id:[ML-MODE-29] - [Model_Inference]), server_cache: No, gateway_cache: No
[2026-03-03 09:55:35.432] [OPT_CLIENT] [SUCCESS] [REQ-022] - [ML-FEAT-20 - Feature_Extraction] 成功收到响应: (success to processing task_id:[ML-FEAT-20] - [Feature_Extraction]), server_cache: No, gateway_cache: No
[2026-03-03 09:55:36.020] [OPT_CLIENT] [SUCCESS] [REQ-023] - [ML-MODE-24 - Model_Inference] 成功收到响应: (failed to processing task_id:[ML-MODE-24] - [Model_Inference]), server_cache: No, gateway_cache: No
[2026-03-03 09:55:36.604] [OPT_CLIENT] [SUCCESS] [REQ-024] - [ML-MODE-24 - Model_Inference] 成功收到响应: (failed to processing task_id:[ML-MODE-24] - [Model_Inference]), server_cache: No, gateway_cache: No
[2026-03-03 09:55:37.181] [OPT_CLIENT] [SUCCESS] [REQ-025] - [ML-DATA-23 - Data_Preprocessing] 成功收到响应: (failed to processing task_id:[ML-DATA-23] - [Data_Preprocessing]), server_cache: No, gateway_cache: No
[2026-03-03 09:55:38.283] [OPT_CLIENT] [SUCCESS] [REQ-026] - [ML-MODE-14 - Model_Training] 成功收到响应: (success to processing task_id:[ML-MODE-14] - [Model_Training]), server_cache: No, gateway_cache: No
[2026-03-03 09:55:38.871] [OPT_CLIENT] [SUCCESS] [REQ-027] - [ML-FEAT-22 - Feature_Extraction] 成功收到响应: (failed to processing task_id:[ML-FEAT-22] - [Feature_Extraction]), server_cache: No, gateway_cache: No
[2026-03-03 09:55:39.754] [OPT_CLIENT] [SUCCESS] [REQ-028] - [ML-FEAT-4 - Feature_Extraction] 成功收到响应: (failed to processing task_id:[ML-FEAT-4] - [Feature_Extraction]), server_cache: No, gateway_cache: No
[2026-03-03 09:55:45.272] [OPT_CLIENT] [ERROR] [REQ-029] - [ML-MODE-4 - Model_Training] 请求超时（未收到响应）。上报服务端！
[2026-03-03 09:55:45.274] [OPT_CLIENT] [QUEUE_ADD] [REQ-029] 异常记录已写入本地队列。
[2026-03-03 09:55:46.031] [OPT_CLIENT] [REPORTING] [REQ-029] 异步尝试向服务端上报异常记录 [ML-MODE-4 - Model_Training]...
[2026-03-03 09:55:46.709] [OPT_CLIENT] [SUCCESS] [REQ-030] - [ML-MODE-10 - Model_Training] 成功收到响应: (failed to processing task_id:[ML-MODE-10] - [Model_Training]), server_cache: No, gateway_cache: No
[2026-03-03 09:55:46.878] [OPT_CLIENT] [REPORT_SUCCESS] [REQ-029] 双向确认完成！从队列移除。
[2026-03-03 09:56:30.514] [OPT_CLIENT] [EXPERIMENT] 开始模拟 30 个请求， Timeout限制为: 5.0s
[2026-03-03 09:56:30.591] [OPT_CLIENT] [SUCCESS] [REQ-001] - [ML-MODE-1 - Model_Inference] 成功收到响应: (failed to processing task_id:[ML-MODE-1] - [Model_Inference]), server_cache: No, gateway_cache: No
[2026-03-03 09:56:31.216] [OPT_CLIENT] [SUCCESS] [REQ-002] - [ML-MODE-17 - Model_Inference] 成功收到响应: (success to processing task_id:[ML-MODE-17] - [Model_Inference]), server_cache: No, gateway_cache: No
[2026-03-03 09:56:31.806] [OPT_CLIENT] [SUCCESS] [REQ-003] - [ML-FEAT-8 - Feature_Extraction] 成功收到响应: (success to processing task_id:[ML-FEAT-8] - [Feature_Extraction]), server_cache: No, gateway_cache: No
[2026-03-03 09:56:32.394] [OPT_CLIENT] [SUCCESS] [REQ-004] - [ML-DATA-13 - Data_Preprocessing] 成功收到响应: (success to processing task_id:[ML-DATA-13] - [Data_Preprocessing]), server_cache: No, gateway_cache: No
[2026-03-03 09:56:37.925] [OPT_CLIENT] [ERROR] [REQ-005] - [ML-MODE-25 - Model_Training] 请求超时（未收到响应）。上报服务端！
[2026-03-03 09:56:37.926] [OPT_CLIENT] [QUEUE_ADD] [REQ-005] 异常记录已写入本地队列。
[2026-03-03 09:56:38.518] [OPT_CLIENT] [REPORTING] [REQ-005] 异步尝试向服务端上报异常记录 [ML-MODE-25 - Model_Training]...
[2026-03-03 09:56:43.435] [OPT_CLIENT] [ERROR] [REQ-006] - [ML-DATA-3 - Data_Preprocessing] 请求超时（未收到响应）。上报服务端！
[2026-03-03 09:56:43.437] [OPT_CLIENT] [QUEUE_ADD] [REQ-006] 异常记录已写入本地队列。
[2026-03-03 09:56:46.690] [OPT_CLIENT] [REPORT_SUCCESS] [REQ-005] 双向确认完成！从队列移除。
[2026-03-03 09:56:46.805] [OPT_CLIENT] [SUCCESS] [REQ-007] - [ML-MODE-7 - Model_Training] 成功收到响应: (failed to processing task_id:[ML-MODE-7] - [Model_Training]), server_cache: No, gateway_cache: No
[2026-03-03 09:56:47.648] [OPT_CLIENT] [SUCCESS] [REQ-008] - [ML-MODE-21 - Model_Inference] 成功收到响应: (success to processing task_id:[ML-MODE-21] - [Model_Inference]), server_cache: No, gateway_cache: No
[2026-03-03 09:56:53.173] [OPT_CLIENT] [ERROR] [REQ-009] - [ML-MODE-20 - Model_Training] 请求超时（未收到响应）。上报服务端！
[2026-03-03 09:56:53.175] [OPT_CLIENT] [QUEUE_ADD] [REQ-009] 异常记录已写入本地队列。
[2026-03-03 09:56:54.695] [OPT_CLIENT] [REPORTING] [REQ-009] 异步尝试向服务端上报异常记录 [ML-MODE-20 - Model_Training]...
[2026-03-03 09:56:58.703] [OPT_CLIENT] [ERROR] [REQ-010] - [ML-FEAT-10 - Feature_Extraction] 请求超时（未收到响应）。上报服务端！
[2026-03-03 09:56:58.705] [OPT_CLIENT] [QUEUE_ADD] [REQ-010] 异常记录已写入本地队列。
[2026-03-03 09:57:00.492] [OPT_CLIENT] [REPORT_SUCCESS] [REQ-009] 双向确认完成！从队列移除。
[2026-03-03 09:57:00.610] [OPT_CLIENT] [SUCCESS] [REQ-011] - [ML-MODE-4 - Model_Inference] 成功收到响应: (failed to processing task_id:[ML-MODE-4] - [Model_Inference]), server_cache: No, gateway_cache: No
[2026-03-03 09:57:01.194] [OPT_CLIENT] [SUCCESS] [REQ-012] - [ML-DATA-6 - Data_Preprocessing] 成功收到响应: (success to processing task_id:[ML-DATA-6] - [Data_Preprocessing]), server_cache: No, gateway_cache: No
[2026-03-03 09:57:01.775] [OPT_CLIENT] [SUCCESS] [REQ-013] - [ML-MODE-10 - Model_Inference] 成功收到响应: (success to processing task_id:[ML-MODE-10] - [Model_Inference]), server_cache: No, gateway_cache: No
[2026-03-03 09:57:02.373] [OPT_CLIENT] [SUCCESS] [REQ-014] - [ML-MODE-23 - Model_Training] 成功收到响应: (success to processing task_id:[ML-MODE-23] - [Model_Training]), server_cache: No, gateway_cache: No
[2026-03-03 09:57:02.969] [OPT_CLIENT] [SUCCESS] [REQ-015] - [ML-DATA-16 - Data_Preprocessing] 成功收到响应: (success to processing task_id:[ML-DATA-16] - [Data_Preprocessing]), server_cache: No, gateway_cache: No
[2026-03-03 09:57:03.545] [OPT_CLIENT] [SUCCESS] [REQ-016] - [ML-MODE-15 - Model_Inference] 成功收到响应: (success to processing task_id:[ML-MODE-15] - [Model_Inference]), server_cache: No, gateway_cache: No
[2026-03-03 09:57:04.128] [OPT_CLIENT] [SUCCESS] [REQ-017] - [ML-MODE-19 - Model_Training] 成功收到响应: (failed to processing task_id:[ML-MODE-19] - [Model_Training]), server_cache: No, gateway_cache: No
[2026-03-03 09:57:04.690] [OPT_CLIENT] [SUCCESS] [REQ-018] - [ML-MODE-8 - Model_Training] 成功收到响应: (success to processing task_id:[ML-MODE-8] - [Model_Training]), server_cache: No, gateway_cache: No
[2026-03-03 09:57:05.298] [OPT_CLIENT] [SUCCESS] [REQ-019] - [ML-MODE-30 - Model_Training] 成功收到响应: (success to processing task_id:[ML-MODE-30] - [Model_Training]), server_cache: No, gateway_cache: No
[2026-03-03 09:57:06.123] [OPT_CLIENT] [SUCCESS] [REQ-020] - [ML-MODE-10 - Model_Training] 成功收到响应: (failed to processing task_id:[ML-MODE-10] - [Model_Training]), server_cache: No, gateway_cache: No
[2026-03-03 09:57:11.640] [OPT_CLIENT] [ERROR] [REQ-021] - [ML-MODE-7 - Model_Inference] 请求超时（未收到响应）。上报服务端！
[2026-03-03 09:57:11.641] [OPT_CLIENT] [QUEUE_ADD] [REQ-021] 异常记录已写入本地队列。
[2026-03-03 09:57:12.497] [OPT_CLIENT] [REPORTING] [REQ-021] 异步尝试向服务端上报异常记录 [ML-MODE-7 - Model_Inference]...
[2026-03-03 09:57:17.155] [OPT_CLIENT] [ERROR] [REQ-022] - [ML-MODE-8 - Model_Inference] 请求超时（未收到响应）。上报服务端！
[2026-03-03 09:57:17.157] [OPT_CLIENT] [QUEUE_ADD] [REQ-022] 异常记录已写入本地队列。
[2026-03-03 09:57:18.948] [OPT_CLIENT] [REPORT_SUCCESS] [REQ-021] 双向确认完成！从队列移除。
[2026-03-03 09:57:19.342] [OPT_CLIENT] [SUCCESS] [REQ-023] - [ML-MODE-27 - Model_Training] 成功收到响应: (success to processing task_id:[ML-MODE-27] - [Model_Training]), server_cache: No, gateway_cache: No
[2026-03-03 09:57:19.908] [OPT_CLIENT] [SUCCESS] [REQ-024] - [ML-DATA-5 - Data_Preprocessing] 成功收到响应: (success to processing task_id:[ML-DATA-5] - [Data_Preprocessing]), server_cache: No, gateway_cache: No
[2026-03-03 09:57:20.492] [OPT_CLIENT] [SUCCESS] [REQ-025] - [ML-MODE-10 - Model_Training] 成功收到响应: (success to processing task_id:[ML-MODE-10] - [Model_Training]), server_cache: No, gateway_cache: No
[2026-03-03 09:57:21.072] [OPT_CLIENT] [SUCCESS] [REQ-026] - [ML-DATA-28 - Data_Preprocessing] 成功收到响应: (success to processing task_id:[ML-DATA-28] - [Data_Preprocessing]), server_cache: No, gateway_cache: No
[2026-03-03 09:57:26.577] [OPT_CLIENT] [ERROR] [REQ-027] - [ML-MODE-9 - Model_Training] 请求超时（未收到响应）。上报服务端！
[2026-03-03 09:57:26.578] [OPT_CLIENT] [QUEUE_ADD] [REQ-027] 异常记录已写入本地队列。
[2026-03-03 09:57:26.954] [OPT_CLIENT] [REPORTING] [REQ-027] 异步尝试向服务端上报异常记录 [ML-MODE-9 - Model_Training]...
[2026-03-03 09:57:28.057] [OPT_CLIENT] [REPORT_SUCCESS] [REQ-027] 双向确认完成！从队列移除。
[2026-03-03 09:57:28.464] [OPT_CLIENT] [SUCCESS] [REQ-028] - [ML-DATA-5 - Data_Preprocessing] 成功收到响应: (success to processing task_id:[ML-DATA-5] - [Data_Preprocessing]), server_cache: No, gateway_cache: No
[2026-03-03 09:57:29.059] [OPT_CLIENT] [SUCCESS] [REQ-029] - [ML-MODE-16 - Model_Inference] 成功收到响应: (failed to processing task_id:[ML-MODE-16] - [Model_Inference]), server_cache: No, gateway_cache: No
[2026-03-03 09:57:29.879] [OPT_CLIENT] [SUCCESS] [REQ-030] - [ML-DATA-19 - Data_Preprocessing] 成功收到响应: (failed to processing task_id:[ML-DATA-19] - [Data_Preprocessing]), server_cache: No, gateway_cache: No
[2026-03-03 09:57:38.383] [OPT_CLIENT] [EXPERIMENT] 实验报告已生成: experiment_results/optimized/result.txt
[2026-03-03 10:06:40.011] [OPT_CLIENT] [EXPERIMENT] 开始模拟 30 个请求， Timeout限制为: 5.0s
[2026-03-03 10:06:45.019] [OPT_CLIENT] [ERROR] [REQ-001] - [ML-MODE-12 - Model_Inference] 请求超时（未收到响应）。上报服务端！
[2026-03-03 10:06:45.021] [OPT_CLIENT] [QUEUE_ADD] [REQ-001] 异常记录已写入本地队列。
[2026-03-03 10:06:46.014] [OPT_CLIENT] [REPORTING] [REQ-001] 异步尝试向服务端上报异常记录 [ML-MODE-12 - Model_Inference]...
[2026-03-03 10:06:46.519] [OPT_CLIENT] [SUCCESS] [REQ-002] - [ML-DATA-9 - Data_Preprocessing] 成功收到响应: (failed to processing task_id:[ML-DATA-9] - [Data_Preprocessing]), server_cache: No, gateway_cache: No
[2026-03-03 10:06:47.735] [OPT_CLIENT] [REPORT_SUCCESS] [REQ-001] 双向确认完成！从队列移除。
[2026-03-03 10:06:48.073] [OPT_CLIENT] [SUCCESS] [REQ-003] - [ML-MODE-3 - Model_Training] 成功收到响应: (failed to processing task_id:[ML-MODE-3] - [Model_Training]), server_cache: No, gateway_cache: No
[2026-03-03 10:06:53.595] [OPT_CLIENT] [ERROR] [REQ-004] - [ML-MODE-15 - Model_Inference] 请求超时（未收到响应）。上报服务端！
[2026-03-03 10:06:53.596] [OPT_CLIENT] [QUEUE_ADD] [REQ-004] 异常记录已写入本地队列。
[2026-03-03 10:06:53.738] [OPT_CLIENT] [REPORTING] [REQ-004] 异步尝试向服务端上报异常记录 [ML-MODE-15 - Model_Inference]...
[2026-03-03 10:06:55.077] [OPT_CLIENT] [REPORT_SUCCESS] [REQ-004] 双向确认完成！从队列移除。
[2026-03-03 10:06:55.183] [OPT_CLIENT] [SUCCESS] [REQ-005] - [ML-MODE-1 - Model_Training] 成功收到响应: (failed to processing task_id:[ML-MODE-1] - [Model_Training]), server_cache: No, gateway_cache: No
[2026-03-03 10:06:55.745] [OPT_CLIENT] [SUCCESS] [REQ-006] - [ML-MODE-3 - Model_Inference] 成功收到响应: (failed to processing task_id:[ML-MODE-3] - [Model_Inference]), server_cache: No, gateway_cache: No
[2026-03-03 10:06:56.311] [OPT_CLIENT] [SUCCESS] [REQ-007] - [ML-MODE-10 - Model_Training] 成功收到响应: (failed to processing task_id:[ML-MODE-10] - [Model_Training]), server_cache: No, gateway_cache: No
[2026-03-03 10:06:56.876] [OPT_CLIENT] [SUCCESS] [REQ-008] - [ML-DATA-8 - Data_Preprocessing] 成功收到响应: (success to processing task_id:[ML-DATA-8] - [Data_Preprocessing]), server_cache: No, gateway_cache: No
[2026-03-03 10:06:57.472] [OPT_CLIENT] [SUCCESS] [REQ-009] - [ML-MODE-6 - Model_Training] 成功收到响应: (failed to processing task_id:[ML-MODE-6] - [Model_Training]), server_cache: No, gateway_cache: No
[2026-03-03 10:06:58.063] [OPT_CLIENT] [SUCCESS] [REQ-010] - [ML-MODE-11 - Model_Training] 成功收到响应: (success to processing task_id:[ML-MODE-11] - [Model_Training]), server_cache: No, gateway_cache: No
[2026-03-03 10:06:58.624] [OPT_CLIENT] [SUCCESS] [REQ-011] - [ML-MODE-19 - Model_Training] 成功收到响应: (failed to processing task_id:[ML-MODE-19] - [Model_Training]), server_cache: No, gateway_cache: No
[2026-03-03 10:06:59.194] [OPT_CLIENT] [SUCCESS] [REQ-012] - [ML-DATA-15 - Data_Preprocessing] 成功收到响应: (failed to processing task_id:[ML-DATA-15] - [Data_Preprocessing]), server_cache: No, gateway_cache: No
[2026-03-03 10:07:00.105] [OPT_CLIENT] [SUCCESS] [REQ-013] - [ML-FEAT-19 - Feature_Extraction] 成功收到响应: (success to processing task_id:[ML-FEAT-19] - [Feature_Extraction]), server_cache: No, gateway_cache: No
[2026-03-03 10:07:00.946] [OPT_CLIENT] [SUCCESS] [REQ-014] - [ML-FEAT-17 - Feature_Extraction] 成功收到响应: (success to processing task_id:[ML-FEAT-17] - [Feature_Extraction]), server_cache: No, gateway_cache: No
[2026-03-03 10:07:01.520] [OPT_CLIENT] [SUCCESS] [REQ-015] - [ML-FEAT-25 - Feature_Extraction] 成功收到响应: (failed to processing task_id:[ML-FEAT-25] - [Feature_Extraction]), server_cache: No, gateway_cache: No
[2026-03-03 10:07:07.029] [OPT_CLIENT] [ERROR] [REQ-016] - [ML-DATA-22 - Data_Preprocessing] 请求超时（未收到响应）。上报服务端！
[2026-03-03 10:07:07.030] [OPT_CLIENT] [QUEUE_ADD] [REQ-016] 异常记录已写入本地队列。
[2026-03-03 10:07:07.083] [OPT_CLIENT] [REPORTING] [REQ-016] 异步尝试向服务端上报异常记录 [ML-DATA-22 - Data_Preprocessing]...
[2026-03-03 10:07:08.232] [OPT_CLIENT] [REPORT_SUCCESS] [REQ-016] 双向确认完成！从队列移除。
[2026-03-03 10:07:08.332] [OPT_CLIENT] [SUCCESS] [REQ-017] - [ML-MODE-30 - Model_Training] 成功收到响应: (failed to processing task_id:[ML-MODE-30] - [Model_Training]), server_cache: No, gateway_cache: No
[2026-03-03 10:07:13.864] [OPT_CLIENT] [ERROR] [REQ-018] - [ML-MODE-7 - Model_Inference] 请求超时（未收到响应）。上报服务端！
[2026-03-03 10:07:13.864] [OPT_CLIENT] [QUEUE_ADD] [REQ-018] 异常记录已写入本地队列。
[2026-03-03 10:07:14.236] [OPT_CLIENT] [REPORTING] [REQ-018] 异步尝试向服务端上报异常记录 [ML-MODE-7 - Model_Inference]...
[2026-03-03 10:07:15.066] [OPT_CLIENT] [REPORT_SUCCESS] [REQ-018] 双向确认完成！从队列移除。
[2026-03-03 10:07:15.162] [OPT_CLIENT] [SUCCESS] [REQ-019] - [ML-FEAT-16 - Feature_Extraction] 成功收到响应: (failed to processing task_id:[ML-FEAT-16] - [Feature_Extraction]), server_cache: No, gateway_cache: No
[2026-03-03 10:07:15.762] [OPT_CLIENT] [SUCCESS] [REQ-020] - [ML-MODE-10 - Model_Inference] 成功收到响应: (success to processing task_id:[ML-MODE-10] - [Model_Inference]), server_cache: No, gateway_cache: No
[2026-03-03 10:07:16.342] [OPT_CLIENT] [SUCCESS] [REQ-021] - [ML-FEAT-27 - Feature_Extraction] 成功收到响应: (success to processing task_id:[ML-FEAT-27] - [Feature_Extraction]), server_cache: No, gateway_cache: No
[2026-03-03 10:07:21.859] [OPT_CLIENT] [ERROR] [REQ-022] - [ML-FEAT-1 - Feature_Extraction] 请求超时（未收到响应）。上报服务端！
[2026-03-03 10:07:21.860] [OPT_CLIENT] [QUEUE_ADD] [REQ-022] 异常记录已写入本地队列。
[2026-03-03 10:07:23.070] [OPT_CLIENT] [REPORTING] [REQ-022] 异步尝试向服务端上报异常记录 [ML-FEAT-1 - Feature_Extraction]...
[2026-03-03 10:07:27.377] [OPT_CLIENT] [ERROR] [REQ-023] - [ML-DATA-26 - Data_Preprocessing] 请求超时（未收到响应）。上报服务端！
[2026-03-03 10:07:27.378] [OPT_CLIENT] [QUEUE_ADD] [REQ-023] 异常记录已写入本地队列。
[2026-03-03 10:07:29.169] [OPT_CLIENT] [REPORT_SUCCESS] [REQ-022] 双向确认完成！从队列移除。
[2026-03-03 10:07:32.890] [OPT_CLIENT] [ERROR] [REQ-024] - [ML-DATA-20 - Data_Preprocessing] 请求超时（未收到响应）。上报服务端！
[2026-03-03 10:07:32.892] [OPT_CLIENT] [QUEUE_ADD] [REQ-024] 异常记录已写入本地队列。
[2026-03-03 10:07:33.171] [OPT_CLIENT] [REPORTING] [REQ-024] 异步尝试向服务端上报异常记录 [ML-DATA-20 - Data_Preprocessing]...
[2026-03-03 10:07:35.420] [OPT_CLIENT] [REPORT_SUCCESS] [REQ-024] 双向确认完成！从队列移除。
[2026-03-03 10:07:35.529] [OPT_CLIENT] [SUCCESS] [REQ-025] - [ML-FEAT-18 - Feature_Extraction] 成功收到响应: (success to processing task_id:[ML-FEAT-18] - [Feature_Extraction]), server_cache: No, gateway_cache: No
[2026-03-03 10:07:41.044] [OPT_CLIENT] [ERROR] [REQ-026] - [ML-DATA-15 - Data_Preprocessing] 请求超时（未收到响应）。上报服务端！
[2026-03-03 10:07:41.048] [OPT_CLIENT] [QUEUE_ADD] [REQ-026] 异常记录已写入本地队列。
[2026-03-03 10:07:41.423] [OPT_CLIENT] [REPORTING] [REQ-026] 异步尝试向服务端上报异常记录 [ML-DATA-15 - Data_Preprocessing]...
[2026-03-03 10:07:42.514] [OPT_CLIENT] [REPORT_SUCCESS] [REQ-026] 双向确认完成！从队列移除。
[2026-03-03 10:07:42.614] [OPT_CLIENT] [SUCCESS] [REQ-027] - [ML-MODE-25 - Model_Training] 成功收到响应: (success to processing task_id:[ML-MODE-25] - [Model_Training]), server_cache: No, gateway_cache: No
[2026-03-03 10:07:48.149] [OPT_CLIENT] [ERROR] [REQ-028] - [ML-DATA-2 - Data_Preprocessing] 请求超时（未收到响应）。上报服务端！
[2026-03-03 10:07:48.151] [OPT_CLIENT] [QUEUE_ADD] [REQ-028] 异常记录已写入本地队列。
[2026-03-03 10:07:48.518] [OPT_CLIENT] [REPORTING] [REQ-028] 异步尝试向服务端上报异常记录 [ML-DATA-2 - Data_Preprocessing]...
[2026-03-03 10:07:49.339] [OPT_CLIENT] [REPORT_SUCCESS] [REQ-028] 双向确认完成！从队列移除。
[2026-03-03 10:07:49.437] [OPT_CLIENT] [SUCCESS] [REQ-029] - [ML-MODE-11 - Model_Inference] 成功收到响应: (failed to processing task_id:[ML-MODE-11] - [Model_Inference]), server_cache: No, gateway_cache: No
[2026-03-03 10:07:50.275] [OPT_CLIENT] [SUCCESS] [REQ-030] - [ML-DATA-29 - Data_Preprocessing] 成功收到响应: (failed to processing task_id:[ML-DATA-29] - [Data_Preprocessing]), server_cache: No, gateway_cache: No
[2026-03-03 10:07:58.777] [OPT_CLIENT] [EXPERIMENT] 实验报告已生成: experiment_results/optimized/result.txt
