[2026-03-03 09:52:10.576] [OPT_GATEWAY] [ERROR] RDS 数据库初始化失败，请检查网络或白名单: (2003, "Can't connect to MySQL server on 'dbinstance.ccljabrlaulk.us-east-1.rds.amazonaws.com' ([Errno 11001] getaddrinfo failed)")
[2026-03-03 09:52:10.632] [OPT_GATEWAY] [START] 网关启动，监听 127.0.0.1:8080 ...
[2026-03-03 09:52:21.716] [OPT_GATEWAY] [SUCCESS] [REQ-001] [第 1 次尝试]
[2026-03-03 09:52:21.717] [OPT_GATEWAY] [WARNING] [REQ-001] 模拟上游网络丢包。触发网关对 Model_Inference 任务的自适应重试！
[2026-03-03 09:52:21.717] [OPT_GATEWAY] [RETRY] [REQ-001] [第 1 次尝试] 获取响应失败，重试中...
[2026-03-03 09:52:21.987] [OPT_GATEWAY] [SUCCESS] [REQ-001] [第 2 次尝试]
[2026-03-03 09:52:22.030] [OPT_GATEWAY] [ERROR] 写入 RDS 缓存失败: (2003, "Can't connect to MySQL server on 'dbinstance.ccljabrlaulk.us-east-1.rds.amazonaws.com' ([Errno 11001] getaddrinfo failed)")
[2026-03-03 09:52:22.031] [OPT_GATEWAY] [SUCCESS] 成功拿到服务端响应。
[2026-03-03 09:52:22.594] [OPT_GATEWAY] [SUCCESS] [REQ-002] [第 1 次尝试]
[2026-03-03 09:52:22.596] [OPT_GATEWAY] [ERROR] 写入 RDS 缓存失败: (2003, "Can't connect to MySQL server on 'dbinstance.ccljabrlaulk.us-east-1.rds.amazonaws.com' ([Errno 11001] getaddrinfo failed)")
[2026-03-03 09:52:22.596] [OPT_GATEWAY] [SUCCESS] 成功拿到服务端响应。
[2026-03-03 09:52:23.159] [OPT_GATEWAY] [SUCCESS] [REQ-003] [第 1 次尝试]
[2026-03-03 09:52:23.160] [OPT_GATEWAY] [ERROR] 写入 RDS 缓存失败: (2003, "Can't connect to MySQL server on 'dbinstance.ccljabrlaulk.us-east-1.rds.amazonaws.com' ([Errno 11001] getaddrinfo failed)")
[2026-03-03 09:52:23.161] [OPT_GATEWAY] [SUCCESS] 成功拿到服务端响应。
[2026-03-03 09:52:23.161] [OPT_GATEWAY] [FAULT] [REQ-003] 模拟下游网络丢包(Gateway->Client)。导致客户端超时！
[2026-03-03 09:52:29.218] [OPT_GATEWAY] [SUCCESS] [REQ-004] [第 1 次尝试]
[2026-03-03 09:52:29.260] [OPT_GATEWAY] [ERROR] 写入 RDS 缓存失败: (2003, "Can't connect to MySQL server on 'dbinstance.ccljabrlaulk.us-east-1.rds.amazonaws.com' ([Errno 11001] getaddrinfo failed)")
[2026-03-03 09:52:29.260] [OPT_GATEWAY] [SUCCESS] 成功拿到服务端响应。
[2026-03-03 09:52:32.723] [OPT_GATEWAY] [SUCCESS] [REQ-005] [第 1 次尝试]
[2026-03-03 09:52:32.725] [OPT_GATEWAY] [ERROR] 写入 RDS 缓存失败: (2003, "Can't connect to MySQL server on 'dbinstance.ccljabrlaulk.us-east-1.rds.amazonaws.com' ([Errno 11001] getaddrinfo failed)")
[2026-03-03 09:52:32.726] [OPT_GATEWAY] [SUCCESS] 成功拿到服务端响应。
[2026-03-03 09:52:33.290] [OPT_GATEWAY] [SUCCESS] [REQ-006] [第 1 次尝试]
[2026-03-03 09:52:33.293] [OPT_GATEWAY] [ERROR] 写入 RDS 缓存失败: (2003, "Can't connect to MySQL server on 'dbinstance.ccljabrlaulk.us-east-1.rds.amazonaws.com' ([Errno 11001] getaddrinfo failed)")
[2026-03-03 09:52:33.294] [OPT_GATEWAY] [SUCCESS] 成功拿到服务端响应。
[2026-03-03 09:52:33.870] [OPT_GATEWAY] [SUCCESS] [REQ-007] [第 1 次尝试]
[2026-03-03 09:52:33.871] [OPT_GATEWAY] [WARNING] [REQ-007] 模拟上游网络丢包。触发网关对 Data_Preprocessing 任务的自适应重试！
[2026-03-03 09:52:33.872] [OPT_GATEWAY] [RETRY] [REQ-007] [第 1 次尝试] 获取响应失败，重试中...
[2026-03-03 09:52:34.130] [OPT_GATEWAY] [SUCCESS] [REQ-007] [第 2 次尝试]
[2026-03-03 09:52:34.131] [OPT_GATEWAY] [WARNING] [REQ-007] 模拟上游网络丢包。触发网关对 Data_Preprocessing 任务的自适应重试！
[2026-03-03 09:52:34.132] [OPT_GATEWAY] [RETRY] [REQ-007] [第 2 次尝试] 获取响应失败，重试中...
[2026-03-03 09:52:34.389] [OPT_GATEWAY] [SUCCESS] [REQ-007] [第 3 次尝试]
[2026-03-03 09:52:34.390] [OPT_GATEWAY] [WARNING] [REQ-007] 模拟上游网络丢包。触发网关对 Data_Preprocessing 任务的自适应重试！
[2026-03-03 09:52:34.390] [OPT_GATEWAY] [RETRY] [REQ-007] [第 3 次尝试] 获取响应失败，重试中...
[2026-03-03 09:52:34.591] [OPT_GATEWAY] [DEGRADE_START] [REQ-007] 重试完全耗尽，正从 AWS RDS 提取兜底缓存...
[2026-03-03 09:52:34.631] [OPT_GATEWAY] [ERROR] 读取 RDS 缓存失败: (2003, "Can't connect to MySQL server on 'dbinstance.ccljabrlaulk.us-east-1.rds.amazonaws.com' ([Errno 11001] getaddrinfo failed)")
[2026-03-03 09:52:34.632] [OPT_GATEWAY] [DEGRADE_MISS] [REQ-007] RDS 中无 Data_Preprocessing 缓存，请求彻底失败。
[2026-03-03 09:52:35.226] [OPT_GATEWAY] [SUCCESS] [REQ-008] [第 1 次尝试]
[2026-03-03 09:52:35.227] [OPT_GATEWAY] [ERROR] 写入 RDS 缓存失败: (2003, "Can't connect to MySQL server on 'dbinstance.ccljabrlaulk.us-east-1.rds.amazonaws.com' ([Errno 11001] getaddrinfo failed)")
[2026-03-03 09:52:35.227] [OPT_GATEWAY] [SUCCESS] 成功拿到服务端响应。
[2026-03-03 09:52:35.810] [OPT_GATEWAY] [SUCCESS] [REQ-009] [第 1 次尝试]
[2026-03-03 09:52:35.812] [OPT_GATEWAY] [ERROR] 写入 RDS 缓存失败: (2003, "Can't connect to MySQL server on 'dbinstance.ccljabrlaulk.us-east-1.rds.amazonaws.com' ([Errno 11001] getaddrinfo failed)")
[2026-03-03 09:52:35.813] [OPT_GATEWAY] [SUCCESS] 成功拿到服务端响应。
[2026-03-03 09:52:36.397] [OPT_GATEWAY] [SUCCESS] [REQ-010] [第 1 次尝试]
[2026-03-03 09:52:36.405] [OPT_GATEWAY] [ERROR] 写入 RDS 缓存失败: (2003, "Can't connect to MySQL server on 'dbinstance.ccljabrlaulk.us-east-1.rds.amazonaws.com' ([Errno 11001] getaddrinfo failed)")
[2026-03-03 09:52:36.406] [OPT_GATEWAY] [SUCCESS] 成功拿到服务端响应。
[2026-03-03 09:52:36.406] [OPT_GATEWAY] [FAULT] [REQ-010] 模拟下游网络丢包(Gateway->Client)。导致客户端超时！
[2026-03-03 09:52:42.467] [OPT_GATEWAY] [SUCCESS] [REQ-011] [第 1 次尝试]
[2026-03-03 09:52:42.508] [OPT_GATEWAY] [ERROR] 写入 RDS 缓存失败: (2003, "Can't connect to MySQL server on 'dbinstance.ccljabrlaulk.us-east-1.rds.amazonaws.com' ([Errno 11001] getaddrinfo failed)")
[2026-03-03 09:52:42.509] [OPT_GATEWAY] [SUCCESS] 成功拿到服务端响应。
[2026-03-03 09:52:43.098] [OPT_GATEWAY] [SUCCESS] [REQ-012] [第 1 次尝试]
[2026-03-03 09:52:43.100] [OPT_GATEWAY] [ERROR] 写入 RDS 缓存失败: (2003, "Can't connect to MySQL server on 'dbinstance.ccljabrlaulk.us-east-1.rds.amazonaws.com' ([Errno 11001] getaddrinfo failed)")
[2026-03-03 09:52:43.100] [OPT_GATEWAY] [SUCCESS] 成功拿到服务端响应。
[2026-03-03 09:52:43.690] [OPT_GATEWAY] [SUCCESS] [REQ-013] [第 1 次尝试]
[2026-03-03 09:52:43.692] [OPT_GATEWAY] [ERROR] 写入 RDS 缓存失败: (2003, "Can't connect to MySQL server on 'dbinstance.ccljabrlaulk.us-east-1.rds.amazonaws.com' ([Errno 11001] getaddrinfo failed)")
[2026-03-03 09:52:43.693] [OPT_GATEWAY] [SUCCESS] 成功拿到服务端响应。
[2026-03-03 09:52:44.273] [OPT_GATEWAY] [SUCCESS] [REQ-014] [第 1 次尝试]
[2026-03-03 09:52:44.275] [OPT_GATEWAY] [ERROR] 写入 RDS 缓存失败: (2003, "Can't connect to MySQL server on 'dbinstance.ccljabrlaulk.us-east-1.rds.amazonaws.com' ([Errno 11001] getaddrinfo failed)")
[2026-03-03 09:52:44.276] [OPT_GATEWAY] [SUCCESS] 成功拿到服务端响应。
[2026-03-03 09:52:44.836] [OPT_GATEWAY] [SUCCESS] [REQ-015] [第 1 次尝试]
[2026-03-03 09:52:44.837] [OPT_GATEWAY] [ERROR] 写入 RDS 缓存失败: (2003, "Can't connect to MySQL server on 'dbinstance.ccljabrlaulk.us-east-1.rds.amazonaws.com' ([Errno 11001] getaddrinfo failed)")
[2026-03-03 09:52:44.838] [OPT_GATEWAY] [SUCCESS] 成功拿到服务端响应。
[2026-03-03 09:52:45.420] [OPT_GATEWAY] [SUCCESS] [REQ-016] [第 1 次尝试]
[2026-03-03 09:52:45.421] [OPT_GATEWAY] [ERROR] 写入 RDS 缓存失败: (2003, "Can't connect to MySQL server on 'dbinstance.ccljabrlaulk.us-east-1.rds.amazonaws.com' ([Errno 11001] getaddrinfo failed)")
[2026-03-03 09:52:45.421] [OPT_GATEWAY] [SUCCESS] 成功拿到服务端响应。
[2026-03-03 09:52:45.998] [OPT_GATEWAY] [SUCCESS] [REQ-017] [第 1 次尝试]
[2026-03-03 09:52:46.000] [OPT_GATEWAY] [ERROR] 写入 RDS 缓存失败: (2003, "Can't connect to MySQL server on 'dbinstance.ccljabrlaulk.us-east-1.rds.amazonaws.com' ([Errno 11001] getaddrinfo failed)")
[2026-03-03 09:52:46.001] [OPT_GATEWAY] [SUCCESS] 成功拿到服务端响应。
[2026-03-03 09:52:46.001] [OPT_GATEWAY] [FAULT] [REQ-017] 模拟下游网络丢包(Gateway->Client)。导致客户端超时！
[2026-03-03 09:52:52.072] [OPT_GATEWAY] [SUCCESS] [REQ-018] [第 1 次尝试]
[2026-03-03 09:52:52.073] [OPT_GATEWAY] [WARNING] [REQ-018] 模拟上游网络丢包。触发网关对 Model_Inference 任务的自适应重试！
[2026-03-03 09:52:52.073] [OPT_GATEWAY] [RETRY] [REQ-018] [第 1 次尝试] 获取响应失败，重试中...
[2026-03-03 09:52:52.346] [OPT_GATEWAY] [SUCCESS] [REQ-018] [第 2 次尝试]
[2026-03-03 09:52:52.390] [OPT_GATEWAY] [ERROR] 写入 RDS 缓存失败: (2003, "Can't connect to MySQL server on 'dbinstance.ccljabrlaulk.us-east-1.rds.amazonaws.com' ([Errno 11001] getaddrinfo failed)")
[2026-03-03 09:52:52.391] [OPT_GATEWAY] [SUCCESS] 成功拿到服务端响应。
[2026-03-03 09:52:53.091] [OPT_GATEWAY] [SUCCESS] [REQ-019] [第 1 次尝试]
[2026-03-03 09:52:53.093] [OPT_GATEWAY] [ERROR] 写入 RDS 缓存失败: (2003, "Can't connect to MySQL server on 'dbinstance.ccljabrlaulk.us-east-1.rds.amazonaws.com' ([Errno 11001] getaddrinfo failed)")
[2026-03-03 09:52:53.093] [OPT_GATEWAY] [SUCCESS] 成功拿到服务端响应。
[2026-03-03 09:52:53.094] [OPT_GATEWAY] [FAULT] [REQ-019] 模拟下游网络丢包(Gateway->Client)。导致客户端超时！
[2026-03-03 09:52:59.153] [OPT_GATEWAY] [SUCCESS] [REQ-020] [第 1 次尝试]
[2026-03-03 09:52:59.192] [OPT_GATEWAY] [ERROR] 写入 RDS 缓存失败: (2003, "Can't connect to MySQL server on 'dbinstance.ccljabrlaulk.us-east-1.rds.amazonaws.com' ([Errno 11001] getaddrinfo failed)")
[2026-03-03 09:52:59.193] [OPT_GATEWAY] [SUCCESS] 成功拿到服务端响应。
[2026-03-03 09:52:59.791] [OPT_GATEWAY] [SUCCESS] [REQ-021] [第 1 次尝试]
[2026-03-03 09:52:59.792] [OPT_GATEWAY] [ERROR] 写入 RDS 缓存失败: (2003, "Can't connect to MySQL server on 'dbinstance.ccljabrlaulk.us-east-1.rds.amazonaws.com' ([Errno 11001] getaddrinfo failed)")
[2026-03-03 09:52:59.793] [OPT_GATEWAY] [SUCCESS] 成功拿到服务端响应。
[2026-03-03 09:53:00.357] [OPT_GATEWAY] [SUCCESS] [REQ-022] [第 1 次尝试]
[2026-03-03 09:53:00.358] [OPT_GATEWAY] [WARNING] [REQ-022] 模拟上游网络丢包。触发网关对 Data_Preprocessing 任务的自适应重试！
[2026-03-03 09:53:00.359] [OPT_GATEWAY] [RETRY] [REQ-022] [第 1 次尝试] 获取响应失败，重试中...
[2026-03-03 09:53:00.630] [OPT_GATEWAY] [SUCCESS] [REQ-022] [第 2 次尝试]
[2026-03-03 09:53:00.631] [OPT_GATEWAY] [ERROR] 写入 RDS 缓存失败: (2003, "Can't connect to MySQL server on 'dbinstance.ccljabrlaulk.us-east-1.rds.amazonaws.com' ([Errno 11001] getaddrinfo failed)")
[2026-03-03 09:53:00.632] [OPT_GATEWAY] [SUCCESS] 成功拿到服务端响应。
[2026-03-03 09:53:01.217] [OPT_GATEWAY] [SUCCESS] [REQ-023] [第 1 次尝试]
[2026-03-03 09:53:01.219] [OPT_GATEWAY] [ERROR] 写入 RDS 缓存失败: (2003, "Can't connect to MySQL server on 'dbinstance.ccljabrlaulk.us-east-1.rds.amazonaws.com' ([Errno 11001] getaddrinfo failed)")
[2026-03-03 09:53:01.220] [OPT_GATEWAY] [SUCCESS] 成功拿到服务端响应。
[2026-03-03 09:53:01.220] [OPT_GATEWAY] [FAULT] [REQ-023] 模拟下游网络丢包(Gateway->Client)。导致客户端超时！
[2026-03-03 09:53:07.291] [OPT_GATEWAY] [SUCCESS] [REQ-024] [第 1 次尝试]
[2026-03-03 09:53:07.343] [OPT_GATEWAY] [ERROR] 写入 RDS 缓存失败: (2003, "Can't connect to MySQL server on 'dbinstance.ccljabrlaulk.us-east-1.rds.amazonaws.com' ([Errno 11001] getaddrinfo failed)")
[2026-03-03 09:53:07.344] [OPT_GATEWAY] [SUCCESS] 成功拿到服务端响应。
[2026-03-03 09:53:07.980] [OPT_GATEWAY] [SUCCESS] [REQ-025] [第 1 次尝试]
[2026-03-03 09:53:07.982] [OPT_GATEWAY] [ERROR] 写入 RDS 缓存失败: (2003, "Can't connect to MySQL server on 'dbinstance.ccljabrlaulk.us-east-1.rds.amazonaws.com' ([Errno 11001] getaddrinfo failed)")
[2026-03-03 09:53:07.982] [OPT_GATEWAY] [SUCCESS] 成功拿到服务端响应。
[2026-03-03 09:53:08.575] [OPT_GATEWAY] [SUCCESS] [REQ-026] [第 1 次尝试]
[2026-03-03 09:53:08.579] [OPT_GATEWAY] [ERROR] 写入 RDS 缓存失败: (2003, "Can't connect to MySQL server on 'dbinstance.ccljabrlaulk.us-east-1.rds.amazonaws.com' ([Errno 11001] getaddrinfo failed)")
[2026-03-03 09:53:08.580] [OPT_GATEWAY] [SUCCESS] 成功拿到服务端响应。
[2026-03-03 09:53:08.580] [OPT_GATEWAY] [FAULT] [REQ-026] 模拟下游网络丢包(Gateway->Client)。导致客户端超时！
[2026-03-03 09:53:14.816] [OPT_GATEWAY] [SUCCESS] [REQ-027] [第 1 次尝试]
[2026-03-03 09:53:14.856] [OPT_GATEWAY] [ERROR] 写入 RDS 缓存失败: (2003, "Can't connect to MySQL server on 'dbinstance.ccljabrlaulk.us-east-1.rds.amazonaws.com' ([Errno 11001] getaddrinfo failed)")
[2026-03-03 09:53:14.856] [OPT_GATEWAY] [SUCCESS] 成功拿到服务端响应。
[2026-03-03 09:53:15.448] [OPT_GATEWAY] [SUCCESS] [REQ-028] [第 1 次尝试]
[2026-03-03 09:53:15.449] [OPT_GATEWAY] [ERROR] 写入 RDS 缓存失败: (2003, "Can't connect to MySQL server on 'dbinstance.ccljabrlaulk.us-east-1.rds.amazonaws.com' ([Errno 11001] getaddrinfo failed)")
[2026-03-03 09:53:15.450] [OPT_GATEWAY] [SUCCESS] 成功拿到服务端响应。
[2026-03-03 09:53:15.450] [OPT_GATEWAY] [FAULT] [REQ-028] 模拟下游网络丢包(Gateway->Client)。导致客户端超时！
[2026-03-03 09:53:21.682] [OPT_GATEWAY] [SUCCESS] [REQ-029] [第 1 次尝试]
[2026-03-03 09:53:21.682] [OPT_GATEWAY] [WARNING] [REQ-029] 模拟上游网络丢包。触发网关对 Model_Inference 任务的自适应重试！
[2026-03-03 09:53:21.683] [OPT_GATEWAY] [RETRY] [REQ-029] [第 1 次尝试] 获取响应失败，重试中...
[2026-03-03 09:53:21.950] [OPT_GATEWAY] [SUCCESS] [REQ-029] [第 2 次尝试]
[2026-03-03 09:53:21.990] [OPT_GATEWAY] [ERROR] 写入 RDS 缓存失败: (2003, "Can't connect to MySQL server on 'dbinstance.ccljabrlaulk.us-east-1.rds.amazonaws.com' ([Errno 11001] getaddrinfo failed)")
[2026-03-03 09:53:21.991] [OPT_GATEWAY] [SUCCESS] 成功拿到服务端响应。
[2026-03-03 09:53:22.566] [OPT_GATEWAY] [SUCCESS] [REQ-030] [第 1 次尝试]
[2026-03-03 09:53:22.569] [OPT_GATEWAY] [ERROR] 写入 RDS 缓存失败: (2003, "Can't connect to MySQL server on 'dbinstance.ccljabrlaulk.us-east-1.rds.amazonaws.com' ([Errno 11001] getaddrinfo failed)")
[2026-03-03 09:53:22.570] [OPT_GATEWAY] [SUCCESS] 成功拿到服务端响应。
[2026-03-03 09:53:50.522] [OPT_GATEWAY] [SUCCESS] [REQ-001] [第 1 次尝试]
[2026-03-03 09:53:50.523] [OPT_GATEWAY] [WARNING] [REQ-001] 模拟上游网络丢包。触发网关对 Model_Inference 任务的自适应重试！
[2026-03-03 09:53:50.523] [OPT_GATEWAY] [RETRY] [REQ-001] [第 1 次尝试] 获取响应失败，重试中...
[2026-03-03 09:53:50.806] [OPT_GATEWAY] [SUCCESS] [REQ-001] [第 2 次尝试]
[2026-03-03 09:53:50.807] [OPT_GATEWAY] [WARNING] [REQ-001] 模拟上游网络丢包。触发网关对 Model_Inference 任务的自适应重试！
[2026-03-03 09:53:50.808] [OPT_GATEWAY] [RETRY] [REQ-001] [第 2 次尝试] 获取响应失败，重试中...
[2026-03-03 09:53:51.078] [OPT_GATEWAY] [SUCCESS] [REQ-001] [第 3 次尝试]
[2026-03-03 09:53:51.117] [OPT_GATEWAY] [ERROR] 写入 RDS 缓存失败: (2003, "Can't connect to MySQL server on 'dbinstance.ccljabrlaulk.us-east-1.rds.amazonaws.com' ([Errno 11001] getaddrinfo failed)")
[2026-03-03 09:53:51.118] [OPT_GATEWAY] [SUCCESS] 成功拿到服务端响应。
[2026-03-03 09:53:51.700] [OPT_GATEWAY] [SUCCESS] [REQ-002] [第 1 次尝试]
[2026-03-03 09:53:51.702] [OPT_GATEWAY] [ERROR] 写入 RDS 缓存失败: (2003, "Can't connect to MySQL server on 'dbinstance.ccljabrlaulk.us-east-1.rds.amazonaws.com' ([Errno 11001] getaddrinfo failed)")
[2026-03-03 09:53:51.703] [OPT_GATEWAY] [SUCCESS] 成功拿到服务端响应。
[2026-03-03 09:53:52.279] [OPT_GATEWAY] [SUCCESS] [REQ-003] [第 1 次尝试]
[2026-03-03 09:53:52.280] [OPT_GATEWAY] [ERROR] 写入 RDS 缓存失败: (2003, "Can't connect to MySQL server on 'dbinstance.ccljabrlaulk.us-east-1.rds.amazonaws.com' ([Errno 11001] getaddrinfo failed)")
[2026-03-03 09:53:52.280] [OPT_GATEWAY] [SUCCESS] 成功拿到服务端响应。
[2026-03-03 09:53:52.870] [OPT_GATEWAY] [SUCCESS] [REQ-004] [第 1 次尝试]
[2026-03-03 09:53:52.872] [OPT_GATEWAY] [ERROR] 写入 RDS 缓存失败: (2003, "Can't connect to MySQL server on 'dbinstance.ccljabrlaulk.us-east-1.rds.amazonaws.com' ([Errno 11001] getaddrinfo failed)")
[2026-03-03 09:53:52.872] [OPT_GATEWAY] [SUCCESS] 成功拿到服务端响应。
[2026-03-03 09:53:53.474] [OPT_GATEWAY] [SUCCESS] [REQ-005] [第 1 次尝试]
[2026-03-03 09:53:53.476] [OPT_GATEWAY] [ERROR] 写入 RDS 缓存失败: (2003, "Can't connect to MySQL server on 'dbinstance.ccljabrlaulk.us-east-1.rds.amazonaws.com' ([Errno 11001] getaddrinfo failed)")
[2026-03-03 09:53:53.476] [OPT_GATEWAY] [SUCCESS] 成功拿到服务端响应。
[2026-03-03 09:53:54.056] [OPT_GATEWAY] [SUCCESS] [REQ-006] [第 1 次尝试]
[2026-03-03 09:53:54.057] [OPT_GATEWAY] [ERROR] 写入 RDS 缓存失败: (2003, "Can't connect to MySQL server on 'dbinstance.ccljabrlaulk.us-east-1.rds.amazonaws.com' ([Errno 11001] getaddrinfo failed)")
[2026-03-03 09:53:54.057] [OPT_GATEWAY] [SUCCESS] 成功拿到服务端响应。
[2026-03-03 09:53:54.632] [OPT_GATEWAY] [SUCCESS] [REQ-007] [第 1 次尝试]
[2026-03-03 09:53:54.634] [OPT_GATEWAY] [ERROR] 写入 RDS 缓存失败: (2003, "Can't connect to MySQL server on 'dbinstance.ccljabrlaulk.us-east-1.rds.amazonaws.com' ([Errno 11001] getaddrinfo failed)")
[2026-03-03 09:53:54.634] [OPT_GATEWAY] [SUCCESS] 成功拿到服务端响应。
[2026-03-03 09:53:55.215] [OPT_GATEWAY] [SUCCESS] [REQ-008] [第 1 次尝试]
[2026-03-03 09:53:55.218] [OPT_GATEWAY] [ERROR] 写入 RDS 缓存失败: (2003, "Can't connect to MySQL server on 'dbinstance.ccljabrlaulk.us-east-1.rds.amazonaws.com' ([Errno 11001] getaddrinfo failed)")
[2026-03-03 09:53:55.218] [OPT_GATEWAY] [SUCCESS] 成功拿到服务端响应。
[2026-03-03 09:53:55.790] [OPT_GATEWAY] [SUCCESS] [REQ-009] [第 1 次尝试]
[2026-03-03 09:53:55.793] [OPT_GATEWAY] [ERROR] 写入 RDS 缓存失败: (2003, "Can't connect to MySQL server on 'dbinstance.ccljabrlaulk.us-east-1.rds.amazonaws.com' ([Errno 11001] getaddrinfo failed)")
[2026-03-03 09:53:55.794] [OPT_GATEWAY] [SUCCESS] 成功拿到服务端响应。
[2026-03-03 09:53:56.381] [OPT_GATEWAY] [SUCCESS] [REQ-010] [第 1 次尝试]
[2026-03-03 09:53:56.423] [OPT_GATEWAY] [ERROR] 写入 RDS 缓存失败: (2003, "Can't connect to MySQL server on 'dbinstance.ccljabrlaulk.us-east-1.rds.amazonaws.com' ([Errno 11001] getaddrinfo failed)")
[2026-03-03 09:53:56.424] [OPT_GATEWAY] [SUCCESS] 成功拿到服务端响应。
[2026-03-03 09:53:57.012] [OPT_GATEWAY] [SUCCESS] [REQ-011] [第 1 次尝试]
[2026-03-03 09:53:57.019] [OPT_GATEWAY] [ERROR] 写入 RDS 缓存失败: (2003, "Can't connect to MySQL server on 'dbinstance.ccljabrlaulk.us-east-1.rds.amazonaws.com' ([Errno 11001] getaddrinfo failed)")
[2026-03-03 09:53:57.020] [OPT_GATEWAY] [SUCCESS] 成功拿到服务端响应。
[2026-03-03 09:53:57.592] [OPT_GATEWAY] [SUCCESS] [REQ-012] [第 1 次尝试]
[2026-03-03 09:53:57.593] [OPT_GATEWAY] [WARNING] [REQ-012] 模拟上游网络丢包。触发网关对 Model_Training 任务的自适应重试！
[2026-03-03 09:53:57.594] [OPT_GATEWAY] [RETRY] [REQ-012] [第 1 次尝试] 获取响应失败，重试中...
[2026-03-03 09:53:57.853] [OPT_GATEWAY] [SUCCESS] [REQ-012] [第 2 次尝试]
[2026-03-03 09:53:57.854] [OPT_GATEWAY] [WARNING] [REQ-012] 模拟上游网络丢包。触发网关对 Model_Training 任务的自适应重试！
[2026-03-03 09:53:57.854] [OPT_GATEWAY] [RETRY] [REQ-012] [第 2 次尝试] 获取响应失败，重试中...
[2026-03-03 09:53:58.113] [OPT_GATEWAY] [SUCCESS] [REQ-012] [第 3 次尝试]
[2026-03-03 09:53:58.116] [OPT_GATEWAY] [ERROR] 写入 RDS 缓存失败: (2003, "Can't connect to MySQL server on 'dbinstance.ccljabrlaulk.us-east-1.rds.amazonaws.com' ([Errno 11001] getaddrinfo failed)")
[2026-03-03 09:53:58.116] [OPT_GATEWAY] [SUCCESS] 成功拿到服务端响应。
[2026-03-03 09:53:58.117] [OPT_GATEWAY] [FAULT] [REQ-012] 模拟下游网络丢包(Gateway->Client)。导致客户端超时！
[2026-03-03 09:54:04.194] [OPT_GATEWAY] [SUCCESS] [REQ-013] [第 1 次尝试]
[2026-03-03 09:54:04.237] [OPT_GATEWAY] [ERROR] 写入 RDS 缓存失败: (2003, "Can't connect to MySQL server on 'dbinstance.ccljabrlaulk.us-east-1.rds.amazonaws.com' ([Errno 11001] getaddrinfo failed)")
[2026-03-03 09:54:04.238] [OPT_GATEWAY] [SUCCESS] 成功拿到服务端响应。
[2026-03-03 09:54:04.818] [OPT_GATEWAY] [SUCCESS] [REQ-014] [第 1 次尝试]
[2026-03-03 09:54:04.819] [OPT_GATEWAY] [ERROR] 写入 RDS 缓存失败: (2003, "Can't connect to MySQL server on 'dbinstance.ccljabrlaulk.us-east-1.rds.amazonaws.com' ([Errno 11001] getaddrinfo failed)")
[2026-03-03 09:54:04.820] [OPT_GATEWAY] [SUCCESS] 成功拿到服务端响应。
[2026-03-03 09:54:05.397] [OPT_GATEWAY] [SUCCESS] [REQ-015] [第 1 次尝试]
[2026-03-03 09:54:05.398] [OPT_GATEWAY] [WARNING] [REQ-015] 模拟上游网络丢包。触发网关对 Model_Inference 任务的自适应重试！
[2026-03-03 09:54:05.398] [OPT_GATEWAY] [RETRY] [REQ-015] [第 1 次尝试] 获取响应失败，重试中...
[2026-03-03 09:54:05.673] [OPT_GATEWAY] [SUCCESS] [REQ-015] [第 2 次尝试]
[2026-03-03 09:54:05.674] [OPT_GATEWAY] [WARNING] [REQ-015] 模拟上游网络丢包。触发网关对 Model_Inference 任务的自适应重试！
[2026-03-03 09:54:05.675] [OPT_GATEWAY] [RETRY] [REQ-015] [第 2 次尝试] 获取响应失败，重试中...
[2026-03-03 09:54:05.934] [OPT_GATEWAY] [SUCCESS] [REQ-015] [第 3 次尝试]
[2026-03-03 09:54:05.935] [OPT_GATEWAY] [ERROR] 写入 RDS 缓存失败: (2003, "Can't connect to MySQL server on 'dbinstance.ccljabrlaulk.us-east-1.rds.amazonaws.com' ([Errno 11001] getaddrinfo failed)")
[2026-03-03 09:54:05.936] [OPT_GATEWAY] [SUCCESS] 成功拿到服务端响应。
[2026-03-03 09:54:05.937] [OPT_GATEWAY] [FAULT] [REQ-015] 模拟下游网络丢包(Gateway->Client)。导致客户端超时！
[2026-03-03 09:54:12.172] [OPT_GATEWAY] [SUCCESS] [REQ-016] [第 1 次尝试]
[2026-03-03 09:54:12.215] [OPT_GATEWAY] [ERROR] 写入 RDS 缓存失败: (2003, "Can't connect to MySQL server on 'dbinstance.ccljabrlaulk.us-east-1.rds.amazonaws.com' ([Errno 11001] getaddrinfo failed)")
[2026-03-03 09:54:12.216] [OPT_GATEWAY] [SUCCESS] 成功拿到服务端响应。
[2026-03-03 09:54:12.216] [OPT_GATEWAY] [FAULT] [REQ-016] 模拟下游网络丢包(Gateway->Client)。导致客户端超时！
[2026-03-03 09:54:18.453] [OPT_GATEWAY] [SUCCESS] [REQ-017] [第 1 次尝试]
[2026-03-03 09:54:18.499] [OPT_GATEWAY] [ERROR] 写入 RDS 缓存失败: (2003, "Can't connect to MySQL server on 'dbinstance.ccljabrlaulk.us-east-1.rds.amazonaws.com' ([Errno 11001] getaddrinfo failed)")
[2026-03-03 09:54:18.500] [OPT_GATEWAY] [SUCCESS] 成功拿到服务端响应。
[2026-03-03 09:54:18.500] [OPT_GATEWAY] [FAULT] [REQ-017] 模拟下游网络丢包(Gateway->Client)。导致客户端超时！
[2026-03-03 09:54:24.575] [OPT_GATEWAY] [SUCCESS] [REQ-018] [第 1 次尝试]
[2026-03-03 09:54:24.624] [OPT_GATEWAY] [ERROR] 写入 RDS 缓存失败: (2003, "Can't connect to MySQL server on 'dbinstance.ccljabrlaulk.us-east-1.rds.amazonaws.com' ([Errno 11001] getaddrinfo failed)")
[2026-03-03 09:54:24.625] [OPT_GATEWAY] [SUCCESS] 成功拿到服务端响应。
[2026-03-03 09:54:25.202] [OPT_GATEWAY] [SUCCESS] [REQ-019] [第 1 次尝试]
[2026-03-03 09:54:25.204] [OPT_GATEWAY] [ERROR] 写入 RDS 缓存失败: (2003, "Can't connect to MySQL server on 'dbinstance.ccljabrlaulk.us-east-1.rds.amazonaws.com' ([Errno 11001] getaddrinfo failed)")
[2026-03-03 09:54:25.205] [OPT_GATEWAY] [SUCCESS] 成功拿到服务端响应。
[2026-03-03 09:54:25.205] [OPT_GATEWAY] [FAULT] [REQ-019] 模拟下游网络丢包(Gateway->Client)。导致客户端超时！
[2026-03-03 09:54:31.282] [OPT_GATEWAY] [SUCCESS] [REQ-020] [第 1 次尝试]
[2026-03-03 09:54:31.323] [OPT_GATEWAY] [ERROR] 写入 RDS 缓存失败: (2003, "Can't connect to MySQL server on 'dbinstance.ccljabrlaulk.us-east-1.rds.amazonaws.com' ([Errno 11001] getaddrinfo failed)")
[2026-03-03 09:54:31.324] [OPT_GATEWAY] [SUCCESS] 成功拿到服务端响应。
[2026-03-03 09:54:31.888] [OPT_GATEWAY] [SUCCESS] [REQ-021] [第 1 次尝试]
[2026-03-03 09:54:31.890] [OPT_GATEWAY] [ERROR] 写入 RDS 缓存失败: (2003, "Can't connect to MySQL server on 'dbinstance.ccljabrlaulk.us-east-1.rds.amazonaws.com' ([Errno 11001] getaddrinfo failed)")
[2026-03-03 09:54:31.890] [OPT_GATEWAY] [SUCCESS] 成功拿到服务端响应。
[2026-03-03 09:54:32.482] [OPT_GATEWAY] [SUCCESS] [REQ-022] [第 1 次尝试]
[2026-03-03 09:54:32.485] [OPT_GATEWAY] [ERROR] 写入 RDS 缓存失败: (2003, "Can't connect to MySQL server on 'dbinstance.ccljabrlaulk.us-east-1.rds.amazonaws.com' ([Errno 11001] getaddrinfo failed)")
[2026-03-03 09:54:32.487] [OPT_GATEWAY] [SUCCESS] 成功拿到服务端响应。
[2026-03-03 09:54:33.049] [OPT_GATEWAY] [SUCCESS] [REQ-023] [第 1 次尝试]
[2026-03-03 09:54:33.052] [OPT_GATEWAY] [ERROR] 写入 RDS 缓存失败: (2003, "Can't connect to MySQL server on 'dbinstance.ccljabrlaulk.us-east-1.rds.amazonaws.com' ([Errno 11001] getaddrinfo failed)")
[2026-03-03 09:54:33.053] [OPT_GATEWAY] [SUCCESS] 成功拿到服务端响应。
[2026-03-03 09:54:33.053] [OPT_GATEWAY] [FAULT] [REQ-023] 模拟下游网络丢包(Gateway->Client)。导致客户端超时！
[2026-03-03 09:54:39.114] [OPT_GATEWAY] [SUCCESS] [REQ-024] [第 1 次尝试]
[2026-03-03 09:54:39.173] [OPT_GATEWAY] [ERROR] 写入 RDS 缓存失败: (2003, "Can't connect to MySQL server on 'dbinstance.ccljabrlaulk.us-east-1.rds.amazonaws.com' ([Errno 11001] getaddrinfo failed)")
[2026-03-03 09:54:39.174] [OPT_GATEWAY] [SUCCESS] 成功拿到服务端响应。
[2026-03-03 09:54:39.757] [OPT_GATEWAY] [SUCCESS] [REQ-025] [第 1 次尝试]
[2026-03-03 09:54:39.759] [OPT_GATEWAY] [ERROR] 写入 RDS 缓存失败: (2003, "Can't connect to MySQL server on 'dbinstance.ccljabrlaulk.us-east-1.rds.amazonaws.com' ([Errno 11001] getaddrinfo failed)")
[2026-03-03 09:54:39.760] [OPT_GATEWAY] [SUCCESS] 成功拿到服务端响应。
[2026-03-03 09:54:40.325] [OPT_GATEWAY] [SUCCESS] [REQ-026] [第 1 次尝试]
[2026-03-03 09:54:40.334] [OPT_GATEWAY] [ERROR] 写入 RDS 缓存失败: (2003, "Can't connect to MySQL server on 'dbinstance.ccljabrlaulk.us-east-1.rds.amazonaws.com' ([Errno 11001] getaddrinfo failed)")
[2026-03-03 09:54:40.335] [OPT_GATEWAY] [SUCCESS] 成功拿到服务端响应。
[2026-03-03 09:54:40.335] [OPT_GATEWAY] [FAULT] [REQ-026] 模拟下游网络丢包(Gateway->Client)。导致客户端超时！
[2026-03-03 09:54:46.553] [OPT_GATEWAY] [SUCCESS] [REQ-027] [第 1 次尝试]
[2026-03-03 09:54:46.553] [OPT_GATEWAY] [WARNING] [REQ-027] 模拟上游网络丢包。触发网关对 Data_Preprocessing 任务的自适应重试！
[2026-03-03 09:54:46.554] [OPT_GATEWAY] [RETRY] [REQ-027] [第 1 次尝试] 获取响应失败，重试中...
[2026-03-03 09:54:46.834] [OPT_GATEWAY] [SUCCESS] [REQ-027] [第 2 次尝试]
[2026-03-03 09:54:46.874] [OPT_GATEWAY] [ERROR] 写入 RDS 缓存失败: (2003, "Can't connect to MySQL server on 'dbinstance.ccljabrlaulk.us-east-1.rds.amazonaws.com' ([Errno 11001] getaddrinfo failed)")
[2026-03-03 09:54:46.875] [OPT_GATEWAY] [SUCCESS] 成功拿到服务端响应。
[2026-03-03 09:54:47.437] [OPT_GATEWAY] [SUCCESS] [REQ-028] [第 1 次尝试]
[2026-03-03 09:54:47.439] [OPT_GATEWAY] [ERROR] 写入 RDS 缓存失败: (2003, "Can't connect to MySQL server on 'dbinstance.ccljabrlaulk.us-east-1.rds.amazonaws.com' ([Errno 11001] getaddrinfo failed)")
[2026-03-03 09:54:47.439] [OPT_GATEWAY] [SUCCESS] 成功拿到服务端响应。
[2026-03-03 09:54:48.053] [OPT_GATEWAY] [SUCCESS] [REQ-029] [第 1 次尝试]
[2026-03-03 09:54:48.057] [OPT_GATEWAY] [ERROR] 写入 RDS 缓存失败: (2003, "Can't connect to MySQL server on 'dbinstance.ccljabrlaulk.us-east-1.rds.amazonaws.com' ([Errno 11001] getaddrinfo failed)")
[2026-03-03 09:54:48.059] [OPT_GATEWAY] [SUCCESS] 成功拿到服务端响应。
[2026-03-03 09:54:48.645] [OPT_GATEWAY] [SUCCESS] [REQ-030] [第 1 次尝试]
[2026-03-03 09:54:48.647] [OPT_GATEWAY] [ERROR] 写入 RDS 缓存失败: (2003, "Can't connect to MySQL server on 'dbinstance.ccljabrlaulk.us-east-1.rds.amazonaws.com' ([Errno 11001] getaddrinfo failed)")
[2026-03-03 09:54:48.648] [OPT_GATEWAY] [SUCCESS] 成功拿到服务端响应。
[2026-03-03 09:54:59.327] [OPT_GATEWAY] [SUCCESS] [REQ-001] [第 1 次尝试]
[2026-03-03 09:54:59.371] [OPT_GATEWAY] [ERROR] 写入 RDS 缓存失败: (2003, "Can't connect to MySQL server on 'dbinstance.ccljabrlaulk.us-east-1.rds.amazonaws.com' ([Errno 11001] getaddrinfo failed)")
[2026-03-03 09:54:59.371] [OPT_GATEWAY] [SUCCESS] 成功拿到服务端响应。
[2026-03-03 09:54:59.955] [OPT_GATEWAY] [SUCCESS] [REQ-002] [第 1 次尝试]
[2026-03-03 09:54:59.957] [OPT_GATEWAY] [ERROR] 写入 RDS 缓存失败: (2003, "Can't connect to MySQL server on 'dbinstance.ccljabrlaulk.us-east-1.rds.amazonaws.com' ([Errno 11001] getaddrinfo failed)")
[2026-03-03 09:54:59.958] [OPT_GATEWAY] [SUCCESS] 成功拿到服务端响应。
[2026-03-03 09:55:00.516] [OPT_GATEWAY] [SUCCESS] [REQ-003] [第 1 次尝试]
[2026-03-03 09:55:00.517] [OPT_GATEWAY] [ERROR] 写入 RDS 缓存失败: (2003, "Can't connect to MySQL server on 'dbinstance.ccljabrlaulk.us-east-1.rds.amazonaws.com' ([Errno 11001] getaddrinfo failed)")
[2026-03-03 09:55:00.518] [OPT_GATEWAY] [SUCCESS] 成功拿到服务端响应。
[2026-03-03 09:55:00.518] [OPT_GATEWAY] [FAULT] [REQ-003] 模拟下游网络丢包(Gateway->Client)。导致客户端超时！
[2026-03-03 09:55:06.577] [OPT_GATEWAY] [SUCCESS] [REQ-004] [第 1 次尝试]
[2026-03-03 09:55:06.627] [OPT_GATEWAY] [ERROR] 写入 RDS 缓存失败: (2003, "Can't connect to MySQL server on 'dbinstance.ccljabrlaulk.us-east-1.rds.amazonaws.com' ([Errno 11001] getaddrinfo failed)")
[2026-03-03 09:55:06.627] [OPT_GATEWAY] [SUCCESS] 成功拿到服务端响应。
[2026-03-03 09:55:07.213] [OPT_GATEWAY] [SUCCESS] [REQ-005] [第 1 次尝试]
[2026-03-03 09:55:07.215] [OPT_GATEWAY] [ERROR] 写入 RDS 缓存失败: (2003, "Can't connect to MySQL server on 'dbinstance.ccljabrlaulk.us-east-1.rds.amazonaws.com' ([Errno 11001] getaddrinfo failed)")
[2026-03-03 09:55:07.215] [OPT_GATEWAY] [SUCCESS] 成功拿到服务端响应。
[2026-03-03 09:55:07.216] [OPT_GATEWAY] [FAULT] [REQ-005] 模拟下游网络丢包(Gateway->Client)。导致客户端超时！
[2026-03-03 09:55:13.470] [OPT_GATEWAY] [SUCCESS] [REQ-006] [第 1 次尝试]
[2026-03-03 09:55:13.515] [OPT_GATEWAY] [ERROR] 写入 RDS 缓存失败: (2003, "Can't connect to MySQL server on 'dbinstance.ccljabrlaulk.us-east-1.rds.amazonaws.com' ([Errno 11001] getaddrinfo failed)")
[2026-03-03 09:55:13.516] [OPT_GATEWAY] [SUCCESS] 成功拿到服务端响应。
[2026-03-03 09:55:13.516] [OPT_GATEWAY] [FAULT] [REQ-006] 模拟下游网络丢包(Gateway->Client)。导致客户端超时！
[2026-03-03 09:55:19.595] [OPT_GATEWAY] [SUCCESS] [REQ-007] [第 1 次尝试]
[2026-03-03 09:55:19.638] [OPT_GATEWAY] [ERROR] 写入 RDS 缓存失败: (2003, "Can't connect to MySQL server on 'dbinstance.ccljabrlaulk.us-east-1.rds.amazonaws.com' ([Errno 11001] getaddrinfo failed)")
[2026-03-03 09:55:19.639] [OPT_GATEWAY] [SUCCESS] 成功拿到服务端响应。
[2026-03-03 09:55:20.235] [OPT_GATEWAY] [SUCCESS] [REQ-008] [第 1 次尝试]
[2026-03-03 09:55:20.236] [OPT_GATEWAY] [ERROR] 写入 RDS 缓存失败: (2003, "Can't connect to MySQL server on 'dbinstance.ccljabrlaulk.us-east-1.rds.amazonaws.com' ([Errno 11001] getaddrinfo failed)")
[2026-03-03 09:55:20.236] [OPT_GATEWAY] [SUCCESS] 成功拿到服务端响应。
[2026-03-03 09:55:20.818] [OPT_GATEWAY] [SUCCESS] [REQ-009] [第 1 次尝试]
[2026-03-03 09:55:20.818] [OPT_GATEWAY] [WARNING] [REQ-009] 模拟上游网络丢包。触发网关对 Feature_Extraction 任务的自适应重试！
[2026-03-03 09:55:20.819] [OPT_GATEWAY] [RETRY] [REQ-009] [第 1 次尝试] 获取响应失败，重试中...
[2026-03-03 09:55:21.086] [OPT_GATEWAY] [SUCCESS] [REQ-009] [第 2 次尝试]
[2026-03-03 09:55:21.086] [OPT_GATEWAY] [WARNING] [REQ-009] 模拟上游网络丢包。触发网关对 Feature_Extraction 任务的自适应重试！
[2026-03-03 09:55:21.087] [OPT_GATEWAY] [RETRY] [REQ-009] [第 2 次尝试] 获取响应失败，重试中...
[2026-03-03 09:55:21.342] [OPT_GATEWAY] [SUCCESS] [REQ-009] [第 3 次尝试]
[2026-03-03 09:55:21.344] [OPT_GATEWAY] [ERROR] 写入 RDS 缓存失败: (2003, "Can't connect to MySQL server on 'dbinstance.ccljabrlaulk.us-east-1.rds.amazonaws.com' ([Errno 11001] getaddrinfo failed)")
[2026-03-03 09:55:21.344] [OPT_GATEWAY] [SUCCESS] 成功拿到服务端响应。
[2026-03-03 09:55:21.933] [OPT_GATEWAY] [SUCCESS] [REQ-010] [第 1 次尝试]
[2026-03-03 09:55:21.935] [OPT_GATEWAY] [ERROR] 写入 RDS 缓存失败: (2003, "Can't connect to MySQL server on 'dbinstance.ccljabrlaulk.us-east-1.rds.amazonaws.com' ([Errno 11001] getaddrinfo failed)")
[2026-03-03 09:55:21.935] [OPT_GATEWAY] [SUCCESS] 成功拿到服务端响应。
[2026-03-03 09:55:22.522] [OPT_GATEWAY] [SUCCESS] [REQ-011] [第 1 次尝试]
[2026-03-03 09:55:22.525] [OPT_GATEWAY] [ERROR] 写入 RDS 缓存失败: (2003, "Can't connect to MySQL server on 'dbinstance.ccljabrlaulk.us-east-1.rds.amazonaws.com' ([Errno 11001] getaddrinfo failed)")
[2026-03-03 09:55:22.525] [OPT_GATEWAY] [SUCCESS] 成功拿到服务端响应。
[2026-03-03 09:55:23.104] [OPT_GATEWAY] [SUCCESS] [REQ-012] [第 1 次尝试]
[2026-03-03 09:55:23.105] [OPT_GATEWAY] [ERROR] 写入 RDS 缓存失败: (2003, "Can't connect to MySQL server on 'dbinstance.ccljabrlaulk.us-east-1.rds.amazonaws.com' ([Errno 11001] getaddrinfo failed)")
[2026-03-03 09:55:23.106] [OPT_GATEWAY] [SUCCESS] 成功拿到服务端响应。
[2026-03-03 09:55:23.106] [OPT_GATEWAY] [FAULT] [REQ-012] 模拟下游网络丢包(Gateway->Client)。导致客户端超时！
[2026-03-03 09:55:29.186] [OPT_GATEWAY] [SUCCESS] [REQ-013] [第 1 次尝试]
[2026-03-03 09:55:29.230] [OPT_GATEWAY] [ERROR] 写入 RDS 缓存失败: (2003, "Can't connect to MySQL server on 'dbinstance.ccljabrlaulk.us-east-1.rds.amazonaws.com' ([Errno 11001] getaddrinfo failed)")
[2026-03-03 09:55:29.230] [OPT_GATEWAY] [SUCCESS] 成功拿到服务端响应。
[2026-03-03 09:55:29.840] [OPT_GATEWAY] [SUCCESS] [REQ-014] [第 1 次尝试]
[2026-03-03 09:55:29.841] [OPT_GATEWAY] [ERROR] 写入 RDS 缓存失败: (2003, "Can't connect to MySQL server on 'dbinstance.ccljabrlaulk.us-east-1.rds.amazonaws.com' ([Errno 11001] getaddrinfo failed)")
[2026-03-03 09:55:29.841] [OPT_GATEWAY] [SUCCESS] 成功拿到服务端响应。
[2026-03-03 09:55:30.433] [OPT_GATEWAY] [SUCCESS] [REQ-015] [第 1 次尝试]
[2026-03-03 09:55:30.434] [OPT_GATEWAY] [WARNING] [REQ-015] 模拟上游网络丢包。触发网关对 Model_Inference 任务的自适应重试！
[2026-03-03 09:55:30.434] [OPT_GATEWAY] [RETRY] [REQ-015] [第 1 次尝试] 获取响应失败，重试中...
[2026-03-03 09:55:30.710] [OPT_GATEWAY] [SUCCESS] [REQ-015] [第 2 次尝试]
[2026-03-03 09:55:30.711] [OPT_GATEWAY] [WARNING] [REQ-015] 模拟上游网络丢包。触发网关对 Model_Inference 任务的自适应重试！
[2026-03-03 09:55:30.711] [OPT_GATEWAY] [RETRY] [REQ-015] [第 2 次尝试] 获取响应失败，重试中...
[2026-03-03 09:55:30.991] [OPT_GATEWAY] [SUCCESS] [REQ-015] [第 3 次尝试]
[2026-03-03 09:55:30.993] [OPT_GATEWAY] [ERROR] 写入 RDS 缓存失败: (2003, "Can't connect to MySQL server on 'dbinstance.ccljabrlaulk.us-east-1.rds.amazonaws.com' ([Errno 11001] getaddrinfo failed)")
[2026-03-03 09:55:30.993] [OPT_GATEWAY] [SUCCESS] 成功拿到服务端响应。
[2026-03-03 09:55:31.580] [OPT_GATEWAY] [SUCCESS] [REQ-016] [第 1 次尝试]
[2026-03-03 09:55:31.581] [OPT_GATEWAY] [ERROR] 写入 RDS 缓存失败: (2003, "Can't connect to MySQL server on 'dbinstance.ccljabrlaulk.us-east-1.rds.amazonaws.com' ([Errno 11001] getaddrinfo failed)")
[2026-03-03 09:55:31.581] [OPT_GATEWAY] [SUCCESS] 成功拿到服务端响应。
[2026-03-03 09:55:32.166] [OPT_GATEWAY] [SUCCESS] [REQ-017] [第 1 次尝试]
[2026-03-03 09:55:32.169] [OPT_GATEWAY] [ERROR] 写入 RDS 缓存失败: (2003, "Can't connect to MySQL server on 'dbinstance.ccljabrlaulk.us-east-1.rds.amazonaws.com' ([Errno 11001] getaddrinfo failed)")
[2026-03-03 09:55:32.169] [OPT_GATEWAY] [SUCCESS] 成功拿到服务端响应。
[2026-03-03 09:55:32.753] [OPT_GATEWAY] [SUCCESS] [REQ-018] [第 1 次尝试]
[2026-03-03 09:55:32.755] [OPT_GATEWAY] [ERROR] 写入 RDS 缓存失败: (2003, "Can't connect to MySQL server on 'dbinstance.ccljabrlaulk.us-east-1.rds.amazonaws.com' ([Errno 11001] getaddrinfo failed)")
[2026-03-03 09:55:32.756] [OPT_GATEWAY] [SUCCESS] 成功拿到服务端响应。
[2026-03-03 09:55:33.359] [OPT_GATEWAY] [SUCCESS] [REQ-019] [第 1 次尝试]
[2026-03-03 09:55:33.361] [OPT_GATEWAY] [ERROR] 写入 RDS 缓存失败: (2003, "Can't connect to MySQL server on 'dbinstance.ccljabrlaulk.us-east-1.rds.amazonaws.com' ([Errno 11001] getaddrinfo failed)")
[2026-03-03 09:55:33.361] [OPT_GATEWAY] [SUCCESS] 成功拿到服务端响应。
[2026-03-03 09:55:33.943] [OPT_GATEWAY] [SUCCESS] [REQ-020] [第 1 次尝试]
[2026-03-03 09:55:33.945] [OPT_GATEWAY] [ERROR] 写入 RDS 缓存失败: (2003, "Can't connect to MySQL server on 'dbinstance.ccljabrlaulk.us-east-1.rds.amazonaws.com' ([Errno 11001] getaddrinfo failed)")
[2026-03-03 09:55:33.945] [OPT_GATEWAY] [SUCCESS] 成功拿到服务端响应。
[2026-03-03 09:55:34.534] [OPT_GATEWAY] [SUCCESS] [REQ-021] [第 1 次尝试]
[2026-03-03 09:55:34.535] [OPT_GATEWAY] [WARNING] [REQ-021] 模拟上游网络丢包。触发网关对 Model_Inference 任务的自适应重试！
[2026-03-03 09:55:34.535] [OPT_GATEWAY] [RETRY] [REQ-021] [第 1 次尝试] 获取响应失败，重试中...
[2026-03-03 09:55:34.813] [OPT_GATEWAY] [SUCCESS] [REQ-021] [第 2 次尝试]
[2026-03-03 09:55:34.855] [OPT_GATEWAY] [ERROR] 写入 RDS 缓存失败: (2003, "Can't connect to MySQL server on 'dbinstance.ccljabrlaulk.us-east-1.rds.amazonaws.com' ([Errno 11001] getaddrinfo failed)")
[2026-03-03 09:55:34.855] [OPT_GATEWAY] [SUCCESS] 成功拿到服务端响应。
[2026-03-03 09:55:35.429] [OPT_GATEWAY] [SUCCESS] [REQ-022] [第 1 次尝试]
[2026-03-03 09:55:35.431] [OPT_GATEWAY] [ERROR] 写入 RDS 缓存失败: (2003, "Can't connect to MySQL server on 'dbinstance.ccljabrlaulk.us-east-1.rds.amazonaws.com' ([Errno 11001] getaddrinfo failed)")
[2026-03-03 09:55:35.431] [OPT_GATEWAY] [SUCCESS] 成功拿到服务端响应。
[2026-03-03 09:55:36.016] [OPT_GATEWAY] [SUCCESS] [REQ-023] [第 1 次尝试]
[2026-03-03 09:55:36.018] [OPT_GATEWAY] [ERROR] 写入 RDS 缓存失败: (2003, "Can't connect to MySQL server on 'dbinstance.ccljabrlaulk.us-east-1.rds.amazonaws.com' ([Errno 11001] getaddrinfo failed)")
[2026-03-03 09:55:36.019] [OPT_GATEWAY] [SUCCESS] 成功拿到服务端响应。
[2026-03-03 09:55:36.600] [OPT_GATEWAY] [SUCCESS] [REQ-024] [第 1 次尝试]
[2026-03-03 09:55:36.602] [OPT_GATEWAY] [ERROR] 写入 RDS 缓存失败: (2003, "Can't connect to MySQL server on 'dbinstance.ccljabrlaulk.us-east-1.rds.amazonaws.com' ([Errno 11001] getaddrinfo failed)")
[2026-03-03 09:55:36.602] [OPT_GATEWAY] [SUCCESS] 成功拿到服务端响应。
[2026-03-03 09:55:37.176] [OPT_GATEWAY] [SUCCESS] [REQ-025] [第 1 次尝试]
[2026-03-03 09:55:37.179] [OPT_GATEWAY] [ERROR] 写入 RDS 缓存失败: (2003, "Can't connect to MySQL server on 'dbinstance.ccljabrlaulk.us-east-1.rds.amazonaws.com' ([Errno 11001] getaddrinfo failed)")
[2026-03-03 09:55:37.179] [OPT_GATEWAY] [SUCCESS] 成功拿到服务端响应。
[2026-03-03 09:55:37.740] [OPT_GATEWAY] [SUCCESS] [REQ-026] [第 1 次尝试]
[2026-03-03 09:55:37.740] [OPT_GATEWAY] [WARNING] [REQ-026] 模拟上游网络丢包。触发网关对 Model_Training 任务的自适应重试！
[2026-03-03 09:55:37.741] [OPT_GATEWAY] [RETRY] [REQ-026] [第 1 次尝试] 获取响应失败，重试中...
[2026-03-03 09:55:37.998] [OPT_GATEWAY] [SUCCESS] [REQ-026] [第 2 次尝试]
[2026-03-03 09:55:37.999] [OPT_GATEWAY] [WARNING] [REQ-026] 模拟上游网络丢包。触发网关对 Model_Training 任务的自适应重试！
[2026-03-03 09:55:38.000] [OPT_GATEWAY] [RETRY] [REQ-026] [第 2 次尝试] 获取响应失败，重试中...
[2026-03-03 09:55:38.280] [OPT_GATEWAY] [SUCCESS] [REQ-026] [第 3 次尝试]
[2026-03-03 09:55:38.282] [OPT_GATEWAY] [ERROR] 写入 RDS 缓存失败: (2003, "Can't connect to MySQL server on 'dbinstance.ccljabrlaulk.us-east-1.rds.amazonaws.com' ([Errno 11001] getaddrinfo failed)")
[2026-03-03 09:55:38.282] [OPT_GATEWAY] [SUCCESS] 成功拿到服务端响应。
[2026-03-03 09:55:38.868] [OPT_GATEWAY] [SUCCESS] [REQ-027] [第 1 次尝试]
[2026-03-03 09:55:38.870] [OPT_GATEWAY] [ERROR] 写入 RDS 缓存失败: (2003, "Can't connect to MySQL server on 'dbinstance.ccljabrlaulk.us-east-1.rds.amazonaws.com' ([Errno 11001] getaddrinfo failed)")
[2026-03-03 09:55:38.870] [OPT_GATEWAY] [SUCCESS] 成功拿到服务端响应。
[2026-03-03 09:55:39.431] [OPT_GATEWAY] [SUCCESS] [REQ-028] [第 1 次尝试]
[2026-03-03 09:55:39.432] [OPT_GATEWAY] [WARNING] [REQ-028] 模拟上游网络丢包。触发网关对 Feature_Extraction 任务的自适应重试！
[2026-03-03 09:55:39.432] [OPT_GATEWAY] [RETRY] [REQ-028] [第 1 次尝试] 获取响应失败，重试中...
[2026-03-03 09:55:39.708] [OPT_GATEWAY] [SUCCESS] [REQ-028] [第 2 次尝试]
[2026-03-03 09:55:39.753] [OPT_GATEWAY] [ERROR] 写入 RDS 缓存失败: (2003, "Can't connect to MySQL server on 'dbinstance.ccljabrlaulk.us-east-1.rds.amazonaws.com' ([Errno 11001] getaddrinfo failed)")
[2026-03-03 09:55:39.753] [OPT_GATEWAY] [SUCCESS] 成功拿到服务端响应。
[2026-03-03 09:55:40.329] [OPT_GATEWAY] [SUCCESS] [REQ-029] [第 1 次尝试]
[2026-03-03 09:55:40.330] [OPT_GATEWAY] [ERROR] 写入 RDS 缓存失败: (2003, "Can't connect to MySQL server on 'dbinstance.ccljabrlaulk.us-east-1.rds.amazonaws.com' ([Errno 11001] getaddrinfo failed)")
[2026-03-03 09:55:40.331] [OPT_GATEWAY] [SUCCESS] 成功拿到服务端响应。
[2026-03-03 09:55:40.331] [OPT_GATEWAY] [FAULT] [REQ-029] 模拟下游网络丢包(Gateway->Client)。导致客户端超时！
[2026-03-03 09:55:46.391] [OPT_GATEWAY] [SUCCESS] [REQ-030] [第 1 次尝试]
[2026-03-03 09:55:46.391] [OPT_GATEWAY] [WARNING] [REQ-030] 模拟上游网络丢包。触发网关对 Model_Training 任务的自适应重试！
[2026-03-03 09:55:46.392] [OPT_GATEWAY] [RETRY] [REQ-030] [第 1 次尝试] 获取响应失败，重试中...
[2026-03-03 09:55:46.667] [OPT_GATEWAY] [SUCCESS] [REQ-030] [第 2 次尝试]
[2026-03-03 09:55:46.707] [OPT_GATEWAY] [ERROR] 写入 RDS 缓存失败: (2003, "Can't connect to MySQL server on 'dbinstance.ccljabrlaulk.us-east-1.rds.amazonaws.com' ([Errno 11001] getaddrinfo failed)")
[2026-03-03 09:55:46.707] [OPT_GATEWAY] [SUCCESS] 成功拿到服务端响应。
[2026-03-03 09:56:26.660] [OPT_GATEWAY] [ERROR] RDS 数据库初始化失败，请检查网络或白名单: (2003, "Can't connect to MySQL server on 'dbinstance.ccljabrlaulk.us-east-1.rds.amazonaws.com' ([Errno 11001] getaddrinfo failed)")
[2026-03-03 09:56:26.719] [OPT_GATEWAY] [START] 网关启动，监听 127.0.0.1:8080 ...
[2026-03-03 09:56:30.587] [OPT_GATEWAY] [SUCCESS] [REQ-001] [第 1 次尝试]
[2026-03-03 09:56:30.589] [OPT_GATEWAY] [ERROR] 写入 RDS 缓存失败: (2003, "Can't connect to MySQL server on 'dbinstance.ccljabrlaulk.us-east-1.rds.amazonaws.com' ([Errno 11001] getaddrinfo failed)")
[2026-03-03 09:56:30.590] [OPT_GATEWAY] [SUCCESS] 成功拿到服务端响应。
[2026-03-03 09:56:31.172] [OPT_GATEWAY] [SUCCESS] [REQ-002] [第 1 次尝试]
[2026-03-03 09:56:31.214] [OPT_GATEWAY] [ERROR] 写入 RDS 缓存失败: (2003, "Can't connect to MySQL server on 'dbinstance.ccljabrlaulk.us-east-1.rds.amazonaws.com' ([Errno 11001] getaddrinfo failed)")
[2026-03-03 09:56:31.215] [OPT_GATEWAY] [SUCCESS] 成功拿到服务端响应。
[2026-03-03 09:56:31.802] [OPT_GATEWAY] [SUCCESS] [REQ-003] [第 1 次尝试]
[2026-03-03 09:56:31.804] [OPT_GATEWAY] [ERROR] 写入 RDS 缓存失败: (2003, "Can't connect to MySQL server on 'dbinstance.ccljabrlaulk.us-east-1.rds.amazonaws.com' ([Errno 11001] getaddrinfo failed)")
[2026-03-03 09:56:31.805] [OPT_GATEWAY] [SUCCESS] 成功拿到服务端响应。
[2026-03-03 09:56:32.390] [OPT_GATEWAY] [SUCCESS] [REQ-004] [第 1 次尝试]
[2026-03-03 09:56:32.393] [OPT_GATEWAY] [ERROR] 写入 RDS 缓存失败: (2003, "Can't connect to MySQL server on 'dbinstance.ccljabrlaulk.us-east-1.rds.amazonaws.com' ([Errno 11001] getaddrinfo failed)")
[2026-03-03 09:56:32.393] [OPT_GATEWAY] [SUCCESS] 成功拿到服务端响应。
[2026-03-03 09:56:32.975] [OPT_GATEWAY] [SUCCESS] [REQ-005] [第 1 次尝试]
[2026-03-03 09:56:32.978] [OPT_GATEWAY] [ERROR] 写入 RDS 缓存失败: (2003, "Can't connect to MySQL server on 'dbinstance.ccljabrlaulk.us-east-1.rds.amazonaws.com' ([Errno 11001] getaddrinfo failed)")
[2026-03-03 09:56:32.978] [OPT_GATEWAY] [SUCCESS] 成功拿到服务端响应。
[2026-03-03 09:56:32.979] [OPT_GATEWAY] [FAULT] [REQ-005] 模拟下游网络丢包(Gateway->Client)。导致客户端超时！
[2026-03-03 09:56:39.053] [OPT_GATEWAY] [SUCCESS] [REQ-006] [第 1 次尝试]
[2026-03-03 09:56:39.054] [OPT_GATEWAY] [WARNING] [REQ-006] 模拟上游网络丢包。触发网关对 Data_Preprocessing 任务的自适应重试！
[2026-03-03 09:56:39.054] [OPT_GATEWAY] [RETRY] [REQ-006] [第 1 次尝试] 获取响应失败，重试中...
[2026-03-03 09:56:39.328] [OPT_GATEWAY] [SUCCESS] [REQ-006] [第 2 次尝试]
[2026-03-03 09:56:39.370] [OPT_GATEWAY] [ERROR] 写入 RDS 缓存失败: (2003, "Can't connect to MySQL server on 'dbinstance.ccljabrlaulk.us-east-1.rds.amazonaws.com' ([Errno 11001] getaddrinfo failed)")
[2026-03-03 09:56:39.371] [OPT_GATEWAY] [SUCCESS] 成功拿到服务端响应。
[2026-03-03 09:56:39.371] [OPT_GATEWAY] [FAULT] [REQ-006] 模拟下游网络丢包(Gateway->Client)。导致客户端超时！
[2026-03-03 09:56:46.761] [OPT_GATEWAY] [SUCCESS] [REQ-007] [第 1 次尝试]
[2026-03-03 09:56:46.802] [OPT_GATEWAY] [ERROR] 写入 RDS 缓存失败: (2003, "Can't connect to MySQL server on 'dbinstance.ccljabrlaulk.us-east-1.rds.amazonaws.com' ([Errno 11001] getaddrinfo failed)")
[2026-03-03 09:56:46.803] [OPT_GATEWAY] [SUCCESS] 成功拿到服务端响应。
[2026-03-03 09:56:47.380] [OPT_GATEWAY] [SUCCESS] [REQ-008] [第 1 次尝试]
[2026-03-03 09:56:47.380] [OPT_GATEWAY] [WARNING] [REQ-008] 模拟上游网络丢包。触发网关对 Model_Inference 任务的自适应重试！
[2026-03-03 09:56:47.380] [OPT_GATEWAY] [RETRY] [REQ-008] [第 1 次尝试] 获取响应失败，重试中...
[2026-03-03 09:56:47.646] [OPT_GATEWAY] [SUCCESS] [REQ-008] [第 2 次尝试]
[2026-03-03 09:56:47.647] [OPT_GATEWAY] [ERROR] 写入 RDS 缓存失败: (2003, "Can't connect to MySQL server on 'dbinstance.ccljabrlaulk.us-east-1.rds.amazonaws.com' ([Errno 11001] getaddrinfo failed)")
[2026-03-03 09:56:47.648] [OPT_GATEWAY] [SUCCESS] 成功拿到服务端响应。
[2026-03-03 09:56:48.229] [OPT_GATEWAY] [SUCCESS] [REQ-009] [第 1 次尝试]
[2026-03-03 09:56:48.231] [OPT_GATEWAY] [ERROR] 写入 RDS 缓存失败: (2003, "Can't connect to MySQL server on 'dbinstance.ccljabrlaulk.us-east-1.rds.amazonaws.com' ([Errno 11001] getaddrinfo failed)")
[2026-03-03 09:56:48.231] [OPT_GATEWAY] [SUCCESS] 成功拿到服务端响应。
[2026-03-03 09:56:48.232] [OPT_GATEWAY] [FAULT] [REQ-009] 模拟下游网络丢包(Gateway->Client)。导致客户端超时！
[2026-03-03 09:56:54.304] [OPT_GATEWAY] [SUCCESS] [REQ-010] [第 1 次尝试]
[2026-03-03 09:56:54.345] [OPT_GATEWAY] [ERROR] 写入 RDS 缓存失败: (2003, "Can't connect to MySQL server on 'dbinstance.ccljabrlaulk.us-east-1.rds.amazonaws.com' ([Errno 11001] getaddrinfo failed)")
[2026-03-03 09:56:54.346] [OPT_GATEWAY] [SUCCESS] 成功拿到服务端响应。
[2026-03-03 09:56:54.347] [OPT_GATEWAY] [FAULT] [REQ-010] 模拟下游网络丢包(Gateway->Client)。导致客户端超时！
[2026-03-03 09:57:00.565] [OPT_GATEWAY] [SUCCESS] [REQ-011] [第 1 次尝试]
[2026-03-03 09:57:00.606] [OPT_GATEWAY] [ERROR] 写入 RDS 缓存失败: (2003, "Can't connect to MySQL server on 'dbinstance.ccljabrlaulk.us-east-1.rds.amazonaws.com' ([Errno 11001] getaddrinfo failed)")
[2026-03-03 09:57:00.607] [OPT_GATEWAY] [SUCCESS] 成功拿到服务端响应。
[2026-03-03 09:57:01.192] [OPT_GATEWAY] [SUCCESS] [REQ-012] [第 1 次尝试]
[2026-03-03 09:57:01.193] [OPT_GATEWAY] [ERROR] 写入 RDS 缓存失败: (2003, "Can't connect to MySQL server on 'dbinstance.ccljabrlaulk.us-east-1.rds.amazonaws.com' ([Errno 11001] getaddrinfo failed)")
[2026-03-03 09:57:01.193] [OPT_GATEWAY] [SUCCESS] 成功拿到服务端响应。
[2026-03-03 09:57:01.771] [OPT_GATEWAY] [SUCCESS] [REQ-013] [第 1 次尝试]
[2026-03-03 09:57:01.773] [OPT_GATEWAY] [ERROR] 写入 RDS 缓存失败: (2003, "Can't connect to MySQL server on 'dbinstance.ccljabrlaulk.us-east-1.rds.amazonaws.com' ([Errno 11001] getaddrinfo failed)")
[2026-03-03 09:57:01.773] [OPT_GATEWAY] [SUCCESS] 成功拿到服务端响应。
[2026-03-03 09:57:02.368] [OPT_GATEWAY] [SUCCESS] [REQ-014] [第 1 次尝试]
[2026-03-03 09:57:02.371] [OPT_GATEWAY] [ERROR] 写入 RDS 缓存失败: (2003, "Can't connect to MySQL server on 'dbinstance.ccljabrlaulk.us-east-1.rds.amazonaws.com' ([Errno 11001] getaddrinfo failed)")
[2026-03-03 09:57:02.371] [OPT_GATEWAY] [SUCCESS] 成功拿到服务端响应。
[2026-03-03 09:57:02.966] [OPT_GATEWAY] [SUCCESS] [REQ-015] [第 1 次尝试]
[2026-03-03 09:57:02.967] [OPT_GATEWAY] [ERROR] 写入 RDS 缓存失败: (2003, "Can't connect to MySQL server on 'dbinstance.ccljabrlaulk.us-east-1.rds.amazonaws.com' ([Errno 11001] getaddrinfo failed)")
[2026-03-03 09:57:02.968] [OPT_GATEWAY] [SUCCESS] 成功拿到服务端响应。
[2026-03-03 09:57:03.542] [OPT_GATEWAY] [SUCCESS] [REQ-016] [第 1 次尝试]
[2026-03-03 09:57:03.543] [OPT_GATEWAY] [ERROR] 写入 RDS 缓存失败: (2003, "Can't connect to MySQL server on 'dbinstance.ccljabrlaulk.us-east-1.rds.amazonaws.com' ([Errno 11001] getaddrinfo failed)")
[2026-03-03 09:57:03.543] [OPT_GATEWAY] [SUCCESS] 成功拿到服务端响应。
[2026-03-03 09:57:04.125] [OPT_GATEWAY] [SUCCESS] [REQ-017] [第 1 次尝试]
[2026-03-03 09:57:04.126] [OPT_GATEWAY] [ERROR] 写入 RDS 缓存失败: (2003, "Can't connect to MySQL server on 'dbinstance.ccljabrlaulk.us-east-1.rds.amazonaws.com' ([Errno 11001] getaddrinfo failed)")
[2026-03-03 09:57:04.127] [OPT_GATEWAY] [SUCCESS] 成功拿到服务端响应。
[2026-03-03 09:57:04.687] [OPT_GATEWAY] [SUCCESS] [REQ-018] [第 1 次尝试]
[2026-03-03 09:57:04.688] [OPT_GATEWAY] [ERROR] 写入 RDS 缓存失败: (2003, "Can't connect to MySQL server on 'dbinstance.ccljabrlaulk.us-east-1.rds.amazonaws.com' ([Errno 11001] getaddrinfo failed)")
[2026-03-03 09:57:04.689] [OPT_GATEWAY] [SUCCESS] 成功拿到服务端响应。
[2026-03-03 09:57:05.251] [OPT_GATEWAY] [SUCCESS] [REQ-019] [第 1 次尝试]
[2026-03-03 09:57:05.294] [OPT_GATEWAY] [ERROR] 写入 RDS 缓存失败: (2003, "Can't connect to MySQL server on 'dbinstance.ccljabrlaulk.us-east-1.rds.amazonaws.com' ([Errno 11001] getaddrinfo failed)")
[2026-03-03 09:57:05.295] [OPT_GATEWAY] [SUCCESS] 成功拿到服务端响应。
[2026-03-03 09:57:05.862] [OPT_GATEWAY] [SUCCESS] [REQ-020] [第 1 次尝试]
[2026-03-03 09:57:05.862] [OPT_GATEWAY] [WARNING] [REQ-020] 模拟上游网络丢包。触发网关对 Model_Training 任务的自适应重试！
[2026-03-03 09:57:05.863] [OPT_GATEWAY] [RETRY] [REQ-020] [第 1 次尝试] 获取响应失败，重试中...
[2026-03-03 09:57:06.119] [OPT_GATEWAY] [SUCCESS] [REQ-020] [第 2 次尝试]
[2026-03-03 09:57:06.121] [OPT_GATEWAY] [ERROR] 写入 RDS 缓存失败: (2003, "Can't connect to MySQL server on 'dbinstance.ccljabrlaulk.us-east-1.rds.amazonaws.com' ([Errno 11001] getaddrinfo failed)")
[2026-03-03 09:57:06.121] [OPT_GATEWAY] [SUCCESS] 成功拿到服务端响应。
[2026-03-03 09:57:06.681] [OPT_GATEWAY] [SUCCESS] [REQ-021] [第 1 次尝试]
[2026-03-03 09:57:06.683] [OPT_GATEWAY] [ERROR] 写入 RDS 缓存失败: (2003, "Can't connect to MySQL server on 'dbinstance.ccljabrlaulk.us-east-1.rds.amazonaws.com' ([Errno 11001] getaddrinfo failed)")
[2026-03-03 09:57:06.684] [OPT_GATEWAY] [SUCCESS] 成功拿到服务端响应。
[2026-03-03 09:57:06.684] [OPT_GATEWAY] [FAULT] [REQ-021] 模拟下游网络丢包(Gateway->Client)。导致客户端超时！
[2026-03-03 09:57:12.764] [OPT_GATEWAY] [SUCCESS] [REQ-022] [第 1 次尝试]
[2026-03-03 09:57:12.810] [OPT_GATEWAY] [ERROR] 写入 RDS 缓存失败: (2003, "Can't connect to MySQL server on 'dbinstance.ccljabrlaulk.us-east-1.rds.amazonaws.com' ([Errno 11001] getaddrinfo failed)")
[2026-03-03 09:57:12.810] [OPT_GATEWAY] [SUCCESS] 成功拿到服务端响应。
[2026-03-03 09:57:12.811] [OPT_GATEWAY] [FAULT] [REQ-022] 模拟下游网络丢包(Gateway->Client)。导致客户端超时！
[2026-03-03 09:57:19.025] [OPT_GATEWAY] [SUCCESS] [REQ-023] [第 1 次尝试]
[2026-03-03 09:57:19.026] [OPT_GATEWAY] [WARNING] [REQ-023] 模拟上游网络丢包。触发网关对 Model_Training 任务的自适应重试！
[2026-03-03 09:57:19.026] [OPT_GATEWAY] [RETRY] [REQ-023] [第 1 次尝试] 获取响应失败，重试中...
[2026-03-03 09:57:19.301] [OPT_GATEWAY] [SUCCESS] [REQ-023] [第 2 次尝试]
[2026-03-03 09:57:19.340] [OPT_GATEWAY] [ERROR] 写入 RDS 缓存失败: (2003, "Can't connect to MySQL server on 'dbinstance.ccljabrlaulk.us-east-1.rds.amazonaws.com' ([Errno 11001] getaddrinfo failed)")
[2026-03-03 09:57:19.341] [OPT_GATEWAY] [SUCCESS] 成功拿到服务端响应。
[2026-03-03 09:57:19.904] [OPT_GATEWAY] [SUCCESS] [REQ-024] [第 1 次尝试]
[2026-03-03 09:57:19.905] [OPT_GATEWAY] [ERROR] 写入 RDS 缓存失败: (2003, "Can't connect to MySQL server on 'dbinstance.ccljabrlaulk.us-east-1.rds.amazonaws.com' ([Errno 11001] getaddrinfo failed)")
[2026-03-03 09:57:19.906] [OPT_GATEWAY] [SUCCESS] 成功拿到服务端响应。
[2026-03-03 09:57:20.489] [OPT_GATEWAY] [SUCCESS] [REQ-025] [第 1 次尝试]
[2026-03-03 09:57:20.491] [OPT_GATEWAY] [ERROR] 写入 RDS 缓存失败: (2003, "Can't connect to MySQL server on 'dbinstance.ccljabrlaulk.us-east-1.rds.amazonaws.com' ([Errno 11001] getaddrinfo failed)")
[2026-03-03 09:57:20.491] [OPT_GATEWAY] [SUCCESS] 成功拿到服务端响应。
[2026-03-03 09:57:21.067] [OPT_GATEWAY] [SUCCESS] [REQ-026] [第 1 次尝试]
[2026-03-03 09:57:21.070] [OPT_GATEWAY] [ERROR] 写入 RDS 缓存失败: (2003, "Can't connect to MySQL server on 'dbinstance.ccljabrlaulk.us-east-1.rds.amazonaws.com' ([Errno 11001] getaddrinfo failed)")
[2026-03-03 09:57:21.071] [OPT_GATEWAY] [SUCCESS] 成功拿到服务端响应。
[2026-03-03 09:57:21.647] [OPT_GATEWAY] [SUCCESS] [REQ-027] [第 1 次尝试]
[2026-03-03 09:57:21.648] [OPT_GATEWAY] [WARNING] [REQ-027] 模拟上游网络丢包。触发网关对 Model_Training 任务的自适应重试！
[2026-03-03 09:57:21.648] [OPT_GATEWAY] [RETRY] [REQ-027] [第 1 次尝试] 获取响应失败，重试中...
[2026-03-03 09:57:21.905] [OPT_GATEWAY] [SUCCESS] [REQ-027] [第 2 次尝试]
[2026-03-03 09:57:21.908] [OPT_GATEWAY] [ERROR] 写入 RDS 缓存失败: (2003, "Can't connect to MySQL server on 'dbinstance.ccljabrlaulk.us-east-1.rds.amazonaws.com' ([Errno 11001] getaddrinfo failed)")
[2026-03-03 09:57:21.909] [OPT_GATEWAY] [SUCCESS] 成功拿到服务端响应。
[2026-03-03 09:57:21.909] [OPT_GATEWAY] [FAULT] [REQ-027] 模拟下游网络丢包(Gateway->Client)。导致客户端超时！
[2026-03-03 09:57:28.130] [OPT_GATEWAY] [SUCCESS] [REQ-028] [第 1 次尝试]
[2026-03-03 09:57:28.462] [OPT_GATEWAY] [ERROR] 写入 RDS 缓存失败: (2003, "Can't connect to MySQL server on 'dbinstance.ccljabrlaulk.us-east-1.rds.amazonaws.com' ([Errno 11001] getaddrinfo failed)")
[2026-03-03 09:57:28.463] [OPT_GATEWAY] [SUCCESS] 成功拿到服务端响应。
[2026-03-03 09:57:29.053] [OPT_GATEWAY] [SUCCESS] [REQ-029] [第 1 次尝试]
[2026-03-03 09:57:29.056] [OPT_GATEWAY] [ERROR] 写入 RDS 缓存失败: (2003, "Can't connect to MySQL server on 'dbinstance.ccljabrlaulk.us-east-1.rds.amazonaws.com' ([Errno 11001] getaddrinfo failed)")
[2026-03-03 09:57:29.057] [OPT_GATEWAY] [SUCCESS] 成功拿到服务端响应。
[2026-03-03 09:57:29.618] [OPT_GATEWAY] [SUCCESS] [REQ-030] [第 1 次尝试]
[2026-03-03 09:57:29.619] [OPT_GATEWAY] [WARNING] [REQ-030] 模拟上游网络丢包。触发网关对 Data_Preprocessing 任务的自适应重试！
[2026-03-03 09:57:29.619] [OPT_GATEWAY] [RETRY] [REQ-030] [第 1 次尝试] 获取响应失败，重试中...
[2026-03-03 09:57:29.875] [OPT_GATEWAY] [SUCCESS] [REQ-030] [第 2 次尝试]
[2026-03-03 09:57:29.878] [OPT_GATEWAY] [ERROR] 写入 RDS 缓存失败: (2003, "Can't connect to MySQL server on 'dbinstance.ccljabrlaulk.us-east-1.rds.amazonaws.com' ([Errno 11001] getaddrinfo failed)")
[2026-03-03 09:57:29.878] [OPT_GATEWAY] [SUCCESS] 成功拿到服务端响应。
[2026-03-03 10:06:09.813] [OPT_GATEWAY] [ERROR] RDS 数据库初始化失败，请检查网络或白名单: (2003, "Can't connect to MySQL server on 'dbinstance.ccljabrlaulk.us-east-1.rds.amazonaws.com' ([Errno 11001] getaddrinfo failed)")
[2026-03-03 10:06:09.869] [OPT_GATEWAY] [START] 网关启动，监听 127.0.0.1:8080 ...
[2026-03-03 10:06:19.906] [OPT_GATEWAY] [ERROR] RDS 数据库初始化失败，请检查网络或白名单: (2003, "Can't connect to MySQL server on 'dbinstance.ccljabrlaulk.us-east-1.rds.amazonaws.com' ([Errno 11001] getaddrinfo failed)")
[2026-03-03 10:06:19.966] [OPT_GATEWAY] [START] 网关启动，监听 127.0.0.1:8080 ...
[2026-03-03 10:06:40.089] [OPT_GATEWAY] [SUCCESS] [REQ-001] [第 1 次尝试]
[2026-03-03 10:06:40.089] [OPT_GATEWAY] [WARNING] [REQ-001] 模拟上游网络丢包。触发网关对 Model_Inference 任务的自适应重试！
[2026-03-03 10:06:40.090] [OPT_GATEWAY] [RETRY] [REQ-001] [第 1 次尝试] 获取响应失败，重试中...
[2026-03-03 10:06:40.348] [OPT_GATEWAY] [SUCCESS] [REQ-001] [第 2 次尝试]
[2026-03-03 10:06:40.392] [OPT_GATEWAY] [ERROR] 写入 RDS 缓存失败: (2003, "Can't connect to MySQL server on 'dbinstance.ccljabrlaulk.us-east-1.rds.amazonaws.com' ([Errno 11001] getaddrinfo failed)")
[2026-03-03 10:06:40.393] [OPT_GATEWAY] [SUCCESS] 成功拿到服务端响应。
[2026-03-03 10:06:40.393] [OPT_GATEWAY] [FAULT] [REQ-001] 模拟下游网络丢包(Gateway->Client)。导致客户端超时！
[2026-03-03 10:06:46.475] [OPT_GATEWAY] [SUCCESS] [REQ-002] [第 1 次尝试]
[2026-03-03 10:06:46.516] [OPT_GATEWAY] [ERROR] 写入 RDS 缓存失败: (2003, "Can't connect to MySQL server on 'dbinstance.ccljabrlaulk.us-east-1.rds.amazonaws.com' ([Errno 11001] getaddrinfo failed)")
[2026-03-03 10:06:46.517] [OPT_GATEWAY] [SUCCESS] 成功拿到服务端响应。
[2026-03-03 10:06:47.813] [OPT_GATEWAY] [SUCCESS] [REQ-003] [第 1 次尝试]
[2026-03-03 10:06:47.813] [OPT_GATEWAY] [WARNING] [REQ-003] 模拟上游网络丢包。触发网关对 Model_Training 任务的自适应重试！
[2026-03-03 10:06:47.814] [OPT_GATEWAY] [RETRY] [REQ-003] [第 1 次尝试] 获取响应失败，重试中...
[2026-03-03 10:06:48.071] [OPT_GATEWAY] [SUCCESS] [REQ-003] [第 2 次尝试]
[2026-03-03 10:06:48.072] [OPT_GATEWAY] [ERROR] 写入 RDS 缓存失败: (2003, "Can't connect to MySQL server on 'dbinstance.ccljabrlaulk.us-east-1.rds.amazonaws.com' ([Errno 11001] getaddrinfo failed)")
[2026-03-03 10:06:48.072] [OPT_GATEWAY] [SUCCESS] 成功拿到服务端响应。
[2026-03-03 10:06:48.647] [OPT_GATEWAY] [SUCCESS] [REQ-004] [第 1 次尝试]
[2026-03-03 10:06:48.647] [OPT_GATEWAY] [WARNING] [REQ-004] 模拟上游网络丢包。触发网关对 Model_Inference 任务的自适应重试！
[2026-03-03 10:06:48.648] [OPT_GATEWAY] [RETRY] [REQ-004] [第 1 次尝试] 获取响应失败，重试中...
[2026-03-03 10:06:48.916] [OPT_GATEWAY] [SUCCESS] [REQ-004] [第 2 次尝试]
[2026-03-03 10:06:48.918] [OPT_GATEWAY] [ERROR] 写入 RDS 缓存失败: (2003, "Can't connect to MySQL server on 'dbinstance.ccljabrlaulk.us-east-1.rds.amazonaws.com' ([Errno 11001] getaddrinfo failed)")
[2026-03-03 10:06:48.918] [OPT_GATEWAY] [SUCCESS] 成功拿到服务端响应。
[2026-03-03 10:06:48.918] [OPT_GATEWAY] [FAULT] [REQ-004] 模拟下游网络丢包(Gateway->Client)。导致客户端超时！
[2026-03-03 10:06:55.132] [OPT_GATEWAY] [SUCCESS] [REQ-005] [第 1 次尝试]
[2026-03-03 10:06:55.178] [OPT_GATEWAY] [ERROR] 写入 RDS 缓存失败: (2003, "Can't connect to MySQL server on 'dbinstance.ccljabrlaulk.us-east-1.rds.amazonaws.com' ([Errno 11001] getaddrinfo failed)")
[2026-03-03 10:06:55.179] [OPT_GATEWAY] [SUCCESS] 成功拿到服务端响应。
[2026-03-03 10:06:55.742] [OPT_GATEWAY] [SUCCESS] [REQ-006] [第 1 次尝试]
[2026-03-03 10:06:55.743] [OPT_GATEWAY] [ERROR] 写入 RDS 缓存失败: (2003, "Can't connect to MySQL server on 'dbinstance.ccljabrlaulk.us-east-1.rds.amazonaws.com' ([Errno 11001] getaddrinfo failed)")
[2026-03-03 10:06:55.743] [OPT_GATEWAY] [SUCCESS] 成功拿到服务端响应。
[2026-03-03 10:06:56.307] [OPT_GATEWAY] [SUCCESS] [REQ-007] [第 1 次尝试]
[2026-03-03 10:06:56.310] [OPT_GATEWAY] [ERROR] 写入 RDS 缓存失败: (2003, "Can't connect to MySQL server on 'dbinstance.ccljabrlaulk.us-east-1.rds.amazonaws.com' ([Errno 11001] getaddrinfo failed)")
[2026-03-03 10:06:56.310] [OPT_GATEWAY] [SUCCESS] 成功拿到服务端响应。
[2026-03-03 10:06:56.872] [OPT_GATEWAY] [SUCCESS] [REQ-008] [第 1 次尝试]
[2026-03-03 10:06:56.874] [OPT_GATEWAY] [ERROR] 写入 RDS 缓存失败: (2003, "Can't connect to MySQL server on 'dbinstance.ccljabrlaulk.us-east-1.rds.amazonaws.com' ([Errno 11001] getaddrinfo failed)")
[2026-03-03 10:06:56.874] [OPT_GATEWAY] [SUCCESS] 成功拿到服务端响应。
[2026-03-03 10:06:57.469] [OPT_GATEWAY] [SUCCESS] [REQ-009] [第 1 次尝试]
[2026-03-03 10:06:57.471] [OPT_GATEWAY] [ERROR] 写入 RDS 缓存失败: (2003, "Can't connect to MySQL server on 'dbinstance.ccljabrlaulk.us-east-1.rds.amazonaws.com' ([Errno 11001] getaddrinfo failed)")
[2026-03-03 10:06:57.471] [OPT_GATEWAY] [SUCCESS] 成功拿到服务端响应。
[2026-03-03 10:06:58.059] [OPT_GATEWAY] [SUCCESS] [REQ-010] [第 1 次尝试]
[2026-03-03 10:06:58.061] [OPT_GATEWAY] [ERROR] 写入 RDS 缓存失败: (2003, "Can't connect to MySQL server on 'dbinstance.ccljabrlaulk.us-east-1.rds.amazonaws.com' ([Errno 11001] getaddrinfo failed)")
[2026-03-03 10:06:58.062] [OPT_GATEWAY] [SUCCESS] 成功拿到服务端响应。
[2026-03-03 10:06:58.621] [OPT_GATEWAY] [SUCCESS] [REQ-011] [第 1 次尝试]
[2026-03-03 10:06:58.622] [OPT_GATEWAY] [ERROR] 写入 RDS 缓存失败: (2003, "Can't connect to MySQL server on 'dbinstance.ccljabrlaulk.us-east-1.rds.amazonaws.com' ([Errno 11001] getaddrinfo failed)")
[2026-03-03 10:06:58.623] [OPT_GATEWAY] [SUCCESS] 成功拿到服务端响应。
[2026-03-03 10:06:59.191] [OPT_GATEWAY] [SUCCESS] [REQ-012] [第 1 次尝试]
[2026-03-03 10:06:59.193] [OPT_GATEWAY] [ERROR] 写入 RDS 缓存失败: (2003, "Can't connect to MySQL server on 'dbinstance.ccljabrlaulk.us-east-1.rds.amazonaws.com' ([Errno 11001] getaddrinfo failed)")
[2026-03-03 10:06:59.193] [OPT_GATEWAY] [SUCCESS] 成功拿到服务端响应。
[2026-03-03 10:06:59.781] [OPT_GATEWAY] [SUCCESS] [REQ-013] [第 1 次尝试]
[2026-03-03 10:06:59.782] [OPT_GATEWAY] [WARNING] [REQ-013] 模拟上游网络丢包。触发网关对 Feature_Extraction 任务的自适应重试！
[2026-03-03 10:06:59.782] [OPT_GATEWAY] [RETRY] [REQ-013] [第 1 次尝试] 获取响应失败，重试中...
[2026-03-03 10:07:00.056] [OPT_GATEWAY] [SUCCESS] [REQ-013] [第 2 次尝试]
[2026-03-03 10:07:00.103] [OPT_GATEWAY] [ERROR] 写入 RDS 缓存失败: (2003, "Can't connect to MySQL server on 'dbinstance.ccljabrlaulk.us-east-1.rds.amazonaws.com' ([Errno 11001] getaddrinfo failed)")
[2026-03-03 10:07:00.104] [OPT_GATEWAY] [SUCCESS] 成功拿到服务端响应。
[2026-03-03 10:07:00.666] [OPT_GATEWAY] [SUCCESS] [REQ-014] [第 1 次尝试]
[2026-03-03 10:07:00.666] [OPT_GATEWAY] [WARNING] [REQ-014] 模拟上游网络丢包。触发网关对 Feature_Extraction 任务的自适应重试！
[2026-03-03 10:07:00.667] [OPT_GATEWAY] [RETRY] [REQ-014] [第 1 次尝试] 获取响应失败，重试中...
[2026-03-03 10:07:00.941] [OPT_GATEWAY] [SUCCESS] [REQ-014] [第 2 次尝试]
[2026-03-03 10:07:00.943] [OPT_GATEWAY] [ERROR] 写入 RDS 缓存失败: (2003, "Can't connect to MySQL server on 'dbinstance.ccljabrlaulk.us-east-1.rds.amazonaws.com' ([Errno 11001] getaddrinfo failed)")
[2026-03-03 10:07:00.944] [OPT_GATEWAY] [SUCCESS] 成功拿到服务端响应。
[2026-03-03 10:07:01.517] [OPT_GATEWAY] [SUCCESS] [REQ-015] [第 1 次尝试]
[2026-03-03 10:07:01.518] [OPT_GATEWAY] [ERROR] 写入 RDS 缓存失败: (2003, "Can't connect to MySQL server on 'dbinstance.ccljabrlaulk.us-east-1.rds.amazonaws.com' ([Errno 11001] getaddrinfo failed)")
[2026-03-03 10:07:01.518] [OPT_GATEWAY] [SUCCESS] 成功拿到服务端响应。
[2026-03-03 10:07:02.095] [OPT_GATEWAY] [SUCCESS] [REQ-016] [第 1 次尝试]
[2026-03-03 10:07:02.097] [OPT_GATEWAY] [ERROR] 写入 RDS 缓存失败: (2003, "Can't connect to MySQL server on 'dbinstance.ccljabrlaulk.us-east-1.rds.amazonaws.com' ([Errno 11001] getaddrinfo failed)")
[2026-03-03 10:07:02.097] [OPT_GATEWAY] [SUCCESS] 成功拿到服务端响应。
[2026-03-03 10:07:02.098] [OPT_GATEWAY] [FAULT] [REQ-016] 模拟下游网络丢包(Gateway->Client)。导致客户端超时！
[2026-03-03 10:07:08.286] [OPT_GATEWAY] [SUCCESS] [REQ-017] [第 1 次尝试]
[2026-03-03 10:07:08.326] [OPT_GATEWAY] [ERROR] 写入 RDS 缓存失败: (2003, "Can't connect to MySQL server on 'dbinstance.ccljabrlaulk.us-east-1.rds.amazonaws.com' ([Errno 11001] getaddrinfo failed)")
[2026-03-03 10:07:08.329] [OPT_GATEWAY] [SUCCESS] 成功拿到服务端响应。
[2026-03-03 10:07:08.925] [OPT_GATEWAY] [SUCCESS] [REQ-018] [第 1 次尝试]
[2026-03-03 10:07:08.928] [OPT_GATEWAY] [ERROR] 写入 RDS 缓存失败: (2003, "Can't connect to MySQL server on 'dbinstance.ccljabrlaulk.us-east-1.rds.amazonaws.com' ([Errno 11001] getaddrinfo failed)")
[2026-03-03 10:07:08.928] [OPT_GATEWAY] [SUCCESS] 成功拿到服务端响应。
[2026-03-03 10:07:08.928] [OPT_GATEWAY] [FAULT] [REQ-018] 模拟下游网络丢包(Gateway->Client)。导致客户端超时！
[2026-03-03 10:07:15.120] [OPT_GATEWAY] [SUCCESS] [REQ-019] [第 1 次尝试]
[2026-03-03 10:07:15.159] [OPT_GATEWAY] [ERROR] 写入 RDS 缓存失败: (2003, "Can't connect to MySQL server on 'dbinstance.ccljabrlaulk.us-east-1.rds.amazonaws.com' ([Errno 11001] getaddrinfo failed)")
[2026-03-03 10:07:15.160] [OPT_GATEWAY] [SUCCESS] 成功拿到服务端响应。
[2026-03-03 10:07:15.758] [OPT_GATEWAY] [SUCCESS] [REQ-020] [第 1 次尝试]
[2026-03-03 10:07:15.760] [OPT_GATEWAY] [ERROR] 写入 RDS 缓存失败: (2003, "Can't connect to MySQL server on 'dbinstance.ccljabrlaulk.us-east-1.rds.amazonaws.com' ([Errno 11001] getaddrinfo failed)")
[2026-03-03 10:07:15.761] [OPT_GATEWAY] [SUCCESS] 成功拿到服务端响应。
[2026-03-03 10:07:16.338] [OPT_GATEWAY] [SUCCESS] [REQ-021] [第 1 次尝试]
[2026-03-03 10:07:16.340] [OPT_GATEWAY] [ERROR] 写入 RDS 缓存失败: (2003, "Can't connect to MySQL server on 'dbinstance.ccljabrlaulk.us-east-1.rds.amazonaws.com' ([Errno 11001] getaddrinfo failed)")
[2026-03-03 10:07:16.340] [OPT_GATEWAY] [SUCCESS] 成功拿到服务端响应。
[2026-03-03 10:07:16.927] [OPT_GATEWAY] [SUCCESS] [REQ-022] [第 1 次尝试]
[2026-03-03 10:07:16.929] [OPT_GATEWAY] [ERROR] 写入 RDS 缓存失败: (2003, "Can't connect to MySQL server on 'dbinstance.ccljabrlaulk.us-east-1.rds.amazonaws.com' ([Errno 11001] getaddrinfo failed)")
[2026-03-03 10:07:16.930] [OPT_GATEWAY] [SUCCESS] 成功拿到服务端响应。
[2026-03-03 10:07:16.930] [OPT_GATEWAY] [FAULT] [REQ-022] 模拟下游网络丢包(Gateway->Client)。导致客户端超时！
[2026-03-03 10:07:22.988] [OPT_GATEWAY] [SUCCESS] [REQ-023] [第 1 次尝试]
[2026-03-03 10:07:23.030] [OPT_GATEWAY] [ERROR] 写入 RDS 缓存失败: (2003, "Can't connect to MySQL server on 'dbinstance.ccljabrlaulk.us-east-1.rds.amazonaws.com' ([Errno 11001] getaddrinfo failed)")
[2026-03-03 10:07:23.031] [OPT_GATEWAY] [SUCCESS] 成功拿到服务端响应。
[2026-03-03 10:07:23.031] [OPT_GATEWAY] [FAULT] [REQ-023] 模拟下游网络丢包(Gateway->Client)。导致客户端超时！
[2026-03-03 10:07:29.240] [OPT_GATEWAY] [SUCCESS] [REQ-024] [第 1 次尝试]
[2026-03-03 10:07:29.281] [OPT_GATEWAY] [ERROR] 写入 RDS 缓存失败: (2003, "Can't connect to MySQL server on 'dbinstance.ccljabrlaulk.us-east-1.rds.amazonaws.com' ([Errno 11001] getaddrinfo failed)")
[2026-03-03 10:07:29.282] [OPT_GATEWAY] [SUCCESS] 成功拿到服务端响应。
[2026-03-03 10:07:29.282] [OPT_GATEWAY] [FAULT] [REQ-024] 模拟下游网络丢包(Gateway->Client)。导致客户端超时！
[2026-03-03 10:07:35.487] [OPT_GATEWAY] [SUCCESS] [REQ-025] [第 1 次尝试]
[2026-03-03 10:07:35.526] [OPT_GATEWAY] [ERROR] 写入 RDS 缓存失败: (2003, "Can't connect to MySQL server on 'dbinstance.ccljabrlaulk.us-east-1.rds.amazonaws.com' ([Errno 11001] getaddrinfo failed)")
[2026-03-03 10:07:35.527] [OPT_GATEWAY] [SUCCESS] 成功拿到服务端响应。
[2026-03-03 10:07:36.112] [OPT_GATEWAY] [SUCCESS] [REQ-026] [第 1 次尝试]
[2026-03-03 10:07:36.112] [OPT_GATEWAY] [WARNING] [REQ-026] 模拟上游网络丢包。触发网关对 Data_Preprocessing 任务的自适应重试！
[2026-03-03 10:07:36.113] [OPT_GATEWAY] [RETRY] [REQ-026] [第 1 次尝试] 获取响应失败，重试中...
[2026-03-03 10:07:36.375] [OPT_GATEWAY] [SUCCESS] [REQ-026] [第 2 次尝试]
[2026-03-03 10:07:36.379] [OPT_GATEWAY] [ERROR] 写入 RDS 缓存失败: (2003, "Can't connect to MySQL server on 'dbinstance.ccljabrlaulk.us-east-1.rds.amazonaws.com' ([Errno 11001] getaddrinfo failed)")
[2026-03-03 10:07:36.381] [OPT_GATEWAY] [SUCCESS] 成功拿到服务端响应。
[2026-03-03 10:07:36.382] [OPT_GATEWAY] [FAULT] [REQ-026] 模拟下游网络丢包(Gateway->Client)。导致客户端超时！
[2026-03-03 10:07:42.569] [OPT_GATEWAY] [SUCCESS] [REQ-027] [第 1 次尝试]
[2026-03-03 10:07:42.612] [OPT_GATEWAY] [ERROR] 写入 RDS 缓存失败: (2003, "Can't connect to MySQL server on 'dbinstance.ccljabrlaulk.us-east-1.rds.amazonaws.com' ([Errno 11001] getaddrinfo failed)")
[2026-03-03 10:07:42.613] [OPT_GATEWAY] [SUCCESS] 成功拿到服务端响应。
[2026-03-03 10:07:43.206] [OPT_GATEWAY] [SUCCESS] [REQ-028] [第 1 次尝试]
[2026-03-03 10:07:43.208] [OPT_GATEWAY] [ERROR] 写入 RDS 缓存失败: (2003, "Can't connect to MySQL server on 'dbinstance.ccljabrlaulk.us-east-1.rds.amazonaws.com' ([Errno 11001] getaddrinfo failed)")
[2026-03-03 10:07:43.209] [OPT_GATEWAY] [SUCCESS] 成功拿到服务端响应。
[2026-03-03 10:07:43.209] [OPT_GATEWAY] [FAULT] [REQ-028] 模拟下游网络丢包(Gateway->Client)。导致客户端超时！
[2026-03-03 10:07:49.394] [OPT_GATEWAY] [SUCCESS] [REQ-029] [第 1 次尝试]
[2026-03-03 10:07:49.435] [OPT_GATEWAY] [ERROR] 写入 RDS 缓存失败: (2003, "Can't connect to MySQL server on 'dbinstance.ccljabrlaulk.us-east-1.rds.amazonaws.com' ([Errno 11001] getaddrinfo failed)")
[2026-03-03 10:07:49.435] [OPT_GATEWAY] [SUCCESS] 成功拿到服务端响应。
[2026-03-03 10:07:49.998] [OPT_GATEWAY] [SUCCESS] [REQ-030] [第 1 次尝试]
[2026-03-03 10:07:49.998] [OPT_GATEWAY] [WARNING] [REQ-030] 模拟上游网络丢包。触发网关对 Data_Preprocessing 任务的自适应重试！
[2026-03-03 10:07:49.999] [OPT_GATEWAY] [RETRY] [REQ-030] [第 1 次尝试] 获取响应失败，重试中...
[2026-03-03 10:07:50.272] [OPT_GATEWAY] [SUCCESS] [REQ-030] [第 2 次尝试]
[2026-03-03 10:07:50.273] [OPT_GATEWAY] [ERROR] 写入 RDS 缓存失败: (2003, "Can't connect to MySQL server on 'dbinstance.ccljabrlaulk.us-east-1.rds.amazonaws.com' ([Errno 11001] getaddrinfo failed)")
[2026-03-03 10:07:50.274] [OPT_GATEWAY] [SUCCESS] 成功拿到服务端响应。
