[2026-03-03 09:52:07.833] [OPT_SERVER] [INIT] Firebase Alert System 已挂载。
[2026-03-03 09:52:07.855] [OPT_SERVER] [START] 服务端启动，监听 127.0.0.1:8000 ...
[2026-03-03 09:52:16.232] [OPT_SERVER] [INFO] Android 设备已成功注册，Token: d0rQWxjzSY...
[2026-03-03 09:52:21.664] [OPT_SERVER] [INFO] [REQ-001] 接收请求。TaskID: ML-MODE-3, 任务类型: Model_Inference
[2026-03-03 09:52:21.715] [OPT_SERVER] [SUCCESS] [REQ-001] Model_Inference 处理完毕，结果已固化至 Redis。
[2026-03-03 09:52:21.932] [OPT_SERVER] [INFO] [REQ-001] 接收请求。TaskID: ML-MODE-3, 任务类型: Model_Inference
[2026-03-03 09:52:21.983] [OPT_SERVER] [SUCCESS] [REQ-001] Model_Inference 处理完毕，结果已固化至 Redis。
[2026-03-03 09:52:22.541] [OPT_SERVER] [INFO] [REQ-002] 接收请求。TaskID: ML-MODE-2, 任务类型: Model_Inference
[2026-03-03 09:52:22.592] [OPT_SERVER] [SUCCESS] [REQ-002] Model_Inference 处理完毕，结果已固化至 Redis。
[2026-03-03 09:52:23.106] [OPT_SERVER] [INFO] [REQ-003] 接收请求。TaskID: ML-MODE-19, 任务类型: Model_Training
[2026-03-03 09:52:23.157] [OPT_SERVER] [SUCCESS] [REQ-003] Model_Training 处理完毕，结果已固化至 Redis。
[2026-03-03 09:52:29.165] [OPT_SERVER] [INFO] [REQ-004] 接收请求。TaskID: ML-FEAT-28, 任务类型: Feature_Extraction
[2026-03-03 09:52:29.216] [OPT_SERVER] [SUCCESS] [REQ-004] Feature_Extraction 处理完毕，结果已固化至 Redis。
[2026-03-03 09:52:29.641] [OPT_SERVER] [REPORT] [REQ-003] 收到异常上报。任务类型: Model_Training 任务ID: ML-MODE-19。
[2026-03-03 09:52:32.654] [OPT_SERVER] [INFO] 告警已推送到 Android 应用，MessageID: projects/alert-system-39236/messages/0:1772502752569609%ae65e631ae65e631
[2026-03-03 09:52:32.671] [OPT_SERVER] [INFO] [REQ-005] 接收请求。TaskID: ML-MODE-5, 任务类型: Model_Training
[2026-03-03 09:52:32.722] [OPT_SERVER] [SUCCESS] [REQ-005] Model_Training 处理完毕，结果已固化至 Redis。
[2026-03-03 09:52:33.235] [OPT_SERVER] [INFO] [REQ-006] 接收请求。TaskID: ML-MODE-22, 任务类型: Model_Inference
[2026-03-03 09:52:33.287] [OPT_SERVER] [SUCCESS] [REQ-006] Model_Inference 处理完毕，结果已固化至 Redis。
[2026-03-03 09:52:33.817] [OPT_SERVER] [INFO] [REQ-007] 接收请求。TaskID: ML-DATA-7, 任务类型: Data_Preprocessing
[2026-03-03 09:52:33.868] [OPT_SERVER] [SUCCESS] [REQ-007] Data_Preprocessing 处理完毕，结果已固化至 Redis。
[2026-03-03 09:52:34.076] [OPT_SERVER] [INFO] [REQ-007] 接收请求。TaskID: ML-DATA-7, 任务类型: Data_Preprocessing
[2026-03-03 09:52:34.127] [OPT_SERVER] [SUCCESS] [REQ-007] Data_Preprocessing 处理完毕，结果已固化至 Redis。
[2026-03-03 09:52:34.336] [OPT_SERVER] [INFO] [REQ-007] 接收请求。TaskID: ML-DATA-7, 任务类型: Data_Preprocessing
[2026-03-03 09:52:34.387] [OPT_SERVER] [SUCCESS] [REQ-007] Data_Preprocessing 处理完毕，结果已固化至 Redis。
[2026-03-03 09:52:35.174] [OPT_SERVER] [INFO] [REQ-008] 接收请求。TaskID: ML-MODE-14, 任务类型: Model_Inference
[2026-03-03 09:52:35.224] [OPT_SERVER] [SUCCESS] [REQ-008] Model_Inference 处理完毕，结果已固化至 Redis。
[2026-03-03 09:52:35.757] [OPT_SERVER] [INFO] [REQ-009] 接收请求。TaskID: ML-MODE-11, 任务类型: Model_Training
[2026-03-03 09:52:35.808] [OPT_SERVER] [SUCCESS] [REQ-009] Model_Training 处理完毕，结果已固化至 Redis。
[2026-03-03 09:52:36.343] [OPT_SERVER] [INFO] [REQ-010] 接收请求。TaskID: ML-MODE-7, 任务类型: Model_Training
[2026-03-03 09:52:36.395] [OPT_SERVER] [SUCCESS] [REQ-010] Model_Training 处理完毕，结果已固化至 Redis。
[2026-03-03 09:52:42.413] [OPT_SERVER] [INFO] [REQ-011] 接收请求。TaskID: ML-DATA-4, 任务类型: Data_Preprocessing
[2026-03-03 09:52:42.464] [OPT_SERVER] [SUCCESS] [REQ-011] Data_Preprocessing 处理完毕，结果已固化至 Redis。
[2026-03-03 09:52:42.666] [OPT_SERVER] [REPORT] [REQ-010] 收到异常上报。任务类型: Model_Training 任务ID: ML-MODE-7。
[2026-03-03 09:52:42.835] [OPT_SERVER] [INFO] 告警已推送到 Android 应用，MessageID: projects/alert-system-39236/messages/0:1772502762751250%ae65e631ae65e631
[2026-03-03 09:52:43.043] [OPT_SERVER] [INFO] [REQ-012] 接收请求。TaskID: ML-FEAT-6, 任务类型: Feature_Extraction
[2026-03-03 09:52:43.094] [OPT_SERVER] [SUCCESS] [REQ-012] Feature_Extraction 处理完毕，结果已固化至 Redis。
[2026-03-03 09:52:43.637] [OPT_SERVER] [INFO] [REQ-013] 接收请求。TaskID: ML-DATA-24, 任务类型: Data_Preprocessing
[2026-03-03 09:52:43.688] [OPT_SERVER] [SUCCESS] [REQ-013] Data_Preprocessing 处理完毕，结果已固化至 Redis。
[2026-03-03 09:52:44.220] [OPT_SERVER] [INFO] [REQ-014] 接收请求。TaskID: ML-MODE-5, 任务类型: Model_Inference
[2026-03-03 09:52:44.271] [OPT_SERVER] [SUCCESS] [REQ-014] Model_Inference 处理完毕，结果已固化至 Redis。
[2026-03-03 09:52:44.784] [OPT_SERVER] [INFO] [REQ-015] 接收请求。TaskID: ML-FEAT-27, 任务类型: Feature_Extraction
[2026-03-03 09:52:44.835] [OPT_SERVER] [SUCCESS] [REQ-015] Feature_Extraction 处理完毕，结果已固化至 Redis。
[2026-03-03 09:52:45.368] [OPT_SERVER] [INFO] [REQ-016] 接收请求。TaskID: ML-DATA-21, 任务类型: Data_Preprocessing
[2026-03-03 09:52:45.419] [OPT_SERVER] [SUCCESS] [REQ-016] Data_Preprocessing 处理完毕，结果已固化至 Redis。
[2026-03-03 09:52:45.945] [OPT_SERVER] [INFO] [REQ-017] 接收请求。TaskID: ML-MODE-8, 任务类型: Model_Inference
[2026-03-03 09:52:45.996] [OPT_SERVER] [SUCCESS] [REQ-017] Model_Inference 处理完毕，结果已固化至 Redis。
[2026-03-03 09:52:52.019] [OPT_SERVER] [INFO] [REQ-018] 接收请求。TaskID: ML-MODE-26, 任务类型: Model_Inference
[2026-03-03 09:52:52.070] [OPT_SERVER] [SUCCESS] [REQ-018] Model_Inference 处理完毕，结果已固化至 Redis。
[2026-03-03 09:52:52.293] [OPT_SERVER] [INFO] [REQ-018] 接收请求。TaskID: ML-MODE-26, 任务类型: Model_Inference
[2026-03-03 09:52:52.344] [OPT_SERVER] [SUCCESS] [REQ-018] Model_Inference 处理完毕，结果已固化至 Redis。
[2026-03-03 09:52:52.849] [OPT_SERVER] [REPORT] [REQ-017] 收到异常上报。任务类型: Model_Inference 任务ID: ML-MODE-8。
[2026-03-03 09:52:53.020] [OPT_SERVER] [INFO] 告警已推送到 Android 应用，MessageID: projects/alert-system-39236/messages/0:1772502772930203%ae65e631ae65e631
[2026-03-03 09:52:53.038] [OPT_SERVER] [INFO] [REQ-019] 接收请求。TaskID: ML-MODE-30, 任务类型: Model_Inference
[2026-03-03 09:52:53.089] [OPT_SERVER] [SUCCESS] [REQ-019] Model_Inference 处理完毕，结果已固化至 Redis。
[2026-03-03 09:52:59.100] [OPT_SERVER] [INFO] [REQ-020] 接收请求。TaskID: ML-DATA-1, 任务类型: Data_Preprocessing
[2026-03-03 09:52:59.151] [OPT_SERVER] [SUCCESS] [REQ-020] Data_Preprocessing 处理完毕，结果已固化至 Redis。
[2026-03-03 09:52:59.200] [OPT_SERVER] [REPORT] [REQ-019] 收到异常上报。任务类型: Model_Inference 任务ID: ML-MODE-30。
[2026-03-03 09:52:59.732] [OPT_SERVER] [INFO] 告警已推送到 Android 应用，MessageID: projects/alert-system-39236/messages/0:1772502779648884%ae65e631ae65e631
[2026-03-03 09:52:59.737] [OPT_SERVER] [INFO] [REQ-021] 接收请求。TaskID: ML-DATA-30, 任务类型: Data_Preprocessing
[2026-03-03 09:52:59.788] [OPT_SERVER] [SUCCESS] [REQ-021] Data_Preprocessing 处理完毕，结果已固化至 Redis。
[2026-03-03 09:53:00.302] [OPT_SERVER] [INFO] [REQ-022] 接收请求。TaskID: ML-DATA-15, 任务类型: Data_Preprocessing
[2026-03-03 09:53:00.354] [OPT_SERVER] [SUCCESS] [REQ-022] Data_Preprocessing 处理完毕，结果已固化至 Redis。
[2026-03-03 09:53:00.576] [OPT_SERVER] [INFO] [REQ-022] 接收请求。TaskID: ML-DATA-15, 任务类型: Data_Preprocessing
[2026-03-03 09:53:00.627] [OPT_SERVER] [SUCCESS] [REQ-022] Data_Preprocessing 处理完毕，结果已固化至 Redis。
[2026-03-03 09:53:01.164] [OPT_SERVER] [INFO] [REQ-023] 接收请求。TaskID: ML-DATA-14, 任务类型: Data_Preprocessing
[2026-03-03 09:53:01.215] [OPT_SERVER] [SUCCESS] [REQ-023] Data_Preprocessing 处理完毕，结果已固化至 Redis。
[2026-03-03 09:53:07.238] [OPT_SERVER] [INFO] [REQ-024] 接收请求。TaskID: ML-MODE-30, 任务类型: Model_Training
[2026-03-03 09:53:07.289] [OPT_SERVER] [SUCCESS] [REQ-024] Model_Training 处理完毕，结果已固化至 Redis。
[2026-03-03 09:53:07.746] [OPT_SERVER] [REPORT] [REQ-023] 收到异常上报。任务类型: Data_Preprocessing 任务ID: ML-DATA-14。
[2026-03-03 09:53:07.905] [OPT_SERVER] [INFO] 告警已推送到 Android 应用，MessageID: projects/alert-system-39236/messages/0:1772502787814958%ae65e631ae65e631
[2026-03-03 09:53:07.927] [OPT_SERVER] [INFO] [REQ-025] 接收请求。TaskID: ML-DATA-30, 任务类型: Data_Preprocessing
[2026-03-03 09:53:07.978] [OPT_SERVER] [SUCCESS] [REQ-025] Data_Preprocessing 处理完毕，结果已固化至 Redis。
[2026-03-03 09:53:08.523] [OPT_SERVER] [INFO] [REQ-026] 接收请求。TaskID: ML-FEAT-24, 任务类型: Feature_Extraction
[2026-03-03 09:53:08.574] [OPT_SERVER] [SUCCESS] [REQ-026] Feature_Extraction 处理完毕，结果已固化至 Redis。
[2026-03-03 09:53:14.584] [OPT_SERVER] [REPORT] [REQ-026] 收到异常上报。任务类型: Feature_Extraction 任务ID: ML-FEAT-24。
[2026-03-03 09:53:14.741] [OPT_SERVER] [INFO] 告警已推送到 Android 应用，MessageID: projects/alert-system-39236/messages/0:1772502794654616%ae65e631ae65e631
[2026-03-03 09:53:14.764] [OPT_SERVER] [INFO] [REQ-027] 接收请求。TaskID: ML-MODE-12, 任务类型: Model_Inference
[2026-03-03 09:53:14.815] [OPT_SERVER] [SUCCESS] [REQ-027] Model_Inference 处理完毕，结果已固化至 Redis。
[2026-03-03 09:53:15.396] [OPT_SERVER] [INFO] [REQ-028] 接收请求。TaskID: ML-DATA-26, 任务类型: Data_Preprocessing
[2026-03-03 09:53:15.447] [OPT_SERVER] [SUCCESS] [REQ-028] Data_Preprocessing 处理完毕，结果已固化至 Redis。
[2026-03-03 09:53:21.455] [OPT_SERVER] [REPORT] [REQ-028] 收到异常上报。任务类型: Data_Preprocessing 任务ID: ML-DATA-26。
[2026-03-03 09:53:21.612] [OPT_SERVER] [INFO] 告警已推送到 Android 应用，MessageID: projects/alert-system-39236/messages/0:1772502801527969%ae65e631ae65e631
[2026-03-03 09:53:21.629] [OPT_SERVER] [INFO] [REQ-029] 接收请求。TaskID: ML-MODE-12, 任务类型: Model_Inference
[2026-03-03 09:53:21.680] [OPT_SERVER] [SUCCESS] [REQ-029] Model_Inference 处理完毕，结果已固化至 Redis。
[2026-03-03 09:53:21.897] [OPT_SERVER] [INFO] [REQ-029] 接收请求。TaskID: ML-MODE-12, 任务类型: Model_Inference
[2026-03-03 09:53:21.948] [OPT_SERVER] [SUCCESS] [REQ-029] Model_Inference 处理完毕，结果已固化至 Redis。
[2026-03-03 09:53:22.513] [OPT_SERVER] [INFO] [REQ-030] 接收请求。TaskID: ML-MODE-12, 任务类型: Model_Training
[2026-03-03 09:53:22.564] [OPT_SERVER] [SUCCESS] [REQ-030] Model_Training 处理完毕，结果已固化至 Redis。
[2026-03-03 09:53:39.018] [OPT_SERVER] [INFO] Android 设备已成功注册，Token: d0rQWxjzSY...
[2026-03-03 09:53:50.469] [OPT_SERVER] [INFO] [REQ-001] 接收请求。TaskID: ML-MODE-14, 任务类型: Model_Inference
[2026-03-03 09:53:50.520] [OPT_SERVER] [SUCCESS] [REQ-001] Model_Inference 处理完毕，结果已固化至 Redis。
[2026-03-03 09:53:50.753] [OPT_SERVER] [INFO] [REQ-001] 接收请求。TaskID: ML-MODE-14, 任务类型: Model_Inference
[2026-03-03 09:53:50.804] [OPT_SERVER] [SUCCESS] [REQ-001] Model_Inference 处理完毕，结果已固化至 Redis。
[2026-03-03 09:53:51.025] [OPT_SERVER] [INFO] [REQ-001] 接收请求。TaskID: ML-MODE-14, 任务类型: Model_Inference
[2026-03-03 09:53:51.076] [OPT_SERVER] [SUCCESS] [REQ-001] Model_Inference 处理完毕，结果已固化至 Redis。
[2026-03-03 09:53:51.647] [OPT_SERVER] [INFO] [REQ-002] 接收请求。TaskID: ML-DATA-17, 任务类型: Data_Preprocessing
[2026-03-03 09:53:51.698] [OPT_SERVER] [SUCCESS] [REQ-002] Data_Preprocessing 处理完毕，结果已固化至 Redis。
[2026-03-03 09:53:52.226] [OPT_SERVER] [INFO] [REQ-003] 接收请求。TaskID: ML-FEAT-8, 任务类型: Feature_Extraction
[2026-03-03 09:53:52.277] [OPT_SERVER] [SUCCESS] [REQ-003] Feature_Extraction 处理完毕，结果已固化至 Redis。
[2026-03-03 09:53:52.817] [OPT_SERVER] [INFO] [REQ-004] 接收请求。TaskID: ML-DATA-29, 任务类型: Data_Preprocessing
[2026-03-03 09:53:52.868] [OPT_SERVER] [SUCCESS] [REQ-004] Data_Preprocessing 处理完毕，结果已固化至 Redis。
[2026-03-03 09:53:53.422] [OPT_SERVER] [INFO] [REQ-005] 接收请求。TaskID: ML-MODE-18, 任务类型: Model_Inference
[2026-03-03 09:53:53.473] [OPT_SERVER] [SUCCESS] [REQ-005] Model_Inference 处理完毕，结果已固化至 Redis。
[2026-03-03 09:53:54.003] [OPT_SERVER] [INFO] [REQ-006] 接收请求。TaskID: ML-MODE-5, 任务类型: Model_Training
[2026-03-03 09:53:54.054] [OPT_SERVER] [SUCCESS] [REQ-006] Model_Training 处理完毕，结果已固化至 Redis。
[2026-03-03 09:53:54.579] [OPT_SERVER] [INFO] [REQ-007] 接收请求。TaskID: ML-MODE-4, 任务类型: Model_Training
[2026-03-03 09:53:54.630] [OPT_SERVER] [SUCCESS] [REQ-007] Model_Training 处理完毕，结果已固化至 Redis。
[2026-03-03 09:53:55.163] [OPT_SERVER] [INFO] [REQ-008] 接收请求。TaskID: ML-DATA-1, 任务类型: Data_Preprocessing
[2026-03-03 09:53:55.214] [OPT_SERVER] [SUCCESS] [REQ-008] Data_Preprocessing 处理完毕，结果已固化至 Redis。
[2026-03-03 09:53:55.738] [OPT_SERVER] [INFO] [REQ-009] 接收请求。TaskID: ML-FEAT-11, 任务类型: Feature_Extraction
[2026-03-03 09:53:55.788] [OPT_SERVER] [SUCCESS] [REQ-009] Feature_Extraction 处理完毕，结果已固化至 Redis。
[2026-03-03 09:53:56.328] [OPT_SERVER] [INFO] [REQ-010] 接收请求。TaskID: ML-MODE-13, 任务类型: Model_Inference
[2026-03-03 09:53:56.379] [OPT_SERVER] [SUCCESS] [REQ-010] Model_Inference 处理完毕，结果已固化至 Redis。
[2026-03-03 09:53:56.959] [OPT_SERVER] [INFO] [REQ-011] 接收请求。TaskID: ML-DATA-30, 任务类型: Data_Preprocessing
[2026-03-03 09:53:57.010] [OPT_SERVER] [SUCCESS] [REQ-011] Data_Preprocessing 处理完毕，结果已固化至 Redis。
[2026-03-03 09:53:57.539] [OPT_SERVER] [INFO] [REQ-012] 接收请求。TaskID: ML-MODE-7, 任务类型: Model_Training
[2026-03-03 09:53:57.590] [OPT_SERVER] [SUCCESS] [REQ-012] Model_Training 处理完毕，结果已固化至 Redis。
[2026-03-03 09:53:57.799] [OPT_SERVER] [INFO] [REQ-012] 接收请求。TaskID: ML-MODE-7, 任务类型: Model_Training
[2026-03-03 09:53:57.851] [OPT_SERVER] [SUCCESS] [REQ-012] Model_Training 处理完毕，结果已固化至 Redis。
[2026-03-03 09:53:58.060] [OPT_SERVER] [INFO] [REQ-012] 接收请求。TaskID: ML-MODE-7, 任务类型: Model_Training
[2026-03-03 09:53:58.111] [OPT_SERVER] [SUCCESS] [REQ-012] Model_Training 处理完毕，结果已固化至 Redis。
[2026-03-03 09:54:04.140] [OPT_SERVER] [INFO] [REQ-013] 接收请求。TaskID: ML-DATA-23, 任务类型: Data_Preprocessing
[2026-03-03 09:54:04.192] [OPT_SERVER] [SUCCESS] [REQ-013] Data_Preprocessing 处理完毕，结果已固化至 Redis。
[2026-03-03 09:54:04.460] [OPT_SERVER] [REPORT] [REQ-012] 收到异常上报。任务类型: Model_Training 任务ID: ML-MODE-7。
[2026-03-03 09:54:04.618] [OPT_SERVER] [INFO] 告警已推送到 Android 应用，MessageID: projects/alert-system-39236/messages/0:1772502844534180%ae65e631ae65e631
[2026-03-03 09:54:04.766] [OPT_SERVER] [INFO] [REQ-014] 接收请求。TaskID: ML-MODE-22, 任务类型: Model_Inference
[2026-03-03 09:54:04.817] [OPT_SERVER] [SUCCESS] [REQ-014] Model_Inference 处理完毕，结果已固化至 Redis。
[2026-03-03 09:54:05.344] [OPT_SERVER] [INFO] [REQ-015] 接收请求。TaskID: ML-MODE-15, 任务类型: Model_Inference
[2026-03-03 09:54:05.396] [OPT_SERVER] [SUCCESS] [REQ-015] Model_Inference 处理完毕，结果已固化至 Redis。
[2026-03-03 09:54:05.620] [OPT_SERVER] [INFO] [REQ-015] 接收请求。TaskID: ML-MODE-15, 任务类型: Model_Inference
[2026-03-03 09:54:05.672] [OPT_SERVER] [SUCCESS] [REQ-015] Model_Inference 处理完毕，结果已固化至 Redis。
[2026-03-03 09:54:05.881] [OPT_SERVER] [INFO] [REQ-015] 接收请求。TaskID: ML-MODE-15, 任务类型: Model_Inference
[2026-03-03 09:54:05.932] [OPT_SERVER] [SUCCESS] [REQ-015] Model_Inference 处理完毕，结果已固化至 Redis。
[2026-03-03 09:54:11.942] [OPT_SERVER] [REPORT] [REQ-015] 收到异常上报。任务类型: Model_Inference 任务ID: ML-MODE-15。
[2026-03-03 09:54:12.113] [OPT_SERVER] [INFO] 告警已推送到 Android 应用，MessageID: projects/alert-system-39236/messages/0:1772502852017660%ae65e631ae65e631
[2026-03-03 09:54:12.119] [OPT_SERVER] [INFO] [REQ-016] 接收请求。TaskID: ML-DATA-22, 任务类型: Data_Preprocessing
[2026-03-03 09:54:12.170] [OPT_SERVER] [SUCCESS] [REQ-016] Data_Preprocessing 处理完毕，结果已固化至 Redis。
[2026-03-03 09:54:18.223] [OPT_SERVER] [REPORT] [REQ-016] 收到异常上报。任务类型: Data_Preprocessing 任务ID: ML-DATA-22。
[2026-03-03 09:54:18.379] [OPT_SERVER] [INFO] 告警已推送到 Android 应用，MessageID: projects/alert-system-39236/messages/0:1772502858292676%ae65e631ae65e631
[2026-03-03 09:54:18.400] [OPT_SERVER] [INFO] [REQ-017] 接收请求。TaskID: ML-MODE-24, 任务类型: Model_Inference
[2026-03-03 09:54:18.451] [OPT_SERVER] [SUCCESS] [REQ-017] Model_Inference 处理完毕，结果已固化至 Redis。
[2026-03-03 09:54:24.522] [OPT_SERVER] [INFO] [REQ-018] 接收请求。TaskID: ML-DATA-25, 任务类型: Data_Preprocessing
[2026-03-03 09:54:24.573] [OPT_SERVER] [SUCCESS] [REQ-018] Data_Preprocessing 处理完毕，结果已固化至 Redis。
[2026-03-03 09:54:24.631] [OPT_SERVER] [REPORT] [REQ-017] 收到异常上报。任务类型: Model_Inference 任务ID: ML-MODE-24。
[2026-03-03 09:54:24.804] [OPT_SERVER] [INFO] 告警已推送到 Android 应用，MessageID: projects/alert-system-39236/messages/0:1772502864712042%ae65e631ae65e631
[2026-03-03 09:54:25.148] [OPT_SERVER] [INFO] [REQ-019] 接收请求。TaskID: ML-MODE-19, 任务类型: Model_Inference
[2026-03-03 09:54:25.200] [OPT_SERVER] [SUCCESS] [REQ-019] Model_Inference 处理完毕，结果已固化至 Redis。
[2026-03-03 09:54:31.228] [OPT_SERVER] [INFO] [REQ-020] 接收请求。TaskID: ML-MODE-28, 任务类型: Model_Training
[2026-03-03 09:54:31.279] [OPT_SERVER] [SUCCESS] [REQ-020] Model_Training 处理完毕，结果已固化至 Redis。
[2026-03-03 09:54:31.329] [OPT_SERVER] [REPORT] [REQ-019] 收到异常上报。任务类型: Model_Inference 任务ID: ML-MODE-19。
[2026-03-03 09:54:31.500] [OPT_SERVER] [INFO] 告警已推送到 Android 应用，MessageID: projects/alert-system-39236/messages/0:1772502871414282%ae65e631ae65e631
[2026-03-03 09:54:31.834] [OPT_SERVER] [INFO] [REQ-021] 接收请求。TaskID: ML-FEAT-12, 任务类型: Feature_Extraction
[2026-03-03 09:54:31.886] [OPT_SERVER] [SUCCESS] [REQ-021] Feature_Extraction 处理完毕，结果已固化至 Redis。
[2026-03-03 09:54:32.428] [OPT_SERVER] [INFO] [REQ-022] 接收请求。TaskID: ML-DATA-9, 任务类型: Data_Preprocessing
[2026-03-03 09:54:32.479] [OPT_SERVER] [SUCCESS] [REQ-022] Data_Preprocessing 处理完毕，结果已固化至 Redis。
[2026-03-03 09:54:32.995] [OPT_SERVER] [INFO] [REQ-023] 接收请求。TaskID: ML-FEAT-27, 任务类型: Feature_Extraction
[2026-03-03 09:54:33.046] [OPT_SERVER] [SUCCESS] [REQ-023] Feature_Extraction 处理完毕，结果已固化至 Redis。
[2026-03-03 09:54:39.061] [OPT_SERVER] [INFO] [REQ-024] 接收请求。TaskID: ML-FEAT-26, 任务类型: Feature_Extraction
[2026-03-03 09:54:39.113] [OPT_SERVER] [SUCCESS] [REQ-024] Feature_Extraction 处理完毕，结果已固化至 Redis。
[2026-03-03 09:54:39.513] [OPT_SERVER] [REPORT] [REQ-023] 收到异常上报。任务类型: Feature_Extraction 任务ID: ML-FEAT-27。
[2026-03-03 09:54:39.689] [OPT_SERVER] [INFO] 告警已推送到 Android 应用，MessageID: projects/alert-system-39236/messages/0:1772502879589854%ae65e631ae65e631
[2026-03-03 09:54:39.703] [OPT_SERVER] [INFO] [REQ-025] 接收请求。TaskID: ML-MODE-24, 任务类型: Model_Inference
[2026-03-03 09:54:39.754] [OPT_SERVER] [SUCCESS] [REQ-025] Model_Inference 处理完毕，结果已固化至 Redis。
[2026-03-03 09:54:40.271] [OPT_SERVER] [INFO] [REQ-026] 接收请求。TaskID: ML-MODE-4, 任务类型: Model_Training
[2026-03-03 09:54:40.322] [OPT_SERVER] [SUCCESS] [REQ-026] Model_Training 处理完毕，结果已固化至 Redis。
[2026-03-03 09:54:44.576] [OPT_SERVER] [INFO] Android 设备已成功注册，Token: d0rQWxjzSY...
[2026-03-03 09:54:46.341] [OPT_SERVER] [REPORT] [REQ-026] 收到异常上报。任务类型: Model_Training 任务ID: ML-MODE-4。
[2026-03-03 09:54:46.493] [OPT_SERVER] [INFO] 告警已推送到 Android 应用，MessageID: projects/alert-system-39236/messages/0:1772502886406676%ae65e631ae65e631
[2026-03-03 09:54:46.501] [OPT_SERVER] [INFO] [REQ-027] 接收请求。TaskID: ML-DATA-8, 任务类型: Data_Preprocessing
[2026-03-03 09:54:46.551] [OPT_SERVER] [SUCCESS] [REQ-027] Data_Preprocessing 处理完毕，结果已固化至 Redis。
[2026-03-03 09:54:46.781] [OPT_SERVER] [INFO] [REQ-027] 接收请求。TaskID: ML-DATA-8, 任务类型: Data_Preprocessing
[2026-03-03 09:54:46.833] [OPT_SERVER] [SUCCESS] [REQ-027] Data_Preprocessing 处理完毕，结果已固化至 Redis。
[2026-03-03 09:54:47.383] [OPT_SERVER] [INFO] [REQ-028] 接收请求。TaskID: ML-MODE-14, 任务类型: Model_Training
[2026-03-03 09:54:47.435] [OPT_SERVER] [SUCCESS] [REQ-028] Model_Training 处理完毕，结果已固化至 Redis。
[2026-03-03 09:54:47.999] [OPT_SERVER] [INFO] [REQ-029] 接收请求。TaskID: ML-MODE-6, 任务类型: Model_Training
[2026-03-03 09:54:48.050] [OPT_SERVER] [SUCCESS] [REQ-029] Model_Training 处理完毕，结果已固化至 Redis。
[2026-03-03 09:54:48.592] [OPT_SERVER] [INFO] [REQ-030] 接收请求。TaskID: ML-MODE-5, 任务类型: Model_Training
[2026-03-03 09:54:48.644] [OPT_SERVER] [SUCCESS] [REQ-030] Model_Training 处理完毕，结果已固化至 Redis。
[2026-03-03 09:54:59.274] [OPT_SERVER] [INFO] [REQ-001] 接收请求。TaskID: ML-DATA-12, 任务类型: Data_Preprocessing
[2026-03-03 09:54:59.325] [OPT_SERVER] [SUCCESS] [REQ-001] Data_Preprocessing 处理完毕，结果已固化至 Redis。
[2026-03-03 09:54:59.902] [OPT_SERVER] [INFO] [REQ-002] 接收请求。TaskID: ML-FEAT-11, 任务类型: Feature_Extraction
[2026-03-03 09:54:59.953] [OPT_SERVER] [SUCCESS] [REQ-002] Feature_Extraction 处理完毕，结果已固化至 Redis。
[2026-03-03 09:55:00.463] [OPT_SERVER] [INFO] [REQ-003] 接收请求。TaskID: ML-MODE-6, 任务类型: Model_Training
[2026-03-03 09:55:00.514] [OPT_SERVER] [SUCCESS] [REQ-003] Model_Training 处理完毕，结果已固化至 Redis。
[2026-03-03 09:55:06.523] [OPT_SERVER] [INFO] [REQ-004] 接收请求。TaskID: ML-FEAT-9, 任务类型: Feature_Extraction
[2026-03-03 09:55:06.575] [OPT_SERVER] [SUCCESS] [REQ-004] Feature_Extraction 处理完毕，结果已固化至 Redis。
[2026-03-03 09:55:07.160] [OPT_SERVER] [INFO] [REQ-005] 接收请求。TaskID: ML-FEAT-18, 任务类型: Feature_Extraction
[2026-03-03 09:55:07.211] [OPT_SERVER] [SUCCESS] [REQ-005] Feature_Extraction 处理完毕，结果已固化至 Redis。
[2026-03-03 09:55:13.221] [OPT_SERVER] [REPORT] [REQ-003] 收到异常上报。任务类型: Model_Training 任务ID: ML-MODE-6。
[2026-03-03 09:55:13.410] [OPT_SERVER] [INFO] 告警已推送到 Android 应用，MessageID: projects/alert-system-39236/messages/0:1772502913298204%ae65e631ae65e631
[2026-03-03 09:55:13.416] [OPT_SERVER] [INFO] [REQ-006] 接收请求。TaskID: ML-FEAT-19, 任务类型: Feature_Extraction
[2026-03-03 09:55:13.468] [OPT_SERVER] [SUCCESS] [REQ-006] Feature_Extraction 处理完毕，结果已固化至 Redis。
[2026-03-03 09:55:19.542] [OPT_SERVER] [INFO] [REQ-007] 接收请求。TaskID: ML-MODE-12, 任务类型: Model_Training
[2026-03-03 09:55:19.593] [OPT_SERVER] [SUCCESS] [REQ-007] Model_Training 处理完毕，结果已固化至 Redis。
[2026-03-03 09:55:19.643] [OPT_SERVER] [REPORT] [REQ-006] 收到异常上报。任务类型: Feature_Extraction 任务ID: ML-FEAT-19。
[2026-03-03 09:55:19.798] [OPT_SERVER] [INFO] 告警已推送到 Android 应用，MessageID: projects/alert-system-39236/messages/0:1772502919711135%ae65e631ae65e631
[2026-03-03 09:55:20.182] [OPT_SERVER] [INFO] [REQ-008] 接收请求。TaskID: ML-MODE-4, 任务类型: Model_Training
[2026-03-03 09:55:20.233] [OPT_SERVER] [SUCCESS] [REQ-008] Model_Training 处理完毕，结果已固化至 Redis。
[2026-03-03 09:55:20.765] [OPT_SERVER] [INFO] [REQ-009] 接收请求。TaskID: ML-FEAT-19, 任务类型: Feature_Extraction
[2026-03-03 09:55:20.816] [OPT_SERVER] [SUCCESS] [REQ-009] Feature_Extraction 处理完毕，结果已固化至 Redis。
[2026-03-03 09:55:21.034] [OPT_SERVER] [INFO] [REQ-009] 接收请求。TaskID: ML-FEAT-19, 任务类型: Feature_Extraction
[2026-03-03 09:55:21.085] [OPT_SERVER] [SUCCESS] [REQ-009] Feature_Extraction 处理完毕，结果已固化至 Redis。
[2026-03-03 09:55:21.290] [OPT_SERVER] [INFO] [REQ-009] 接收请求。TaskID: ML-FEAT-19, 任务类型: Feature_Extraction
[2026-03-03 09:55:21.341] [OPT_SERVER] [SUCCESS] [REQ-009] Feature_Extraction 处理完毕，结果已固化至 Redis。
[2026-03-03 09:55:21.880] [OPT_SERVER] [INFO] [REQ-010] 接收请求。TaskID: ML-MODE-3, 任务类型: Model_Inference
[2026-03-03 09:55:21.931] [OPT_SERVER] [SUCCESS] [REQ-010] Model_Inference 处理完毕，结果已固化至 Redis。
[2026-03-03 09:55:22.469] [OPT_SERVER] [INFO] [REQ-011] 接收请求。TaskID: ML-DATA-19, 任务类型: Data_Preprocessing
[2026-03-03 09:55:22.520] [OPT_SERVER] [SUCCESS] [REQ-011] Data_Preprocessing 处理完毕，结果已固化至 Redis。
[2026-03-03 09:55:23.050] [OPT_SERVER] [INFO] [REQ-012] 接收请求。TaskID: ML-FEAT-18, 任务类型: Feature_Extraction
[2026-03-03 09:55:23.102] [OPT_SERVER] [SUCCESS] [REQ-012] Feature_Extraction 处理完毕，结果已固化至 Redis。
[2026-03-03 09:55:29.134] [OPT_SERVER] [INFO] [REQ-013] 接收请求。TaskID: ML-FEAT-8, 任务类型: Feature_Extraction
[2026-03-03 09:55:29.185] [OPT_SERVER] [SUCCESS] [REQ-013] Feature_Extraction 处理完毕，结果已固化至 Redis。
[2026-03-03 09:55:29.787] [OPT_SERVER] [INFO] [REQ-014] 接收请求。TaskID: ML-MODE-28, 任务类型: Model_Training
[2026-03-03 09:55:29.838] [OPT_SERVER] [SUCCESS] [REQ-014] Model_Training 处理完毕，结果已固化至 Redis。
[2026-03-03 09:55:29.844] [OPT_SERVER] [REPORT] [REQ-012] 收到异常上报。任务类型: Feature_Extraction 任务ID: ML-FEAT-18。
[2026-03-03 09:55:30.021] [OPT_SERVER] [INFO] 告警已推送到 Android 应用，MessageID: projects/alert-system-39236/messages/0:1772502929916185%ae65e631ae65e631
[2026-03-03 09:55:30.380] [OPT_SERVER] [INFO] [REQ-015] 接收请求。TaskID: ML-MODE-19, 任务类型: Model_Inference
[2026-03-03 09:55:30.431] [OPT_SERVER] [SUCCESS] [REQ-015] Model_Inference 处理完毕，结果已固化至 Redis。
[2026-03-03 09:55:30.657] [OPT_SERVER] [INFO] [REQ-015] 接收请求。TaskID: ML-MODE-19, 任务类型: Model_Inference
[2026-03-03 09:55:30.708] [OPT_SERVER] [SUCCESS] [REQ-015] Model_Inference 处理完毕，结果已固化至 Redis。
[2026-03-03 09:55:30.937] [OPT_SERVER] [INFO] [REQ-015] 接收请求。TaskID: ML-MODE-19, 任务类型: Model_Inference
[2026-03-03 09:55:30.989] [OPT_SERVER] [SUCCESS] [REQ-015] Model_Inference 处理完毕，结果已固化至 Redis。
[2026-03-03 09:55:31.527] [OPT_SERVER] [INFO] [REQ-016] 接收请求。TaskID: ML-MODE-17, 任务类型: Model_Training
[2026-03-03 09:55:31.578] [OPT_SERVER] [SUCCESS] [REQ-016] Model_Training 处理完毕，结果已固化至 Redis。
[2026-03-03 09:55:32.114] [OPT_SERVER] [INFO] [REQ-017] 接收请求。TaskID: ML-FEAT-7, 任务类型: Feature_Extraction
[2026-03-03 09:55:32.165] [OPT_SERVER] [SUCCESS] [REQ-017] Feature_Extraction 处理完毕，结果已固化至 Redis。
[2026-03-03 09:55:32.700] [OPT_SERVER] [INFO] [REQ-018] 接收请求。TaskID: ML-FEAT-13, 任务类型: Feature_Extraction
[2026-03-03 09:55:32.751] [OPT_SERVER] [SUCCESS] [REQ-018] Feature_Extraction 处理完毕，结果已固化至 Redis。
[2026-03-03 09:55:33.306] [OPT_SERVER] [INFO] [REQ-019] 接收请求。TaskID: ML-MODE-28, 任务类型: Model_Inference
[2026-03-03 09:55:33.357] [OPT_SERVER] [SUCCESS] [REQ-019] Model_Inference 处理完毕，结果已固化至 Redis。
[2026-03-03 09:55:33.890] [OPT_SERVER] [INFO] [REQ-020] 接收请求。TaskID: ML-MODE-23, 任务类型: Model_Training
[2026-03-03 09:55:33.941] [OPT_SERVER] [SUCCESS] [REQ-020] Model_Training 处理完毕，结果已固化至 Redis。
[2026-03-03 09:55:34.481] [OPT_SERVER] [INFO] [REQ-021] 接收请求。TaskID: ML-MODE-29, 任务类型: Model_Inference
[2026-03-03 09:55:34.533] [OPT_SERVER] [SUCCESS] [REQ-021] Model_Inference 处理完毕，结果已固化至 Redis。
[2026-03-03 09:55:34.761] [OPT_SERVER] [INFO] [REQ-021] 接收请求。TaskID: ML-MODE-29, 任务类型: Model_Inference
[2026-03-03 09:55:34.812] [OPT_SERVER] [SUCCESS] [REQ-021] Model_Inference 处理完毕，结果已固化至 Redis。
[2026-03-03 09:55:35.377] [OPT_SERVER] [INFO] [REQ-022] 接收请求。TaskID: ML-FEAT-20, 任务类型: Feature_Extraction
[2026-03-03 09:55:35.428] [OPT_SERVER] [SUCCESS] [REQ-022] Feature_Extraction 处理完毕，结果已固化至 Redis。
[2026-03-03 09:55:35.963] [OPT_SERVER] [INFO] [REQ-023] 接收请求。TaskID: ML-MODE-24, 任务类型: Model_Inference
[2026-03-03 09:55:36.014] [OPT_SERVER] [SUCCESS] [REQ-023] Model_Inference 处理完毕，结果已固化至 Redis。
[2026-03-03 09:55:36.546] [OPT_SERVER] [INFO] [REQ-024] 接收请求。TaskID: ML-MODE-24, 任务类型: Model_Inference
[2026-03-03 09:55:36.598] [OPT_SERVER] [SUCCESS] [REQ-024] Model_Inference 处理完毕，结果已固化至 Redis。
[2026-03-03 09:55:37.123] [OPT_SERVER] [INFO] [REQ-025] 接收请求。TaskID: ML-DATA-23, 任务类型: Data_Preprocessing
[2026-03-03 09:55:37.174] [OPT_SERVER] [SUCCESS] [REQ-025] Data_Preprocessing 处理完毕，结果已固化至 Redis。
[2026-03-03 09:55:37.686] [OPT_SERVER] [INFO] [REQ-026] 接收请求。TaskID: ML-MODE-14, 任务类型: Model_Training
[2026-03-03 09:55:37.738] [OPT_SERVER] [SUCCESS] [REQ-026] Model_Training 处理完毕，结果已固化至 Redis。
[2026-03-03 09:55:37.945] [OPT_SERVER] [INFO] [REQ-026] 接收请求。TaskID: ML-MODE-14, 任务类型: Model_Training
[2026-03-03 09:55:37.996] [OPT_SERVER] [SUCCESS] [REQ-026] Model_Training 处理完毕，结果已固化至 Redis。
[2026-03-03 09:55:38.227] [OPT_SERVER] [INFO] [REQ-026] 接收请求。TaskID: ML-MODE-14, 任务类型: Model_Training
[2026-03-03 09:55:38.278] [OPT_SERVER] [SUCCESS] [REQ-026] Model_Training 处理完毕，结果已固化至 Redis。
[2026-03-03 09:55:38.815] [OPT_SERVER] [INFO] [REQ-027] 接收请求。TaskID: ML-FEAT-22, 任务类型: Feature_Extraction
[2026-03-03 09:55:38.866] [OPT_SERVER] [SUCCESS] [REQ-027] Feature_Extraction 处理完毕，结果已固化至 Redis。
[2026-03-03 09:55:39.379] [OPT_SERVER] [INFO] [REQ-028] 接收请求。TaskID: ML-FEAT-4, 任务类型: Feature_Extraction
[2026-03-03 09:55:39.430] [OPT_SERVER] [SUCCESS] [REQ-028] Feature_Extraction 处理完毕，结果已固化至 Redis。
[2026-03-03 09:55:39.656] [OPT_SERVER] [INFO] [REQ-028] 接收请求。TaskID: ML-FEAT-4, 任务类型: Feature_Extraction
[2026-03-03 09:55:39.707] [OPT_SERVER] [SUCCESS] [REQ-028] Feature_Extraction 处理完毕，结果已固化至 Redis。
[2026-03-03 09:55:40.275] [OPT_SERVER] [INFO] [REQ-029] 接收请求。TaskID: ML-MODE-4, 任务类型: Model_Training
[2026-03-03 09:55:40.327] [OPT_SERVER] [SUCCESS] [REQ-029] Model_Training 处理完毕，结果已固化至 Redis。
[2026-03-03 09:55:46.338] [OPT_SERVER] [INFO] [REQ-030] 接收请求。TaskID: ML-MODE-10, 任务类型: Model_Training
[2026-03-03 09:55:46.389] [OPT_SERVER] [SUCCESS] [REQ-030] Model_Training 处理完毕，结果已固化至 Redis。
[2026-03-03 09:55:46.614] [OPT_SERVER] [INFO] [REQ-030] 接收请求。TaskID: ML-MODE-10, 任务类型: Model_Training
[2026-03-03 09:55:46.665] [OPT_SERVER] [SUCCESS] [REQ-030] Model_Training 处理完毕，结果已固化至 Redis。
[2026-03-03 09:55:46.710] [OPT_SERVER] [REPORT] [REQ-029] 收到异常上报。任务类型: Model_Training 任务ID: ML-MODE-4。
[2026-03-03 09:55:46.874] [OPT_SERVER] [INFO] 告警已推送到 Android 应用，MessageID: projects/alert-system-39236/messages/0:1772502946777528%ae65e631ae65e631
[2026-03-03 09:56:07.498] [OPT_SERVER] [INIT] Firebase Alert System 已挂载。
[2026-03-03 09:56:07.517] [OPT_SERVER] [START] 服务端启动，监听 127.0.0.1:8000 ...
[2026-03-03 09:56:13.308] [OPT_SERVER] [INFO] Android 设备已成功注册，Token: d0rQWxjzSY...
[2026-03-03 09:56:30.534] [OPT_SERVER] [INFO] [REQ-001] 接收请求。TaskID: ML-MODE-1, 任务类型: Model_Inference
[2026-03-03 09:56:30.585] [OPT_SERVER] [SUCCESS] [REQ-001] Model_Inference 处理完毕，结果已固化至 Redis。
[2026-03-03 09:56:31.119] [OPT_SERVER] [INFO] [REQ-002] 接收请求。TaskID: ML-MODE-17, 任务类型: Model_Inference
[2026-03-03 09:56:31.170] [OPT_SERVER] [SUCCESS] [REQ-002] Model_Inference 处理完毕，结果已固化至 Redis。
[2026-03-03 09:56:31.749] [OPT_SERVER] [INFO] [REQ-003] 接收请求。TaskID: ML-FEAT-8, 任务类型: Feature_Extraction
[2026-03-03 09:56:31.800] [OPT_SERVER] [SUCCESS] [REQ-003] Feature_Extraction 处理完毕，结果已固化至 Redis。
[2026-03-03 09:56:32.337] [OPT_SERVER] [INFO] [REQ-004] 接收请求。TaskID: ML-DATA-13, 任务类型: Data_Preprocessing
[2026-03-03 09:56:32.388] [OPT_SERVER] [SUCCESS] [REQ-004] Data_Preprocessing 处理完毕，结果已固化至 Redis。
[2026-03-03 09:56:32.922] [OPT_SERVER] [INFO] [REQ-005] 接收请求。TaskID: ML-MODE-25, 任务类型: Model_Training
[2026-03-03 09:56:32.973] [OPT_SERVER] [SUCCESS] [REQ-005] Model_Training 处理完毕，结果已固化至 Redis。
[2026-03-03 09:56:39.000] [OPT_SERVER] [INFO] [REQ-006] 接收请求。TaskID: ML-DATA-3, 任务类型: Data_Preprocessing
[2026-03-03 09:56:39.051] [OPT_SERVER] [SUCCESS] [REQ-006] Data_Preprocessing 处理完毕，结果已固化至 Redis。
[2026-03-03 09:56:39.274] [OPT_SERVER] [INFO] [REQ-006] 接收请求。TaskID: ML-DATA-3, 任务类型: Data_Preprocessing
[2026-03-03 09:56:39.325] [OPT_SERVER] [SUCCESS] [REQ-006] Data_Preprocessing 处理完毕，结果已固化至 Redis。
[2026-03-03 09:56:45.377] [OPT_SERVER] [REPORT] [REQ-005] 收到异常上报。任务类型: Model_Training 任务ID: ML-MODE-25。
[2026-03-03 09:56:46.687] [OPT_SERVER] [INFO] 告警已推送到 Android 应用，MessageID: projects/alert-system-39236/messages/0:1772503006616498%ae65e631ae65e631
[2026-03-03 09:56:46.708] [OPT_SERVER] [INFO] [REQ-007] 接收请求。TaskID: ML-MODE-7, 任务类型: Model_Training
[2026-03-03 09:56:46.759] [OPT_SERVER] [SUCCESS] [REQ-007] Model_Training 处理完毕，结果已固化至 Redis。
[2026-03-03 09:56:47.328] [OPT_SERVER] [INFO] [REQ-008] 接收请求。TaskID: ML-MODE-21, 任务类型: Model_Inference
[2026-03-03 09:56:47.379] [OPT_SERVER] [SUCCESS] [REQ-008] Model_Inference 处理完毕，结果已固化至 Redis。
[2026-03-03 09:56:47.594] [OPT_SERVER] [INFO] [REQ-008] 接收请求。TaskID: ML-MODE-21, 任务类型: Model_Inference
[2026-03-03 09:56:47.645] [OPT_SERVER] [SUCCESS] [REQ-008] Model_Inference 处理完毕，结果已固化至 Redis。
[2026-03-03 09:56:48.177] [OPT_SERVER] [INFO] [REQ-009] 接收请求。TaskID: ML-MODE-20, 任务类型: Model_Training
[2026-03-03 09:56:48.228] [OPT_SERVER] [SUCCESS] [REQ-009] Model_Training 处理完毕，结果已固化至 Redis。
[2026-03-03 09:56:54.251] [OPT_SERVER] [INFO] [REQ-010] 接收请求。TaskID: ML-FEAT-10, 任务类型: Feature_Extraction
[2026-03-03 09:56:54.303] [OPT_SERVER] [SUCCESS] [REQ-010] Feature_Extraction 处理完毕，结果已固化至 Redis。
[2026-03-03 09:57:00.353] [OPT_SERVER] [REPORT] [REQ-009] 收到异常上报。任务类型: Model_Training 任务ID: ML-MODE-20。
[2026-03-03 09:57:00.489] [OPT_SERVER] [INFO] 告警已推送到 Android 应用，MessageID: projects/alert-system-39236/messages/0:1772503020427729%ae65e631ae65e631
[2026-03-03 09:57:00.512] [OPT_SERVER] [INFO] [REQ-011] 接收请求。TaskID: ML-MODE-4, 任务类型: Model_Inference
[2026-03-03 09:57:00.564] [OPT_SERVER] [SUCCESS] [REQ-011] Model_Inference 处理完毕，结果已固化至 Redis。
[2026-03-03 09:57:01.139] [OPT_SERVER] [INFO] [REQ-012] 接收请求。TaskID: ML-DATA-6, 任务类型: Data_Preprocessing
[2026-03-03 09:57:01.190] [OPT_SERVER] [SUCCESS] [REQ-012] Data_Preprocessing 处理完毕，结果已固化至 Redis。
[2026-03-03 09:57:01.718] [OPT_SERVER] [INFO] [REQ-013] 接收请求。TaskID: ML-MODE-10, 任务类型: Model_Inference
[2026-03-03 09:57:01.769] [OPT_SERVER] [SUCCESS] [REQ-013] Model_Inference 处理完毕，结果已固化至 Redis。
[2026-03-03 09:57:02.315] [OPT_SERVER] [INFO] [REQ-014] 接收请求。TaskID: ML-MODE-23, 任务类型: Model_Training
[2026-03-03 09:57:02.366] [OPT_SERVER] [SUCCESS] [REQ-014] Model_Training 处理完毕，结果已固化至 Redis。
[2026-03-03 09:57:02.912] [OPT_SERVER] [INFO] [REQ-015] 接收请求。TaskID: ML-DATA-16, 任务类型: Data_Preprocessing
[2026-03-03 09:57:02.963] [OPT_SERVER] [SUCCESS] [REQ-015] Data_Preprocessing 处理完毕，结果已固化至 Redis。
[2026-03-03 09:57:03.489] [OPT_SERVER] [INFO] [REQ-016] 接收请求。TaskID: ML-MODE-15, 任务类型: Model_Inference
[2026-03-03 09:57:03.540] [OPT_SERVER] [SUCCESS] [REQ-016] Model_Inference 处理完毕，结果已固化至 Redis。
[2026-03-03 09:57:04.072] [OPT_SERVER] [INFO] [REQ-017] 接收请求。TaskID: ML-MODE-19, 任务类型: Model_Training
[2026-03-03 09:57:04.123] [OPT_SERVER] [SUCCESS] [REQ-017] Model_Training 处理完毕，结果已固化至 Redis。
[2026-03-03 09:57:04.635] [OPT_SERVER] [INFO] [REQ-018] 接收请求。TaskID: ML-MODE-8, 任务类型: Model_Training
[2026-03-03 09:57:04.685] [OPT_SERVER] [SUCCESS] [REQ-018] Model_Training 处理完毕，结果已固化至 Redis。
[2026-03-03 09:57:05.198] [OPT_SERVER] [INFO] [REQ-019] 接收请求。TaskID: ML-MODE-30, 任务类型: Model_Training
[2026-03-03 09:57:05.249] [OPT_SERVER] [SUCCESS] [REQ-019] Model_Training 处理完毕，结果已固化至 Redis。
[2026-03-03 09:57:05.807] [OPT_SERVER] [INFO] [REQ-020] 接收请求。TaskID: ML-MODE-10, 任务类型: Model_Training
[2026-03-03 09:57:05.858] [OPT_SERVER] [SUCCESS] [REQ-020] Model_Training 处理完毕，结果已固化至 Redis。
[2026-03-03 09:57:06.066] [OPT_SERVER] [INFO] [REQ-020] 接收请求。TaskID: ML-MODE-10, 任务类型: Model_Training
[2026-03-03 09:57:06.118] [OPT_SERVER] [SUCCESS] [REQ-020] Model_Training 处理完毕，结果已固化至 Redis。
[2026-03-03 09:57:06.628] [OPT_SERVER] [INFO] [REQ-021] 接收请求。TaskID: ML-MODE-7, 任务类型: Model_Inference
[2026-03-03 09:57:06.679] [OPT_SERVER] [SUCCESS] [REQ-021] Model_Inference 处理完毕，结果已固化至 Redis。
[2026-03-03 09:57:12.711] [OPT_SERVER] [INFO] [REQ-022] 接收请求。TaskID: ML-MODE-8, 任务类型: Model_Inference
[2026-03-03 09:57:12.763] [OPT_SERVER] [SUCCESS] [REQ-022] Model_Inference 处理完毕，结果已固化至 Redis。
[2026-03-03 09:57:18.816] [OPT_SERVER] [REPORT] [REQ-021] 收到异常上报。任务类型: Model_Inference 任务ID: ML-MODE-7。
[2026-03-03 09:57:18.941] [OPT_SERVER] [INFO] 告警已推送到 Android 应用，MessageID: projects/alert-system-39236/messages/0:1772503038873289%ae65e631ae65e631
[2026-03-03 09:57:18.973] [OPT_SERVER] [INFO] [REQ-023] 接收请求。TaskID: ML-MODE-27, 任务类型: Model_Training
[2026-03-03 09:57:19.024] [OPT_SERVER] [SUCCESS] [REQ-023] Model_Training 处理完毕，结果已固化至 Redis。
[2026-03-03 09:57:19.248] [OPT_SERVER] [INFO] [REQ-023] 接收请求。TaskID: ML-MODE-27, 任务类型: Model_Training
[2026-03-03 09:57:19.299] [OPT_SERVER] [SUCCESS] [REQ-023] Model_Training 处理完毕，结果已固化至 Redis。
[2026-03-03 09:57:19.851] [OPT_SERVER] [INFO] [REQ-024] 接收请求。TaskID: ML-DATA-5, 任务类型: Data_Preprocessing
[2026-03-03 09:57:19.902] [OPT_SERVER] [SUCCESS] [REQ-024] Data_Preprocessing 处理完毕，结果已固化至 Redis。
[2026-03-03 09:57:20.436] [OPT_SERVER] [INFO] [REQ-025] 接收请求。TaskID: ML-MODE-10, 任务类型: Model_Training
[2026-03-03 09:57:20.488] [OPT_SERVER] [SUCCESS] [REQ-025] Model_Training 处理完毕，结果已固化至 Redis。
[2026-03-03 09:57:21.014] [OPT_SERVER] [INFO] [REQ-026] 接收请求。TaskID: ML-DATA-28, 任务类型: Data_Preprocessing
[2026-03-03 09:57:21.066] [OPT_SERVER] [SUCCESS] [REQ-026] Data_Preprocessing 处理完毕，结果已固化至 Redis。
[2026-03-03 09:57:21.594] [OPT_SERVER] [INFO] [REQ-027] 接收请求。TaskID: ML-MODE-9, 任务类型: Model_Training
[2026-03-03 09:57:21.645] [OPT_SERVER] [SUCCESS] [REQ-027] Model_Training 处理完毕，结果已固化至 Redis。
[2026-03-03 09:57:21.852] [OPT_SERVER] [INFO] [REQ-027] 接收请求。TaskID: ML-MODE-9, 任务类型: Model_Training
[2026-03-03 09:57:21.903] [OPT_SERVER] [SUCCESS] [REQ-027] Model_Training 处理完毕，结果已固化至 Redis。
[2026-03-03 09:57:27.916] [OPT_SERVER] [REPORT] [REQ-027] 收到异常上报。任务类型: Model_Training 任务ID: ML-MODE-9。
[2026-03-03 09:57:28.055] [OPT_SERVER] [INFO] 告警已推送到 Android 应用，MessageID: projects/alert-system-39236/messages/0:1772503047978866%ae65e631ae65e631
[2026-03-03 09:57:28.077] [OPT_SERVER] [INFO] [REQ-028] 接收请求。TaskID: ML-DATA-5, 任务类型: Data_Preprocessing
[2026-03-03 09:57:28.128] [OPT_SERVER] [SUCCESS] [REQ-028] Data_Preprocessing 处理完毕，结果已固化至 Redis。
[2026-03-03 09:57:28.999] [OPT_SERVER] [INFO] [REQ-029] 接收请求。TaskID: ML-MODE-16, 任务类型: Model_Inference
[2026-03-03 09:57:29.050] [OPT_SERVER] [SUCCESS] [REQ-029] Model_Inference 处理完毕，结果已固化至 Redis。
[2026-03-03 09:57:29.566] [OPT_SERVER] [INFO] [REQ-030] 接收请求。TaskID: ML-DATA-19, 任务类型: Data_Preprocessing
[2026-03-03 09:57:29.617] [OPT_SERVER] [SUCCESS] [REQ-030] Data_Preprocessing 处理完毕，结果已固化至 Redis。
[2026-03-03 09:57:29.823] [OPT_SERVER] [INFO] [REQ-030] 接收请求。TaskID: ML-DATA-19, 任务类型: Data_Preprocessing
[2026-03-03 09:57:29.874] [OPT_SERVER] [SUCCESS] [REQ-030] Data_Preprocessing 处理完毕，结果已固化至 Redis。
[2026-03-03 10:05:59.336] [OPT_SERVER] [INIT] Firebase Alert System 已挂载。
[2026-03-03 10:05:59.351] [OPT_SERVER] [START] 服务端启动，监听 127.0.0.1:8000 ...
[2026-03-03 10:06:15.790] [OPT_SERVER] [INIT] Firebase Alert System 已挂载。
[2026-03-03 10:06:15.811] [OPT_SERVER] [START] 服务端启动，监听 127.0.0.1:8000 ...
[2026-03-03 10:06:27.370] [OPT_SERVER] [INFO] Android 设备已成功注册，Token: d0rQWxjzSY...
[2026-03-03 10:06:40.036] [OPT_SERVER] [INFO] [REQ-001] 接收请求。TaskID: ML-MODE-12, 任务类型: Model_Inference
[2026-03-03 10:06:40.087] [OPT_SERVER] [SUCCESS] [REQ-001] Model_Inference 处理完毕，结果已固化至 Redis。
[2026-03-03 10:06:40.295] [OPT_SERVER] [INFO] [REQ-001] 接收请求。TaskID: ML-MODE-12, 任务类型: Model_Inference
[2026-03-03 10:06:40.346] [OPT_SERVER] [SUCCESS] [REQ-001] Model_Inference 处理完毕，结果已固化至 Redis。
[2026-03-03 10:06:46.422] [OPT_SERVER] [INFO] [REQ-002] 接收请求。TaskID: ML-DATA-9, 任务类型: Data_Preprocessing
[2026-03-03 10:06:46.473] [OPT_SERVER] [SUCCESS] [REQ-002] Data_Preprocessing 处理完毕，结果已固化至 Redis。
[2026-03-03 10:06:46.522] [OPT_SERVER] [REPORT] [REQ-001] 收到异常上报。任务类型: Model_Inference 任务ID: ML-MODE-12。
[2026-03-03 10:06:47.733] [OPT_SERVER] [INFO] 告警已推送到 Android 应用，MessageID: projects/alert-system-39236/messages/0:1772503607651205%ae65e631f9fd7ecd
[2026-03-03 10:06:47.760] [OPT_SERVER] [INFO] [REQ-003] 接收请求。TaskID: ML-MODE-3, 任务类型: Model_Training
[2026-03-03 10:06:47.811] [OPT_SERVER] [SUCCESS] [REQ-003] Model_Training 处理完毕，结果已固化至 Redis。
[2026-03-03 10:06:48.017] [OPT_SERVER] [INFO] [REQ-003] 接收请求。TaskID: ML-MODE-3, 任务类型: Model_Training
[2026-03-03 10:06:48.069] [OPT_SERVER] [SUCCESS] [REQ-003] Model_Training 处理完毕，结果已固化至 Redis。
[2026-03-03 10:06:48.595] [OPT_SERVER] [INFO] [REQ-004] 接收请求。TaskID: ML-MODE-15, 任务类型: Model_Inference
[2026-03-03 10:06:48.646] [OPT_SERVER] [SUCCESS] [REQ-004] Model_Inference 处理完毕，结果已固化至 Redis。
[2026-03-03 10:06:48.864] [OPT_SERVER] [INFO] [REQ-004] 接收请求。TaskID: ML-MODE-15, 任务类型: Model_Inference
[2026-03-03 10:06:48.915] [OPT_SERVER] [SUCCESS] [REQ-004] Model_Inference 处理完毕，结果已固化至 Redis。
[2026-03-03 10:06:54.926] [OPT_SERVER] [REPORT] [REQ-004] 收到异常上报。任务类型: Model_Inference 任务ID: ML-MODE-15。
[2026-03-03 10:06:55.072] [OPT_SERVER] [INFO] 告警已推送到 Android 应用，MessageID: projects/alert-system-39236/messages/0:1772503614979384%ae65e631f9fd7ecd
[2026-03-03 10:06:55.079] [OPT_SERVER] [INFO] [REQ-005] 接收请求。TaskID: ML-MODE-1, 任务类型: Model_Training
[2026-03-03 10:06:55.130] [OPT_SERVER] [SUCCESS] [REQ-005] Model_Training 处理完毕，结果已固化至 Redis。
[2026-03-03 10:06:55.689] [OPT_SERVER] [INFO] [REQ-006] 接收请求。TaskID: ML-MODE-3, 任务类型: Model_Inference
[2026-03-03 10:06:55.740] [OPT_SERVER] [SUCCESS] [REQ-006] Model_Inference 处理完毕，结果已固化至 Redis。
[2026-03-03 10:06:56.254] [OPT_SERVER] [INFO] [REQ-007] 接收请求。TaskID: ML-MODE-10, 任务类型: Model_Training
[2026-03-03 10:06:56.306] [OPT_SERVER] [SUCCESS] [REQ-007] Model_Training 处理完毕，结果已固化至 Redis。
[2026-03-03 10:06:56.819] [OPT_SERVER] [INFO] [REQ-008] 接收请求。TaskID: ML-DATA-8, 任务类型: Data_Preprocessing
[2026-03-03 10:06:56.870] [OPT_SERVER] [SUCCESS] [REQ-008] Data_Preprocessing 处理完毕，结果已固化至 Redis。
[2026-03-03 10:06:57.416] [OPT_SERVER] [INFO] [REQ-009] 接收请求。TaskID: ML-MODE-6, 任务类型: Model_Training
[2026-03-03 10:06:57.467] [OPT_SERVER] [SUCCESS] [REQ-009] Model_Training 处理完毕，结果已固化至 Redis。
[2026-03-03 10:06:58.006] [OPT_SERVER] [INFO] [REQ-010] 接收请求。TaskID: ML-MODE-11, 任务类型: Model_Training
[2026-03-03 10:06:58.057] [OPT_SERVER] [SUCCESS] [REQ-010] Model_Training 处理完毕，结果已固化至 Redis。
[2026-03-03 10:06:58.568] [OPT_SERVER] [INFO] [REQ-011] 接收请求。TaskID: ML-MODE-19, 任务类型: Model_Training
[2026-03-03 10:06:58.619] [OPT_SERVER] [SUCCESS] [REQ-011] Model_Training 处理完毕，结果已固化至 Redis。
[2026-03-03 10:06:59.139] [OPT_SERVER] [INFO] [REQ-012] 接收请求。TaskID: ML-DATA-15, 任务类型: Data_Preprocessing
[2026-03-03 10:06:59.190] [OPT_SERVER] [SUCCESS] [REQ-012] Data_Preprocessing 处理完毕，结果已固化至 Redis。
[2026-03-03 10:06:59.729] [OPT_SERVER] [INFO] [REQ-013] 接收请求。TaskID: ML-FEAT-19, 任务类型: Feature_Extraction
[2026-03-03 10:06:59.780] [OPT_SERVER] [SUCCESS] [REQ-013] Feature_Extraction 处理完毕，结果已固化至 Redis。
[2026-03-03 10:07:00.004] [OPT_SERVER] [INFO] [REQ-013] 接收请求。TaskID: ML-FEAT-19, 任务类型: Feature_Extraction
[2026-03-03 10:07:00.055] [OPT_SERVER] [SUCCESS] [REQ-013] Feature_Extraction 处理完毕，结果已固化至 Redis。
[2026-03-03 10:07:00.613] [OPT_SERVER] [INFO] [REQ-014] 接收请求。TaskID: ML-FEAT-17, 任务类型: Feature_Extraction
[2026-03-03 10:07:00.664] [OPT_SERVER] [SUCCESS] [REQ-014] Feature_Extraction 处理完毕，结果已固化至 Redis。
[2026-03-03 10:07:00.886] [OPT_SERVER] [INFO] [REQ-014] 接收请求。TaskID: ML-FEAT-17, 任务类型: Feature_Extraction
[2026-03-03 10:07:00.938] [OPT_SERVER] [SUCCESS] [REQ-014] Feature_Extraction 处理完毕，结果已固化至 Redis。
[2026-03-03 10:07:01.465] [OPT_SERVER] [INFO] [REQ-015] 接收请求。TaskID: ML-FEAT-25, 任务类型: Feature_Extraction
[2026-03-03 10:07:01.516] [OPT_SERVER] [SUCCESS] [REQ-015] Feature_Extraction 处理完毕，结果已固化至 Redis。
[2026-03-03 10:07:02.042] [OPT_SERVER] [INFO] [REQ-016] 接收请求。TaskID: ML-DATA-22, 任务类型: Data_Preprocessing
[2026-03-03 10:07:02.093] [OPT_SERVER] [SUCCESS] [REQ-016] Data_Preprocessing 处理完毕，结果已固化至 Redis。
[2026-03-03 10:07:08.103] [OPT_SERVER] [REPORT] [REQ-016] 收到异常上报。任务类型: Data_Preprocessing 任务ID: ML-DATA-22。
[2026-03-03 10:07:08.230] [OPT_SERVER] [INFO] 告警已推送到 Android 应用，MessageID: projects/alert-system-39236/messages/0:1772503628160670%ae65e631f9fd7ecd
[2026-03-03 10:07:08.233] [OPT_SERVER] [INFO] [REQ-017] 接收请求。TaskID: ML-MODE-30, 任务类型: Model_Training
[2026-03-03 10:07:08.284] [OPT_SERVER] [SUCCESS] [REQ-017] Model_Training 处理完毕，结果已固化至 Redis。
[2026-03-03 10:07:08.873] [OPT_SERVER] [INFO] [REQ-018] 接收请求。TaskID: ML-MODE-7, 任务类型: Model_Inference
[2026-03-03 10:07:08.924] [OPT_SERVER] [SUCCESS] [REQ-018] Model_Inference 处理完毕，结果已固化至 Redis。
[2026-03-03 10:07:14.934] [OPT_SERVER] [REPORT] [REQ-018] 收到异常上报。任务类型: Model_Inference 任务ID: ML-MODE-7。
[2026-03-03 10:07:15.063] [OPT_SERVER] [INFO] 告警已推送到 Android 应用，MessageID: projects/alert-system-39236/messages/0:1772503634989280%ae65e631f9fd7ecd
[2026-03-03 10:07:15.068] [OPT_SERVER] [INFO] [REQ-019] 接收请求。TaskID: ML-FEAT-16, 任务类型: Feature_Extraction
[2026-03-03 10:07:15.118] [OPT_SERVER] [SUCCESS] [REQ-019] Feature_Extraction 处理完毕，结果已固化至 Redis。
[2026-03-03 10:07:15.705] [OPT_SERVER] [INFO] [REQ-020] 接收请求。TaskID: ML-MODE-10, 任务类型: Model_Inference
[2026-03-03 10:07:15.756] [OPT_SERVER] [SUCCESS] [REQ-020] Model_Inference 处理完毕，结果已固化至 Redis。
[2026-03-03 10:07:16.286] [OPT_SERVER] [INFO] [REQ-021] 接收请求。TaskID: ML-FEAT-27, 任务类型: Feature_Extraction
[2026-03-03 10:07:16.337] [OPT_SERVER] [SUCCESS] [REQ-021] Feature_Extraction 处理完毕，结果已固化至 Redis。
[2026-03-03 10:07:16.873] [OPT_SERVER] [INFO] [REQ-022] 接收请求。TaskID: ML-FEAT-1, 任务类型: Feature_Extraction
[2026-03-03 10:07:16.925] [OPT_SERVER] [SUCCESS] [REQ-022] Feature_Extraction 处理完毕，结果已固化至 Redis。
[2026-03-03 10:07:22.934] [OPT_SERVER] [INFO] [REQ-023] 接收请求。TaskID: ML-DATA-26, 任务类型: Data_Preprocessing
[2026-03-03 10:07:22.986] [OPT_SERVER] [SUCCESS] [REQ-023] Data_Preprocessing 处理完毕，结果已固化至 Redis。
[2026-03-03 10:07:29.036] [OPT_SERVER] [REPORT] [REQ-022] 收到异常上报。任务类型: Feature_Extraction 任务ID: ML-FEAT-1。
[2026-03-03 10:07:29.166] [OPT_SERVER] [INFO] 告警已推送到 Android 应用，MessageID: projects/alert-system-39236/messages/0:1772503649093052%ae65e631f9fd7ecd
[2026-03-03 10:07:29.187] [OPT_SERVER] [INFO] [REQ-024] 接收请求。TaskID: ML-DATA-20, 任务类型: Data_Preprocessing
[2026-03-03 10:07:29.238] [OPT_SERVER] [SUCCESS] [REQ-024] Data_Preprocessing 处理完毕，结果已固化至 Redis。
[2026-03-03 10:07:35.287] [OPT_SERVER] [REPORT] [REQ-024] 收到异常上报。任务类型: Data_Preprocessing 任务ID: ML-DATA-20。
[2026-03-03 10:07:35.418] [OPT_SERVER] [INFO] 告警已推送到 Android 应用，MessageID: projects/alert-system-39236/messages/0:1772503655335965%ae65e631f9fd7ecd
[2026-03-03 10:07:35.435] [OPT_SERVER] [INFO] [REQ-025] 接收请求。TaskID: ML-FEAT-18, 任务类型: Feature_Extraction
[2026-03-03 10:07:35.486] [OPT_SERVER] [SUCCESS] [REQ-025] Feature_Extraction 处理完毕，结果已固化至 Redis。
[2026-03-03 10:07:36.058] [OPT_SERVER] [INFO] [REQ-026] 接收请求。TaskID: ML-DATA-15, 任务类型: Data_Preprocessing
[2026-03-03 10:07:36.110] [OPT_SERVER] [SUCCESS] [REQ-026] Data_Preprocessing 处理完毕，结果已固化至 Redis。
[2026-03-03 10:07:36.320] [OPT_SERVER] [INFO] [REQ-026] 接收请求。TaskID: ML-DATA-15, 任务类型: Data_Preprocessing
[2026-03-03 10:07:36.372] [OPT_SERVER] [SUCCESS] [REQ-026] Data_Preprocessing 处理完毕，结果已固化至 Redis。
[2026-03-03 10:07:42.387] [OPT_SERVER] [REPORT] [REQ-026] 收到异常上报。任务类型: Data_Preprocessing 任务ID: ML-DATA-15。
[2026-03-03 10:07:42.511] [OPT_SERVER] [INFO] 告警已推送到 Android 应用，MessageID: projects/alert-system-39236/messages/0:1772503662435955%ae65e631f9fd7ecd
[2026-03-03 10:07:42.516] [OPT_SERVER] [INFO] [REQ-027] 接收请求。TaskID: ML-MODE-25, 任务类型: Model_Training
[2026-03-03 10:07:42.567] [OPT_SERVER] [SUCCESS] [REQ-027] Model_Training 处理完毕，结果已固化至 Redis。
[2026-03-03 10:07:43.153] [OPT_SERVER] [INFO] [REQ-028] 接收请求。TaskID: ML-DATA-2, 任务类型: Data_Preprocessing
[2026-03-03 10:07:43.204] [OPT_SERVER] [SUCCESS] [REQ-028] Data_Preprocessing 处理完毕，结果已固化至 Redis。
[2026-03-03 10:07:49.215] [OPT_SERVER] [REPORT] [REQ-028] 收到异常上报。任务类型: Data_Preprocessing 任务ID: ML-DATA-2。
[2026-03-03 10:07:49.336] [OPT_SERVER] [INFO] 告警已推送到 Android 应用，MessageID: projects/alert-system-39236/messages/0:1772503669267235%ae65e631f9fd7ecd
[2026-03-03 10:07:49.341] [OPT_SERVER] [INFO] [REQ-029] 接收请求。TaskID: ML-MODE-11, 任务类型: Model_Inference
[2026-03-03 10:07:49.392] [OPT_SERVER] [SUCCESS] [REQ-029] Model_Inference 处理完毕，结果已固化至 Redis。
[2026-03-03 10:07:49.945] [OPT_SERVER] [INFO] [REQ-030] 接收请求。TaskID: ML-DATA-29, 任务类型: Data_Preprocessing
[2026-03-03 10:07:49.996] [OPT_SERVER] [SUCCESS] [REQ-030] Data_Preprocessing 处理完毕，结果已固化至 Redis。
[2026-03-03 10:07:50.219] [OPT_SERVER] [INFO] [REQ-030] 接收请求。TaskID: ML-DATA-29, 任务类型: Data_Preprocessing
[2026-03-03 10:07:50.270] [OPT_SERVER] [SUCCESS] [REQ-030] Data_Preprocessing 处理完毕，结果已固化至 Redis。
